{"/Users/adelimon/github/trackboss/src/api/api.ts": {"path":"/Users/adelimon/github/trackboss/src/api/api.ts","statementMap":{"0":{"start":{"line":30,"column":12},"end":{"line":30,"column":20}},"1":{"start":{"line":32,"column":0},"end":{"line":37,"column":3}},"2":{"start":{"line":33,"column":4},"end":{"line":33,"column":51}},"3":{"start":{"line":34,"column":4},"end":{"line":34,"column":52}},"4":{"start":{"line":35,"column":4},"end":{"line":35,"column":52}},"5":{"start":{"line":36,"column":4},"end":{"line":36,"column":11}},"6":{"start":{"line":38,"column":0},"end":{"line":38,"column":27}},"7":{"start":{"line":40,"column":0},"end":{"line":73,"column":3}},"8":{"start":{"line":41,"column":30},"end":{"line":41,"column":41}},"9":{"start":{"line":43,"column":24},"end":{"line":43,"column":50}},"10":{"start":{"line":44,"column":4},"end":{"line":71,"column":5}},"11":{"start":{"line":45,"column":8},"end":{"line":45,"column":24}},"12":{"start":{"line":46,"column":8},"end":{"line":46,"column":50}},"13":{"start":{"line":48,"column":8},"end":{"line":70,"column":9}},"14":{"start":{"line":49,"column":28},"end":{"line":49,"column":59}},"15":{"start":{"line":50,"column":25},"end":{"line":50,"column":52}},"16":{"start":{"line":51,"column":29},"end":{"line":51,"column":63}},"17":{"start":{"line":52,"column":12},"end":{"line":66,"column":13}},"18":{"start":{"line":54,"column":16},"end":{"line":54,"column":59}},"19":{"start":{"line":55,"column":16},"end":{"line":55,"column":119}},"20":{"start":{"line":56,"column":16},"end":{"line":56,"column":32}},"21":{"start":{"line":58,"column":16},"end":{"line":58,"column":80}},"22":{"start":{"line":59,"column":16},"end":{"line":65,"column":17}},"23":{"start":{"line":60,"column":20},"end":{"line":60,"column":36}},"24":{"start":{"line":61,"column":20},"end":{"line":61,"column":55}},"25":{"start":{"line":63,"column":20},"end":{"line":63,"column":36}},"26":{"start":{"line":64,"column":20},"end":{"line":64,"column":67}},"27":{"start":{"line":68,"column":12},"end":{"line":68,"column":28}},"28":{"start":{"line":69,"column":12},"end":{"line":69,"column":51}},"29":{"start":{"line":72,"column":4},"end":{"line":72,"column":23}},"30":{"start":{"line":75,"column":0},"end":{"line":75,"column":27}},"31":{"start":{"line":76,"column":0},"end":{"line":76,"column":35}},"32":{"start":{"line":77,"column":0},"end":{"line":77,"column":35}},"33":{"start":{"line":78,"column":0},"end":{"line":78,"column":23}},"34":{"start":{"line":79,"column":0},"end":{"line":79,"column":25}},"35":{"start":{"line":80,"column":0},"end":{"line":80,"column":33}},"36":{"start":{"line":81,"column":0},"end":{"line":81,"column":21}},"37":{"start":{"line":82,"column":0},"end":{"line":82,"column":29}},"38":{"start":{"line":83,"column":0},"end":{"line":83,"column":35}},"39":{"start":{"line":84,"column":0},"end":{"line":84,"column":31}},"40":{"start":{"line":85,"column":0},"end":{"line":85,"column":29}},"41":{"start":{"line":86,"column":0},"end":{"line":86,"column":37}},"42":{"start":{"line":87,"column":0},"end":{"line":87,"column":45}},"43":{"start":{"line":88,"column":0},"end":{"line":88,"column":27}},"44":{"start":{"line":89,"column":0},"end":{"line":89,"column":31}},"45":{"start":{"line":90,"column":0},"end":{"line":90,"column":57}},"46":{"start":{"line":91,"column":0},"end":{"line":91,"column":47}},"47":{"start":{"line":92,"column":0},"end":{"line":92,"column":53}},"48":{"start":{"line":93,"column":0},"end":{"line":93,"column":43}},"49":{"start":{"line":94,"column":0},"end":{"line":94,"column":23}},"50":{"start":{"line":95,"column":0},"end":{"line":95,"column":33}},"51":{"start":{"line":96,"column":0},"end":{"line":96,"column":44}},"52":{"start":{"line":97,"column":0},"end":{"line":97,"column":31}}},"fnMap":{"0":{"name":"(anonymous_0)","decl":{"start":{"line":32,"column":8},"end":{"line":32,"column":9}},"loc":{"start":{"line":32,"column":28},"end":{"line":37,"column":1}},"line":32},"1":{"name":"(anonymous_1)","decl":{"start":{"line":40,"column":15},"end":{"line":40,"column":16}},"loc":{"start":{"line":40,"column":54},"end":{"line":73,"column":1}},"line":40}},"branchMap":{"0":{"loc":{"start":{"line":44,"column":4},"end":{"line":71,"column":5}},"type":"if","locations":[{"start":{"line":44,"column":4},"end":{"line":71,"column":5}},{"start":{"line":47,"column":11},"end":{"line":71,"column":5}}],"line":44},"1":{"loc":{"start":{"line":59,"column":16},"end":{"line":65,"column":17}},"type":"if","locations":[{"start":{"line":59,"column":16},"end":{"line":65,"column":17}},{"start":{"line":62,"column":23},"end":{"line":65,"column":17}}],"line":59}},"s":{"0":1,"1":1,"2":5,"3":5,"4":5,"5":5,"6":1,"7":1,"8":5,"9":5,"10":5,"11":1,"12":1,"13":4,"14":4,"15":3,"16":3,"17":3,"18":3,"19":1,"20":1,"21":2,"22":2,"23":1,"24":1,"25":1,"26":1,"27":1,"28":1,"29":5,"30":1,"31":1,"32":1,"33":1,"34":1,"35":1,"36":1,"37":1,"38":1,"39":1,"40":1,"41":1,"42":1,"43":1,"44":1,"45":1,"46":1,"47":1,"48":1,"49":1,"50":1,"51":1,"52":1},"f":{"0":5,"1":5},"b":{"0":[1,4],"1":[1,1]},"_coverageSchema":"1a1c01bbd47fc00a2c39e90264f33305004495a9","hash":"920732b5c383ab331e2402c5561c3317fb0ebaac"}
,"/Users/adelimon/github/trackboss/src/api/auditLog.ts": {"path":"/Users/adelimon/github/trackboss/src/api/auditLog.ts","statementMap":{"0":{"start":{"line":7,"column":17},"end":{"line":7,"column":25}},"1":{"start":{"line":9,"column":0},"end":{"line":23,"column":3}},"2":{"start":{"line":10,"column":4},"end":{"line":22,"column":5}},"3":{"start":{"line":11,"column":8},"end":{"line":11,"column":44}},"4":{"start":{"line":12,"column":41},"end":{"line":12,"column":51}},"5":{"start":{"line":13,"column":21},"end":{"line":13,"column":83}},"6":{"start":{"line":14,"column":8},"end":{"line":14,"column":23}},"7":{"start":{"line":16,"column":8},"end":{"line":16,"column":68}},"8":{"start":{"line":17,"column":8},"end":{"line":21,"column":9}},"9":{"start":{"line":18,"column":12},"end":{"line":18,"column":63}},"10":{"start":{"line":20,"column":12},"end":{"line":20,"column":70}},"11":{"start":{"line":25,"column":0},"end":{"line":38,"column":3}},"12":{"start":{"line":26,"column":4},"end":{"line":37,"column":5}},"13":{"start":{"line":27,"column":8},"end":{"line":27,"column":44}},"14":{"start":{"line":28,"column":21},"end":{"line":28,"column":65}},"15":{"start":{"line":29,"column":8},"end":{"line":29,"column":23}},"16":{"start":{"line":31,"column":8},"end":{"line":31,"column":68}},"17":{"start":{"line":32,"column":8},"end":{"line":36,"column":9}},"18":{"start":{"line":33,"column":12},"end":{"line":33,"column":63}},"19":{"start":{"line":35,"column":12},"end":{"line":35,"column":70}}},"fnMap":{"0":{"name":"(anonymous_0)","decl":{"start":{"line":9,"column":39},"end":{"line":9,"column":40}},"loc":{"start":{"line":9,"column":78},"end":{"line":23,"column":1}},"line":9},"1":{"name":"(anonymous_1)","decl":{"start":{"line":25,"column":18},"end":{"line":25,"column":19}},"loc":{"start":{"line":25,"column":57},"end":{"line":38,"column":1}},"line":25}},"branchMap":{"0":{"loc":{"start":{"line":17,"column":8},"end":{"line":21,"column":9}},"type":"if","locations":[{"start":{"line":17,"column":8},"end":{"line":21,"column":9}},{"start":{"line":19,"column":15},"end":{"line":21,"column":9}}],"line":17},"1":{"loc":{"start":{"line":32,"column":8},"end":{"line":36,"column":9}},"type":"if","locations":[{"start":{"line":32,"column":8},"end":{"line":36,"column":9}},{"start":{"line":34,"column":15},"end":{"line":36,"column":9}}],"line":32}},"s":{"0":1,"1":1,"2":3,"3":3,"4":2,"5":2,"6":1,"7":2,"8":2,"9":1,"10":1,"11":1,"12":3,"13":3,"14":2,"15":1,"16":2,"17":2,"18":1,"19":1},"f":{"0":3,"1":3},"b":{"0":[1,1],"1":[1,1]},"_coverageSchema":"1a1c01bbd47fc00a2c39e90264f33305004495a9","hash":"83ce73e8d2b5e4317dcf3d0348cccb82db60df30"}
,"/Users/adelimon/github/trackboss/src/api/bike.ts": {"path":"/Users/adelimon/github/trackboss/src/api/bike.ts","statementMap":{"0":{"start":{"line":15,"column":13},"end":{"line":15,"column":21}},"1":{"start":{"line":17,"column":0},"end":{"line":52,"column":3}},"2":{"start":{"line":18,"column":30},"end":{"line":18,"column":41}},"3":{"start":{"line":20,"column":24},"end":{"line":20,"column":50}},"4":{"start":{"line":21,"column":4},"end":{"line":50,"column":5}},"5":{"start":{"line":22,"column":8},"end":{"line":22,"column":24}},"6":{"start":{"line":23,"column":8},"end":{"line":23,"column":50}},"7":{"start":{"line":25,"column":8},"end":{"line":49,"column":9}},"8":{"start":{"line":26,"column":26},"end":{"line":26,"column":77}},"9":{"start":{"line":27,"column":29},"end":{"line":27,"column":61}},"10":{"start":{"line":28,"column":32},"end":{"line":28,"column":40}},"11":{"start":{"line":29,"column":12},"end":{"line":29,"column":44}},"12":{"start":{"line":30,"column":29},"end":{"line":30,"column":55}},"13":{"start":{"line":31,"column":12},"end":{"line":31,"column":57}},"14":{"start":{"line":32,"column":12},"end":{"line":32,"column":76}},"15":{"start":{"line":33,"column":12},"end":{"line":33,"column":28}},"16":{"start":{"line":35,"column":12},"end":{"line":35,"column":65}},"17":{"start":{"line":36,"column":12},"end":{"line":48,"column":13}},"18":{"start":{"line":37,"column":16},"end":{"line":37,"column":32}},"19":{"start":{"line":38,"column":16},"end":{"line":38,"column":53}},"20":{"start":{"line":39,"column":19},"end":{"line":48,"column":13}},"21":{"start":{"line":40,"column":16},"end":{"line":40,"column":32}},"22":{"start":{"line":41,"column":16},"end":{"line":41,"column":56}},"23":{"start":{"line":42,"column":19},"end":{"line":48,"column":13}},"24":{"start":{"line":43,"column":16},"end":{"line":43,"column":32}},"25":{"start":{"line":44,"column":16},"end":{"line":44,"column":51}},"26":{"start":{"line":46,"column":16},"end":{"line":46,"column":32}},"27":{"start":{"line":47,"column":16},"end":{"line":47,"column":63}},"28":{"start":{"line":51,"column":4},"end":{"line":51,"column":23}},"29":{"start":{"line":54,"column":0},"end":{"line":84,"column":3}},"30":{"start":{"line":55,"column":30},"end":{"line":55,"column":41}},"31":{"start":{"line":57,"column":24},"end":{"line":57,"column":50}},"32":{"start":{"line":58,"column":4},"end":{"line":82,"column":5}},"33":{"start":{"line":59,"column":8},"end":{"line":59,"column":24}},"34":{"start":{"line":60,"column":8},"end":{"line":60,"column":50}},"35":{"start":{"line":62,"column":8},"end":{"line":81,"column":9}},"36":{"start":{"line":63,"column":12},"end":{"line":63,"column":44}},"37":{"start":{"line":64,"column":23},"end":{"line":64,"column":45}},"38":{"start":{"line":65,"column":37},"end":{"line":65,"column":47}},"39":{"start":{"line":66,"column":37},"end":{"line":66,"column":91}},"40":{"start":{"line":67,"column":12},"end":{"line":67,"column":28}},"41":{"start":{"line":68,"column":12},"end":{"line":68,"column":32}},"42":{"start":{"line":70,"column":12},"end":{"line":70,"column":65}},"43":{"start":{"line":71,"column":12},"end":{"line":80,"column":13}},"44":{"start":{"line":72,"column":16},"end":{"line":72,"column":32}},"45":{"start":{"line":73,"column":16},"end":{"line":73,"column":53}},"46":{"start":{"line":74,"column":19},"end":{"line":80,"column":13}},"47":{"start":{"line":75,"column":16},"end":{"line":75,"column":32}},"48":{"start":{"line":76,"column":16},"end":{"line":76,"column":56}},"49":{"start":{"line":78,"column":16},"end":{"line":78,"column":32}},"50":{"start":{"line":79,"column":16},"end":{"line":79,"column":63}},"51":{"start":{"line":83,"column":4},"end":{"line":83,"column":23}},"52":{"start":{"line":86,"column":0},"end":{"line":115,"column":3}},"53":{"start":{"line":87,"column":30},"end":{"line":87,"column":41}},"54":{"start":{"line":89,"column":24},"end":{"line":89,"column":50}},"55":{"start":{"line":90,"column":4},"end":{"line":113,"column":5}},"56":{"start":{"line":91,"column":8},"end":{"line":91,"column":24}},"57":{"start":{"line":92,"column":8},"end":{"line":92,"column":50}},"58":{"start":{"line":94,"column":8},"end":{"line":112,"column":9}},"59":{"start":{"line":95,"column":26},"end":{"line":95,"column":57}},"60":{"start":{"line":96,"column":29},"end":{"line":96,"column":61}},"61":{"start":{"line":97,"column":31},"end":{"line":97,"column":41}},"62":{"start":{"line":98,"column":12},"end":{"line":98,"column":63}},"63":{"start":{"line":99,"column":12},"end":{"line":99,"column":28}},"64":{"start":{"line":101,"column":12},"end":{"line":101,"column":65}},"65":{"start":{"line":102,"column":12},"end":{"line":111,"column":13}},"66":{"start":{"line":103,"column":16},"end":{"line":103,"column":32}},"67":{"start":{"line":104,"column":16},"end":{"line":104,"column":51}},"68":{"start":{"line":105,"column":19},"end":{"line":111,"column":13}},"69":{"start":{"line":106,"column":16},"end":{"line":106,"column":32}},"70":{"start":{"line":107,"column":16},"end":{"line":107,"column":56}},"71":{"start":{"line":109,"column":16},"end":{"line":109,"column":32}},"72":{"start":{"line":110,"column":16},"end":{"line":110,"column":63}},"73":{"start":{"line":114,"column":4},"end":{"line":114,"column":23}},"74":{"start":{"line":117,"column":0},"end":{"line":161,"column":3}},"75":{"start":{"line":118,"column":30},"end":{"line":118,"column":41}},"76":{"start":{"line":120,"column":24},"end":{"line":120,"column":50}},"77":{"start":{"line":121,"column":4},"end":{"line":159,"column":5}},"78":{"start":{"line":122,"column":8},"end":{"line":122,"column":24}},"79":{"start":{"line":123,"column":8},"end":{"line":123,"column":50}},"80":{"start":{"line":125,"column":8},"end":{"line":158,"column":9}},"81":{"start":{"line":126,"column":31},"end":{"line":126,"column":41}},"82":{"start":{"line":127,"column":30},"end":{"line":127,"column":44}},"83":{"start":{"line":128,"column":12},"end":{"line":130,"column":13}},"84":{"start":{"line":129,"column":16},"end":{"line":129,"column":45}},"85":{"start":{"line":131,"column":26},"end":{"line":131,"column":77}},"86":{"start":{"line":132,"column":29},"end":{"line":132,"column":61}},"87":{"start":{"line":133,"column":32},"end":{"line":133,"column":40}},"88":{"start":{"line":134,"column":12},"end":{"line":134,"column":44}},"89":{"start":{"line":135,"column":27},"end":{"line":135,"column":61}},"90":{"start":{"line":136,"column":12},"end":{"line":136,"column":52}},"91":{"start":{"line":137,"column":12},"end":{"line":137,"column":58}},"92":{"start":{"line":138,"column":12},"end":{"line":138,"column":79}},"93":{"start":{"line":139,"column":12},"end":{"line":139,"column":28}},"94":{"start":{"line":141,"column":12},"end":{"line":141,"column":65}},"95":{"start":{"line":142,"column":12},"end":{"line":157,"column":13}},"96":{"start":{"line":143,"column":16},"end":{"line":143,"column":32}},"97":{"start":{"line":144,"column":16},"end":{"line":144,"column":53}},"98":{"start":{"line":145,"column":19},"end":{"line":157,"column":13}},"99":{"start":{"line":146,"column":16},"end":{"line":146,"column":32}},"100":{"start":{"line":147,"column":16},"end":{"line":147,"column":51}},"101":{"start":{"line":148,"column":19},"end":{"line":157,"column":13}},"102":{"start":{"line":149,"column":16},"end":{"line":149,"column":32}},"103":{"start":{"line":150,"column":16},"end":{"line":150,"column":56}},"104":{"start":{"line":151,"column":19},"end":{"line":157,"column":13}},"105":{"start":{"line":152,"column":16},"end":{"line":152,"column":32}},"106":{"start":{"line":153,"column":16},"end":{"line":153,"column":51}},"107":{"start":{"line":155,"column":16},"end":{"line":155,"column":32}},"108":{"start":{"line":156,"column":16},"end":{"line":156,"column":63}},"109":{"start":{"line":160,"column":4},"end":{"line":160,"column":23}},"110":{"start":{"line":163,"column":0},"end":{"line":202,"column":3}},"111":{"start":{"line":164,"column":30},"end":{"line":164,"column":41}},"112":{"start":{"line":166,"column":24},"end":{"line":166,"column":50}},"113":{"start":{"line":167,"column":4},"end":{"line":200,"column":5}},"114":{"start":{"line":168,"column":8},"end":{"line":168,"column":24}},"115":{"start":{"line":169,"column":8},"end":{"line":169,"column":50}},"116":{"start":{"line":171,"column":8},"end":{"line":199,"column":9}},"117":{"start":{"line":172,"column":31},"end":{"line":172,"column":41}},"118":{"start":{"line":173,"column":30},"end":{"line":173,"column":44}},"119":{"start":{"line":174,"column":12},"end":{"line":176,"column":13}},"120":{"start":{"line":175,"column":16},"end":{"line":175,"column":45}},"121":{"start":{"line":177,"column":26},"end":{"line":177,"column":77}},"122":{"start":{"line":178,"column":29},"end":{"line":178,"column":61}},"123":{"start":{"line":179,"column":27},"end":{"line":179,"column":61}},"124":{"start":{"line":180,"column":12},"end":{"line":180,"column":50}},"125":{"start":{"line":181,"column":12},"end":{"line":181,"column":75}},"126":{"start":{"line":182,"column":12},"end":{"line":182,"column":45}},"127":{"start":{"line":183,"column":12},"end":{"line":183,"column":28}},"128":{"start":{"line":185,"column":12},"end":{"line":185,"column":65}},"129":{"start":{"line":186,"column":12},"end":{"line":198,"column":13}},"130":{"start":{"line":187,"column":16},"end":{"line":187,"column":32}},"131":{"start":{"line":188,"column":16},"end":{"line":188,"column":51}},"132":{"start":{"line":189,"column":19},"end":{"line":198,"column":13}},"133":{"start":{"line":190,"column":16},"end":{"line":190,"column":32}},"134":{"start":{"line":191,"column":16},"end":{"line":191,"column":56}},"135":{"start":{"line":192,"column":19},"end":{"line":198,"column":13}},"136":{"start":{"line":193,"column":16},"end":{"line":193,"column":32}},"137":{"start":{"line":194,"column":16},"end":{"line":194,"column":51}},"138":{"start":{"line":196,"column":16},"end":{"line":196,"column":32}},"139":{"start":{"line":197,"column":16},"end":{"line":197,"column":63}},"140":{"start":{"line":201,"column":4},"end":{"line":201,"column":23}}},"fnMap":{"0":{"name":"(anonymous_0)","decl":{"start":{"line":17,"column":18},"end":{"line":17,"column":19}},"loc":{"start":{"line":17,"column":57},"end":{"line":52,"column":1}},"line":17},"1":{"name":"(anonymous_1)","decl":{"start":{"line":54,"column":18},"end":{"line":54,"column":19}},"loc":{"start":{"line":54,"column":57},"end":{"line":84,"column":1}},"line":54},"2":{"name":"(anonymous_2)","decl":{"start":{"line":86,"column":21},"end":{"line":86,"column":22}},"loc":{"start":{"line":86,"column":60},"end":{"line":115,"column":1}},"line":86},"3":{"name":"(anonymous_3)","decl":{"start":{"line":117,"column":23},"end":{"line":117,"column":24}},"loc":{"start":{"line":117,"column":62},"end":{"line":161,"column":1}},"line":117},"4":{"name":"(anonymous_4)","decl":{"start":{"line":163,"column":24},"end":{"line":163,"column":25}},"loc":{"start":{"line":163,"column":63},"end":{"line":202,"column":1}},"line":163}},"branchMap":{"0":{"loc":{"start":{"line":21,"column":4},"end":{"line":50,"column":5}},"type":"if","locations":[{"start":{"line":21,"column":4},"end":{"line":50,"column":5}},{"start":{"line":24,"column":11},"end":{"line":50,"column":5}}],"line":21},"1":{"loc":{"start":{"line":36,"column":12},"end":{"line":48,"column":13}},"type":"if","locations":[{"start":{"line":36,"column":12},"end":{"line":48,"column":13}},{"start":{"line":39,"column":19},"end":{"line":48,"column":13}}],"line":36},"2":{"loc":{"start":{"line":39,"column":19},"end":{"line":48,"column":13}},"type":"if","locations":[{"start":{"line":39,"column":19},"end":{"line":48,"column":13}},{"start":{"line":42,"column":19},"end":{"line":48,"column":13}}],"line":39},"3":{"loc":{"start":{"line":42,"column":19},"end":{"line":48,"column":13}},"type":"if","locations":[{"start":{"line":42,"column":19},"end":{"line":48,"column":13}},{"start":{"line":45,"column":19},"end":{"line":48,"column":13}}],"line":42},"4":{"loc":{"start":{"line":58,"column":4},"end":{"line":82,"column":5}},"type":"if","locations":[{"start":{"line":58,"column":4},"end":{"line":82,"column":5}},{"start":{"line":61,"column":11},"end":{"line":82,"column":5}}],"line":58},"5":{"loc":{"start":{"line":71,"column":12},"end":{"line":80,"column":13}},"type":"if","locations":[{"start":{"line":71,"column":12},"end":{"line":80,"column":13}},{"start":{"line":74,"column":19},"end":{"line":80,"column":13}}],"line":71},"6":{"loc":{"start":{"line":74,"column":19},"end":{"line":80,"column":13}},"type":"if","locations":[{"start":{"line":74,"column":19},"end":{"line":80,"column":13}},{"start":{"line":77,"column":19},"end":{"line":80,"column":13}}],"line":74},"7":{"loc":{"start":{"line":90,"column":4},"end":{"line":113,"column":5}},"type":"if","locations":[{"start":{"line":90,"column":4},"end":{"line":113,"column":5}},{"start":{"line":93,"column":11},"end":{"line":113,"column":5}}],"line":90},"8":{"loc":{"start":{"line":102,"column":12},"end":{"line":111,"column":13}},"type":"if","locations":[{"start":{"line":102,"column":12},"end":{"line":111,"column":13}},{"start":{"line":105,"column":19},"end":{"line":111,"column":13}}],"line":102},"9":{"loc":{"start":{"line":105,"column":19},"end":{"line":111,"column":13}},"type":"if","locations":[{"start":{"line":105,"column":19},"end":{"line":111,"column":13}},{"start":{"line":108,"column":19},"end":{"line":111,"column":13}}],"line":105},"10":{"loc":{"start":{"line":121,"column":4},"end":{"line":159,"column":5}},"type":"if","locations":[{"start":{"line":121,"column":4},"end":{"line":159,"column":5}},{"start":{"line":124,"column":11},"end":{"line":159,"column":5}}],"line":121},"11":{"loc":{"start":{"line":128,"column":12},"end":{"line":130,"column":13}},"type":"if","locations":[{"start":{"line":128,"column":12},"end":{"line":130,"column":13}},{"start":{},"end":{}}],"line":128},"12":{"loc":{"start":{"line":142,"column":12},"end":{"line":157,"column":13}},"type":"if","locations":[{"start":{"line":142,"column":12},"end":{"line":157,"column":13}},{"start":{"line":145,"column":19},"end":{"line":157,"column":13}}],"line":142},"13":{"loc":{"start":{"line":145,"column":19},"end":{"line":157,"column":13}},"type":"if","locations":[{"start":{"line":145,"column":19},"end":{"line":157,"column":13}},{"start":{"line":148,"column":19},"end":{"line":157,"column":13}}],"line":145},"14":{"loc":{"start":{"line":148,"column":19},"end":{"line":157,"column":13}},"type":"if","locations":[{"start":{"line":148,"column":19},"end":{"line":157,"column":13}},{"start":{"line":151,"column":19},"end":{"line":157,"column":13}}],"line":148},"15":{"loc":{"start":{"line":151,"column":19},"end":{"line":157,"column":13}},"type":"if","locations":[{"start":{"line":151,"column":19},"end":{"line":157,"column":13}},{"start":{"line":154,"column":19},"end":{"line":157,"column":13}}],"line":151},"16":{"loc":{"start":{"line":167,"column":4},"end":{"line":200,"column":5}},"type":"if","locations":[{"start":{"line":167,"column":4},"end":{"line":200,"column":5}},{"start":{"line":170,"column":11},"end":{"line":200,"column":5}}],"line":167},"17":{"loc":{"start":{"line":174,"column":12},"end":{"line":176,"column":13}},"type":"if","locations":[{"start":{"line":174,"column":12},"end":{"line":176,"column":13}},{"start":{},"end":{}}],"line":174},"18":{"loc":{"start":{"line":186,"column":12},"end":{"line":198,"column":13}},"type":"if","locations":[{"start":{"line":186,"column":12},"end":{"line":198,"column":13}},{"start":{"line":189,"column":19},"end":{"line":198,"column":13}}],"line":186},"19":{"loc":{"start":{"line":189,"column":19},"end":{"line":198,"column":13}},"type":"if","locations":[{"start":{"line":189,"column":19},"end":{"line":198,"column":13}},{"start":{"line":192,"column":19},"end":{"line":198,"column":13}}],"line":189},"20":{"loc":{"start":{"line":192,"column":19},"end":{"line":198,"column":13}},"type":"if","locations":[{"start":{"line":192,"column":19},"end":{"line":198,"column":13}},{"start":{"line":195,"column":19},"end":{"line":198,"column":13}}],"line":192}},"s":{"0":1,"1":1,"2":6,"3":6,"4":6,"5":1,"6":1,"7":5,"8":5,"9":3,"10":3,"11":3,"12":3,"13":1,"14":1,"15":1,"16":4,"17":4,"18":1,"19":1,"20":3,"21":1,"22":1,"23":2,"24":1,"25":1,"26":1,"27":1,"28":6,"29":1,"30":5,"31":5,"32":5,"33":1,"34":1,"35":4,"36":4,"37":2,"38":2,"39":2,"40":1,"41":1,"42":3,"43":3,"44":1,"45":1,"46":2,"47":1,"48":1,"49":1,"50":1,"51":5,"52":1,"53":5,"54":5,"55":5,"56":1,"57":1,"58":4,"59":4,"60":3,"61":3,"62":3,"63":1,"64":3,"65":3,"66":1,"67":1,"68":2,"69":1,"70":1,"71":1,"72":1,"73":5,"74":1,"75":8,"76":8,"77":8,"78":1,"79":1,"80":7,"81":7,"82":7,"83":7,"84":1,"85":6,"86":6,"87":6,"88":6,"89":6,"90":6,"91":1,"92":1,"93":1,"94":6,"95":6,"96":1,"97":1,"98":5,"99":2,"100":2,"101":3,"102":1,"103":1,"104":2,"105":1,"106":1,"107":1,"108":1,"109":8,"110":1,"111":7,"112":7,"113":7,"114":1,"115":1,"116":6,"117":6,"118":6,"119":6,"120":1,"121":5,"122":5,"123":5,"124":5,"125":1,"126":1,"127":1,"128":5,"129":5,"130":2,"131":2,"132":3,"133":1,"134":1,"135":2,"136":1,"137":1,"138":1,"139":1,"140":7},"f":{"0":6,"1":5,"2":5,"3":8,"4":7},"b":{"0":[1,5],"1":[1,3],"2":[1,2],"3":[1,1],"4":[1,4],"5":[1,2],"6":[1,1],"7":[1,4],"8":[1,2],"9":[1,1],"10":[1,7],"11":[1,6],"12":[1,5],"13":[2,3],"14":[1,2],"15":[1,1],"16":[1,6],"17":[1,5],"18":[2,3],"19":[1,2],"20":[1,1]},"_coverageSchema":"1a1c01bbd47fc00a2c39e90264f33305004495a9","hash":"ce16fd8f7e38e2e8d63fa93e24d3622db5847283"}
,"/Users/adelimon/github/trackboss/src/api/billing.ts": {"path":"/Users/adelimon/github/trackboss/src/api/billing.ts","statementMap":{"0":{"start":{"line":36,"column":16},"end":{"line":36,"column":24}},"1":{"start":{"line":38,"column":0},"end":{"line":64,"column":3}},"2":{"start":{"line":39,"column":30},"end":{"line":39,"column":41}},"3":{"start":{"line":41,"column":24},"end":{"line":41,"column":50}},"4":{"start":{"line":42,"column":4},"end":{"line":62,"column":5}},"5":{"start":{"line":43,"column":8},"end":{"line":43,"column":24}},"6":{"start":{"line":44,"column":8},"end":{"line":44,"column":50}},"7":{"start":{"line":46,"column":8},"end":{"line":61,"column":9}},"8":{"start":{"line":47,"column":12},"end":{"line":47,"column":44}},"9":{"start":{"line":49,"column":25},"end":{"line":49,"column":75}},"10":{"start":{"line":50,"column":12},"end":{"line":50,"column":76}},"11":{"start":{"line":51,"column":12},"end":{"line":51,"column":28}},"12":{"start":{"line":53,"column":12},"end":{"line":53,"column":67}},"13":{"start":{"line":54,"column":12},"end":{"line":60,"column":13}},"14":{"start":{"line":55,"column":16},"end":{"line":55,"column":32}},"15":{"start":{"line":56,"column":16},"end":{"line":56,"column":56}},"16":{"start":{"line":58,"column":16},"end":{"line":58,"column":32}},"17":{"start":{"line":59,"column":16},"end":{"line":59,"column":63}},"18":{"start":{"line":63,"column":4},"end":{"line":63,"column":23}},"19":{"start":{"line":66,"column":0},"end":{"line":104,"column":3}},"20":{"start":{"line":67,"column":30},"end":{"line":67,"column":41}},"21":{"start":{"line":69,"column":24},"end":{"line":69,"column":50}},"22":{"start":{"line":70,"column":4},"end":{"line":102,"column":5}},"23":{"start":{"line":71,"column":8},"end":{"line":71,"column":24}},"24":{"start":{"line":72,"column":8},"end":{"line":72,"column":50}},"25":{"start":{"line":74,"column":8},"end":{"line":101,"column":9}},"26":{"start":{"line":75,"column":12},"end":{"line":75,"column":59}},"27":{"start":{"line":76,"column":44},"end":{"line":76,"column":53}},"28":{"start":{"line":77,"column":30},"end":{"line":77,"column":42}},"29":{"start":{"line":78,"column":12},"end":{"line":81,"column":13}},"30":{"start":{"line":79,"column":16},"end":{"line":79,"column":53}},"31":{"start":{"line":80,"column":16},"end":{"line":80,"column":104}},"32":{"start":{"line":82,"column":40},"end":{"line":86,"column":33}},"33":{"start":{"line":87,"column":12},"end":{"line":87,"column":28}},"34":{"start":{"line":88,"column":12},"end":{"line":88,"column":35}},"35":{"start":{"line":90,"column":12},"end":{"line":90,"column":67}},"36":{"start":{"line":91,"column":12},"end":{"line":100,"column":13}},"37":{"start":{"line":92,"column":16},"end":{"line":92,"column":32}},"38":{"start":{"line":93,"column":16},"end":{"line":93,"column":56}},"39":{"start":{"line":94,"column":19},"end":{"line":100,"column":13}},"40":{"start":{"line":95,"column":16},"end":{"line":95,"column":32}},"41":{"start":{"line":96,"column":16},"end":{"line":96,"column":51}},"42":{"start":{"line":98,"column":16},"end":{"line":98,"column":32}},"43":{"start":{"line":99,"column":16},"end":{"line":99,"column":63}},"44":{"start":{"line":103,"column":4},"end":{"line":103,"column":23}},"45":{"start":{"line":106,"column":0},"end":{"line":142,"column":3}},"46":{"start":{"line":107,"column":30},"end":{"line":107,"column":41}},"47":{"start":{"line":109,"column":24},"end":{"line":109,"column":50}},"48":{"start":{"line":110,"column":4},"end":{"line":140,"column":5}},"49":{"start":{"line":111,"column":8},"end":{"line":111,"column":24}},"50":{"start":{"line":112,"column":8},"end":{"line":112,"column":50}},"51":{"start":{"line":114,"column":8},"end":{"line":139,"column":9}},"52":{"start":{"line":115,"column":12},"end":{"line":115,"column":54}},"53":{"start":{"line":116,"column":33},"end":{"line":116,"column":64}},"54":{"start":{"line":117,"column":12},"end":{"line":119,"column":13}},"55":{"start":{"line":118,"column":16},"end":{"line":118,"column":45}},"56":{"start":{"line":121,"column":28},"end":{"line":121,"column":110}},"57":{"start":{"line":122,"column":12},"end":{"line":122,"column":31}},"58":{"start":{"line":123,"column":12},"end":{"line":123,"column":28}},"59":{"start":{"line":125,"column":12},"end":{"line":125,"column":67}},"60":{"start":{"line":126,"column":12},"end":{"line":138,"column":13}},"61":{"start":{"line":127,"column":16},"end":{"line":127,"column":32}},"62":{"start":{"line":128,"column":16},"end":{"line":128,"column":56}},"63":{"start":{"line":129,"column":19},"end":{"line":138,"column":13}},"64":{"start":{"line":130,"column":16},"end":{"line":130,"column":32}},"65":{"start":{"line":131,"column":16},"end":{"line":131,"column":51}},"66":{"start":{"line":132,"column":19},"end":{"line":138,"column":13}},"67":{"start":{"line":133,"column":16},"end":{"line":133,"column":32}},"68":{"start":{"line":134,"column":16},"end":{"line":134,"column":51}},"69":{"start":{"line":136,"column":16},"end":{"line":136,"column":32}},"70":{"start":{"line":137,"column":16},"end":{"line":137,"column":63}},"71":{"start":{"line":141,"column":4},"end":{"line":141,"column":23}},"72":{"start":{"line":144,"column":0},"end":{"line":184,"column":3}},"73":{"start":{"line":145,"column":30},"end":{"line":145,"column":41}},"74":{"start":{"line":147,"column":24},"end":{"line":147,"column":50}},"75":{"start":{"line":148,"column":4},"end":{"line":182,"column":5}},"76":{"start":{"line":149,"column":8},"end":{"line":149,"column":24}},"77":{"start":{"line":150,"column":8},"end":{"line":150,"column":50}},"78":{"start":{"line":152,"column":8},"end":{"line":181,"column":9}},"79":{"start":{"line":153,"column":12},"end":{"line":153,"column":64}},"80":{"start":{"line":154,"column":27},"end":{"line":154,"column":52}},"81":{"start":{"line":155,"column":38},"end":{"line":155,"column":47}},"82":{"start":{"line":156,"column":12},"end":{"line":158,"column":13}},"83":{"start":{"line":157,"column":16},"end":{"line":157,"column":45}},"84":{"start":{"line":159,"column":12},"end":{"line":159,"column":112}},"85":{"start":{"line":160,"column":27},"end":{"line":160,"column":67}},"86":{"start":{"line":161,"column":12},"end":{"line":161,"column":97}},"87":{"start":{"line":162,"column":26},"end":{"line":162,"column":66}},"88":{"start":{"line":163,"column":12},"end":{"line":163,"column":62}},"89":{"start":{"line":164,"column":12},"end":{"line":164,"column":26}},"90":{"start":{"line":165,"column":12},"end":{"line":165,"column":28}},"91":{"start":{"line":167,"column":12},"end":{"line":167,"column":67}},"92":{"start":{"line":168,"column":12},"end":{"line":180,"column":13}},"93":{"start":{"line":169,"column":16},"end":{"line":169,"column":32}},"94":{"start":{"line":170,"column":16},"end":{"line":170,"column":56}},"95":{"start":{"line":171,"column":19},"end":{"line":180,"column":13}},"96":{"start":{"line":172,"column":16},"end":{"line":172,"column":32}},"97":{"start":{"line":173,"column":16},"end":{"line":173,"column":51}},"98":{"start":{"line":174,"column":19},"end":{"line":180,"column":13}},"99":{"start":{"line":175,"column":16},"end":{"line":175,"column":32}},"100":{"start":{"line":176,"column":16},"end":{"line":176,"column":51}},"101":{"start":{"line":178,"column":16},"end":{"line":178,"column":32}},"102":{"start":{"line":179,"column":16},"end":{"line":179,"column":63}},"103":{"start":{"line":183,"column":4},"end":{"line":183,"column":23}},"104":{"start":{"line":186,"column":0},"end":{"line":213,"column":3}},"105":{"start":{"line":187,"column":30},"end":{"line":187,"column":41}},"106":{"start":{"line":189,"column":24},"end":{"line":189,"column":50}},"107":{"start":{"line":190,"column":4},"end":{"line":211,"column":5}},"108":{"start":{"line":191,"column":8},"end":{"line":191,"column":24}},"109":{"start":{"line":192,"column":8},"end":{"line":192,"column":50}},"110":{"start":{"line":194,"column":8},"end":{"line":210,"column":9}},"111":{"start":{"line":195,"column":12},"end":{"line":195,"column":53}},"112":{"start":{"line":196,"column":12},"end":{"line":196,"column":36}},"113":{"start":{"line":197,"column":12},"end":{"line":197,"column":28}},"114":{"start":{"line":199,"column":12},"end":{"line":199,"column":67}},"115":{"start":{"line":200,"column":12},"end":{"line":209,"column":13}},"116":{"start":{"line":201,"column":16},"end":{"line":201,"column":32}},"117":{"start":{"line":202,"column":16},"end":{"line":202,"column":56}},"118":{"start":{"line":203,"column":19},"end":{"line":209,"column":13}},"119":{"start":{"line":204,"column":16},"end":{"line":204,"column":32}},"120":{"start":{"line":205,"column":16},"end":{"line":205,"column":51}},"121":{"start":{"line":207,"column":16},"end":{"line":207,"column":32}},"122":{"start":{"line":208,"column":16},"end":{"line":208,"column":63}},"123":{"start":{"line":212,"column":4},"end":{"line":212,"column":76}},"124":{"start":{"line":215,"column":0},"end":{"line":269,"column":3}},"125":{"start":{"line":216,"column":30},"end":{"line":216,"column":41}},"126":{"start":{"line":218,"column":24},"end":{"line":218,"column":50}},"127":{"start":{"line":219,"column":4},"end":{"line":267,"column":5}},"128":{"start":{"line":220,"column":8},"end":{"line":220,"column":24}},"129":{"start":{"line":221,"column":8},"end":{"line":221,"column":50}},"130":{"start":{"line":223,"column":8},"end":{"line":266,"column":9}},"131":{"start":{"line":224,"column":12},"end":{"line":224,"column":64}},"132":{"start":{"line":225,"column":27},"end":{"line":225,"column":52}},"133":{"start":{"line":226,"column":12},"end":{"line":228,"column":13}},"134":{"start":{"line":227,"column":16},"end":{"line":227,"column":45}},"135":{"start":{"line":229,"column":33},"end":{"line":229,"column":73}},"136":{"start":{"line":230,"column":31},"end":{"line":230,"column":104}},"137":{"start":{"line":231,"column":12},"end":{"line":235,"column":13}},"138":{"start":{"line":233,"column":16},"end":{"line":233,"column":101}},"139":{"start":{"line":234,"column":16},"end":{"line":234,"column":74}},"140":{"start":{"line":236,"column":25},"end":{"line":236,"column":65}},"141":{"start":{"line":238,"column":12},"end":{"line":241,"column":13}},"142":{"start":{"line":239,"column":16},"end":{"line":239,"column":73}},"143":{"start":{"line":240,"column":16},"end":{"line":240,"column":93}},"144":{"start":{"line":244,"column":12},"end":{"line":247,"column":13}},"145":{"start":{"line":245,"column":16},"end":{"line":245,"column":74}},"146":{"start":{"line":246,"column":16},"end":{"line":246,"column":116}},"147":{"start":{"line":248,"column":12},"end":{"line":248,"column":26}},"148":{"start":{"line":249,"column":12},"end":{"line":249,"column":67}},"149":{"start":{"line":250,"column":12},"end":{"line":250,"column":28}},"150":{"start":{"line":252,"column":12},"end":{"line":252,"column":67}},"151":{"start":{"line":253,"column":12},"end":{"line":265,"column":13}},"152":{"start":{"line":254,"column":16},"end":{"line":254,"column":32}},"153":{"start":{"line":255,"column":16},"end":{"line":255,"column":56}},"154":{"start":{"line":256,"column":19},"end":{"line":265,"column":13}},"155":{"start":{"line":257,"column":16},"end":{"line":257,"column":32}},"156":{"start":{"line":258,"column":16},"end":{"line":258,"column":51}},"157":{"start":{"line":259,"column":19},"end":{"line":265,"column":13}},"158":{"start":{"line":260,"column":16},"end":{"line":260,"column":32}},"159":{"start":{"line":261,"column":16},"end":{"line":261,"column":51}},"160":{"start":{"line":263,"column":16},"end":{"line":263,"column":32}},"161":{"start":{"line":264,"column":16},"end":{"line":264,"column":63}},"162":{"start":{"line":268,"column":4},"end":{"line":268,"column":23}},"163":{"start":{"line":271,"column":0},"end":{"line":309,"column":3}},"164":{"start":{"line":272,"column":30},"end":{"line":272,"column":41}},"165":{"start":{"line":274,"column":24},"end":{"line":274,"column":50}},"166":{"start":{"line":275,"column":4},"end":{"line":307,"column":5}},"167":{"start":{"line":276,"column":8},"end":{"line":276,"column":24}},"168":{"start":{"line":277,"column":8},"end":{"line":277,"column":50}},"169":{"start":{"line":279,"column":8},"end":{"line":306,"column":9}},"170":{"start":{"line":280,"column":12},"end":{"line":280,"column":64}},"171":{"start":{"line":281,"column":27},"end":{"line":281,"column":52}},"172":{"start":{"line":282,"column":12},"end":{"line":284,"column":13}},"173":{"start":{"line":283,"column":16},"end":{"line":283,"column":45}},"174":{"start":{"line":285,"column":27},"end":{"line":285,"column":67}},"175":{"start":{"line":286,"column":12},"end":{"line":286,"column":70}},"176":{"start":{"line":287,"column":26},"end":{"line":287,"column":66}},"177":{"start":{"line":288,"column":12},"end":{"line":288,"column":26}},"178":{"start":{"line":289,"column":12},"end":{"line":289,"column":62}},"179":{"start":{"line":290,"column":12},"end":{"line":290,"column":28}},"180":{"start":{"line":292,"column":12},"end":{"line":292,"column":67}},"181":{"start":{"line":293,"column":12},"end":{"line":305,"column":13}},"182":{"start":{"line":294,"column":16},"end":{"line":294,"column":32}},"183":{"start":{"line":295,"column":16},"end":{"line":295,"column":56}},"184":{"start":{"line":296,"column":19},"end":{"line":305,"column":13}},"185":{"start":{"line":297,"column":16},"end":{"line":297,"column":32}},"186":{"start":{"line":298,"column":16},"end":{"line":298,"column":51}},"187":{"start":{"line":299,"column":19},"end":{"line":305,"column":13}},"188":{"start":{"line":300,"column":16},"end":{"line":300,"column":32}},"189":{"start":{"line":301,"column":16},"end":{"line":301,"column":51}},"190":{"start":{"line":303,"column":16},"end":{"line":303,"column":32}},"191":{"start":{"line":304,"column":16},"end":{"line":304,"column":63}},"192":{"start":{"line":308,"column":4},"end":{"line":308,"column":23}},"193":{"start":{"line":311,"column":0},"end":{"line":359,"column":3}},"194":{"start":{"line":312,"column":30},"end":{"line":312,"column":41}},"195":{"start":{"line":314,"column":24},"end":{"line":314,"column":50}},"196":{"start":{"line":315,"column":4},"end":{"line":357,"column":5}},"197":{"start":{"line":316,"column":8},"end":{"line":316,"column":24}},"198":{"start":{"line":317,"column":8},"end":{"line":317,"column":50}},"199":{"start":{"line":319,"column":8},"end":{"line":356,"column":9}},"200":{"start":{"line":320,"column":12},"end":{"line":320,"column":64}},"201":{"start":{"line":321,"column":27},"end":{"line":321,"column":52}},"202":{"start":{"line":322,"column":12},"end":{"line":324,"column":13}},"203":{"start":{"line":323,"column":16},"end":{"line":323,"column":45}},"204":{"start":{"line":325,"column":25},"end":{"line":325,"column":65}},"205":{"start":{"line":326,"column":36},"end":{"line":326,"column":38}},"206":{"start":{"line":327,"column":30},"end":{"line":327,"column":67}},"207":{"start":{"line":328,"column":37},"end":{"line":328,"column":81}},"208":{"start":{"line":329,"column":12},"end":{"line":329,"column":87}},"209":{"start":{"line":330,"column":12},"end":{"line":330,"column":36}},"210":{"start":{"line":331,"column":12},"end":{"line":331,"column":50}},"211":{"start":{"line":332,"column":32},"end":{"line":332,"column":61}},"212":{"start":{"line":333,"column":12},"end":{"line":333,"column":52}},"213":{"start":{"line":334,"column":12},"end":{"line":334,"column":59}},"214":{"start":{"line":335,"column":12},"end":{"line":335,"column":63}},"215":{"start":{"line":336,"column":26},"end":{"line":336,"column":66}},"216":{"start":{"line":337,"column":12},"end":{"line":337,"column":26}},"217":{"start":{"line":338,"column":12},"end":{"line":338,"column":120}},"218":{"start":{"line":339,"column":12},"end":{"line":339,"column":79}},"219":{"start":{"line":340,"column":12},"end":{"line":340,"column":28}},"220":{"start":{"line":342,"column":12},"end":{"line":342,"column":67}},"221":{"start":{"line":343,"column":12},"end":{"line":355,"column":13}},"222":{"start":{"line":344,"column":16},"end":{"line":344,"column":32}},"223":{"start":{"line":345,"column":16},"end":{"line":345,"column":56}},"224":{"start":{"line":346,"column":19},"end":{"line":355,"column":13}},"225":{"start":{"line":347,"column":16},"end":{"line":347,"column":32}},"226":{"start":{"line":348,"column":16},"end":{"line":348,"column":51}},"227":{"start":{"line":349,"column":19},"end":{"line":355,"column":13}},"228":{"start":{"line":350,"column":16},"end":{"line":350,"column":32}},"229":{"start":{"line":351,"column":16},"end":{"line":351,"column":51}},"230":{"start":{"line":353,"column":16},"end":{"line":353,"column":32}},"231":{"start":{"line":354,"column":16},"end":{"line":354,"column":63}},"232":{"start":{"line":358,"column":4},"end":{"line":358,"column":23}},"233":{"start":{"line":361,"column":0},"end":{"line":408,"column":3}},"234":{"start":{"line":362,"column":4},"end":{"line":407,"column":5}},"235":{"start":{"line":363,"column":8},"end":{"line":363,"column":44}},"236":{"start":{"line":364,"column":8},"end":{"line":364,"column":45}},"237":{"start":{"line":365,"column":40},"end":{"line":365,"column":49}},"238":{"start":{"line":366,"column":26},"end":{"line":366,"column":38}},"239":{"start":{"line":367,"column":8},"end":{"line":370,"column":9}},"240":{"start":{"line":368,"column":12},"end":{"line":368,"column":49}},"241":{"start":{"line":369,"column":12},"end":{"line":369,"column":109}},"242":{"start":{"line":371,"column":36},"end":{"line":374,"column":29}},"243":{"start":{"line":376,"column":30},"end":{"line":376,"column":54}},"244":{"start":{"line":377,"column":25},"end":{"line":377,"column":53}},"245":{"start":{"line":378,"column":26},"end":{"line":378,"column":50}},"246":{"start":{"line":379,"column":8},"end":{"line":387,"column":10}},"247":{"start":{"line":388,"column":8},"end":{"line":399,"column":11}},"248":{"start":{"line":389,"column":24},"end":{"line":397,"column":13}},"249":{"start":{"line":398,"column":12},"end":{"line":398,"column":34}},"250":{"start":{"line":400,"column":8},"end":{"line":400,"column":34}},"251":{"start":{"line":402,"column":8},"end":{"line":402,"column":76}},"252":{"start":{"line":404,"column":8},"end":{"line":404,"column":67}},"253":{"start":{"line":405,"column":8},"end":{"line":405,"column":24}},"254":{"start":{"line":406,"column":8},"end":{"line":406,"column":24}},"255":{"start":{"line":410,"column":0},"end":{"line":434,"column":3}},"256":{"start":{"line":411,"column":4},"end":{"line":433,"column":5}},"257":{"start":{"line":412,"column":34},"end":{"line":412,"column":45}},"258":{"start":{"line":413,"column":33},"end":{"line":413,"column":42}},"259":{"start":{"line":414,"column":28},"end":{"line":414,"column":54}},"260":{"start":{"line":415,"column":8},"end":{"line":418,"column":9}},"261":{"start":{"line":416,"column":12},"end":{"line":416,"column":65}},"262":{"start":{"line":417,"column":12},"end":{"line":417,"column":19}},"263":{"start":{"line":419,"column":8},"end":{"line":419,"column":45}},"264":{"start":{"line":420,"column":25},"end":{"line":420,"column":34}},"265":{"start":{"line":421,"column":26},"end":{"line":421,"column":38}},"266":{"start":{"line":422,"column":8},"end":{"line":425,"column":9}},"267":{"start":{"line":423,"column":12},"end":{"line":423,"column":49}},"268":{"start":{"line":424,"column":12},"end":{"line":424,"column":119}},"269":{"start":{"line":426,"column":28},"end":{"line":426,"column":88}},"270":{"start":{"line":427,"column":8},"end":{"line":427,"column":104}},"271":{"start":{"line":428,"column":8},"end":{"line":428,"column":30}},"272":{"start":{"line":430,"column":8},"end":{"line":430,"column":67}},"273":{"start":{"line":431,"column":8},"end":{"line":431,"column":24}},"274":{"start":{"line":432,"column":8},"end":{"line":432,"column":24}},"275":{"start":{"line":436,"column":0},"end":{"line":477,"column":3}},"276":{"start":{"line":437,"column":4},"end":{"line":476,"column":5}},"277":{"start":{"line":438,"column":28},"end":{"line":438,"column":36}},"278":{"start":{"line":439,"column":28},"end":{"line":439,"column":59}},"279":{"start":{"line":440,"column":30},"end":{"line":440,"column":50}},"280":{"start":{"line":441,"column":8},"end":{"line":441,"column":82}},"281":{"start":{"line":442,"column":24},"end":{"line":442,"column":61}},"282":{"start":{"line":443,"column":8},"end":{"line":448,"column":9}},"283":{"start":{"line":444,"column":12},"end":{"line":444,"column":118}},"284":{"start":{"line":445,"column":12},"end":{"line":445,"column":53}},"285":{"start":{"line":446,"column":12},"end":{"line":446,"column":25}},"286":{"start":{"line":447,"column":12},"end":{"line":447,"column":19}},"287":{"start":{"line":449,"column":8},"end":{"line":449,"column":79}},"288":{"start":{"line":450,"column":8},"end":{"line":450,"column":34}},"289":{"start":{"line":452,"column":31},"end":{"line":452,"column":95}},"290":{"start":{"line":453,"column":27},"end":{"line":453,"column":61}},"291":{"start":{"line":455,"column":8},"end":{"line":467,"column":9}},"292":{"start":{"line":456,"column":12},"end":{"line":463,"column":13}},"293":{"start":{"line":457,"column":16},"end":{"line":457,"column":112}},"294":{"start":{"line":458,"column":16},"end":{"line":458,"column":100}},"295":{"start":{"line":461,"column":16},"end":{"line":461,"column":129}},"296":{"start":{"line":462,"column":16},"end":{"line":462,"column":100}},"297":{"start":{"line":466,"column":12},"end":{"line":466,"column":127}},"298":{"start":{"line":468,"column":8},"end":{"line":468,"column":102}},"299":{"start":{"line":469,"column":8},"end":{"line":469,"column":85}},"300":{"start":{"line":471,"column":8},"end":{"line":471,"column":31}},"301":{"start":{"line":473,"column":8},"end":{"line":473,"column":67}},"302":{"start":{"line":474,"column":8},"end":{"line":474,"column":24}},"303":{"start":{"line":475,"column":8},"end":{"line":475,"column":24}}},"fnMap":{"0":{"name":"(anonymous_0)","decl":{"start":{"line":38,"column":41},"end":{"line":38,"column":42}},"loc":{"start":{"line":38,"column":80},"end":{"line":64,"column":1}},"line":38},"1":{"name":"(anonymous_1)","decl":{"start":{"line":66,"column":21},"end":{"line":66,"column":22}},"loc":{"start":{"line":66,"column":60},"end":{"line":104,"column":1}},"line":66},"2":{"name":"(anonymous_2)","decl":{"start":{"line":106,"column":30},"end":{"line":106,"column":31}},"loc":{"start":{"line":106,"column":69},"end":{"line":142,"column":1}},"line":106},"3":{"name":"(anonymous_3)","decl":{"start":{"line":144,"column":25},"end":{"line":144,"column":26}},"loc":{"start":{"line":144,"column":64},"end":{"line":184,"column":1}},"line":144},"4":{"name":"(anonymous_4)","decl":{"start":{"line":186,"column":18},"end":{"line":186,"column":19}},"loc":{"start":{"line":186,"column":57},"end":{"line":213,"column":1}},"line":186},"5":{"name":"(anonymous_5)","decl":{"start":{"line":215,"column":36},"end":{"line":215,"column":37}},"loc":{"start":{"line":215,"column":75},"end":{"line":269,"column":1}},"line":215},"6":{"name":"(anonymous_6)","decl":{"start":{"line":271,"column":40},"end":{"line":271,"column":41}},"loc":{"start":{"line":271,"column":79},"end":{"line":309,"column":1}},"line":271},"7":{"name":"(anonymous_7)","decl":{"start":{"line":311,"column":35},"end":{"line":311,"column":36}},"loc":{"start":{"line":311,"column":74},"end":{"line":359,"column":1}},"line":311},"8":{"name":"(anonymous_8)","decl":{"start":{"line":361,"column":27},"end":{"line":361,"column":28}},"loc":{"start":{"line":361,"column":66},"end":{"line":408,"column":1}},"line":361},"9":{"name":"(anonymous_9)","decl":{"start":{"line":388,"column":28},"end":{"line":388,"column":29}},"loc":{"start":{"line":388,"column":43},"end":{"line":399,"column":9}},"line":388},"10":{"name":"(anonymous_10)","decl":{"start":{"line":410,"column":37},"end":{"line":410,"column":38}},"loc":{"start":{"line":410,"column":76},"end":{"line":434,"column":1}},"line":410},"11":{"name":"(anonymous_11)","decl":{"start":{"line":436,"column":34},"end":{"line":436,"column":35}},"loc":{"start":{"line":436,"column":73},"end":{"line":477,"column":1}},"line":436}},"branchMap":{"0":{"loc":{"start":{"line":42,"column":4},"end":{"line":62,"column":5}},"type":"if","locations":[{"start":{"line":42,"column":4},"end":{"line":62,"column":5}},{"start":{"line":45,"column":11},"end":{"line":62,"column":5}}],"line":42},"1":{"loc":{"start":{"line":49,"column":25},"end":{"line":49,"column":75}},"type":"binary-expr","locations":[{"start":{"line":49,"column":25},"end":{"line":49,"column":47}},{"start":{"line":49,"column":51},"end":{"line":49,"column":75}}],"line":49},"2":{"loc":{"start":{"line":54,"column":12},"end":{"line":60,"column":13}},"type":"if","locations":[{"start":{"line":54,"column":12},"end":{"line":60,"column":13}},{"start":{"line":57,"column":19},"end":{"line":60,"column":13}}],"line":54},"3":{"loc":{"start":{"line":70,"column":4},"end":{"line":102,"column":5}},"type":"if","locations":[{"start":{"line":70,"column":4},"end":{"line":102,"column":5}},{"start":{"line":73,"column":11},"end":{"line":102,"column":5}}],"line":70},"4":{"loc":{"start":{"line":78,"column":12},"end":{"line":81,"column":13}},"type":"if","locations":[{"start":{"line":78,"column":12},"end":{"line":81,"column":13}},{"start":{},"end":{}}],"line":78},"5":{"loc":{"start":{"line":91,"column":12},"end":{"line":100,"column":13}},"type":"if","locations":[{"start":{"line":91,"column":12},"end":{"line":100,"column":13}},{"start":{"line":94,"column":19},"end":{"line":100,"column":13}}],"line":91},"6":{"loc":{"start":{"line":94,"column":19},"end":{"line":100,"column":13}},"type":"if","locations":[{"start":{"line":94,"column":19},"end":{"line":100,"column":13}},{"start":{"line":97,"column":19},"end":{"line":100,"column":13}}],"line":94},"7":{"loc":{"start":{"line":110,"column":4},"end":{"line":140,"column":5}},"type":"if","locations":[{"start":{"line":110,"column":4},"end":{"line":140,"column":5}},{"start":{"line":113,"column":11},"end":{"line":140,"column":5}}],"line":110},"8":{"loc":{"start":{"line":117,"column":12},"end":{"line":119,"column":13}},"type":"if","locations":[{"start":{"line":117,"column":12},"end":{"line":119,"column":13}},{"start":{},"end":{}}],"line":117},"9":{"loc":{"start":{"line":126,"column":12},"end":{"line":138,"column":13}},"type":"if","locations":[{"start":{"line":126,"column":12},"end":{"line":138,"column":13}},{"start":{"line":129,"column":19},"end":{"line":138,"column":13}}],"line":126},"10":{"loc":{"start":{"line":129,"column":19},"end":{"line":138,"column":13}},"type":"if","locations":[{"start":{"line":129,"column":19},"end":{"line":138,"column":13}},{"start":{"line":132,"column":19},"end":{"line":138,"column":13}}],"line":129},"11":{"loc":{"start":{"line":132,"column":19},"end":{"line":138,"column":13}},"type":"if","locations":[{"start":{"line":132,"column":19},"end":{"line":138,"column":13}},{"start":{"line":135,"column":19},"end":{"line":138,"column":13}}],"line":132},"12":{"loc":{"start":{"line":148,"column":4},"end":{"line":182,"column":5}},"type":"if","locations":[{"start":{"line":148,"column":4},"end":{"line":182,"column":5}},{"start":{"line":151,"column":11},"end":{"line":182,"column":5}}],"line":148},"13":{"loc":{"start":{"line":156,"column":12},"end":{"line":158,"column":13}},"type":"if","locations":[{"start":{"line":156,"column":12},"end":{"line":158,"column":13}},{"start":{},"end":{}}],"line":156},"14":{"loc":{"start":{"line":161,"column":45},"end":{"line":161,"column":76}},"type":"binary-expr","locations":[{"start":{"line":161,"column":45},"end":{"line":161,"column":70}},{"start":{"line":161,"column":74},"end":{"line":161,"column":76}}],"line":161},"15":{"loc":{"start":{"line":168,"column":12},"end":{"line":180,"column":13}},"type":"if","locations":[{"start":{"line":168,"column":12},"end":{"line":180,"column":13}},{"start":{"line":171,"column":19},"end":{"line":180,"column":13}}],"line":168},"16":{"loc":{"start":{"line":171,"column":19},"end":{"line":180,"column":13}},"type":"if","locations":[{"start":{"line":171,"column":19},"end":{"line":180,"column":13}},{"start":{"line":174,"column":19},"end":{"line":180,"column":13}}],"line":171},"17":{"loc":{"start":{"line":174,"column":19},"end":{"line":180,"column":13}},"type":"if","locations":[{"start":{"line":174,"column":19},"end":{"line":180,"column":13}},{"start":{"line":177,"column":19},"end":{"line":180,"column":13}}],"line":174},"18":{"loc":{"start":{"line":190,"column":4},"end":{"line":211,"column":5}},"type":"if","locations":[{"start":{"line":190,"column":4},"end":{"line":211,"column":5}},{"start":{"line":193,"column":11},"end":{"line":211,"column":5}}],"line":190},"19":{"loc":{"start":{"line":200,"column":12},"end":{"line":209,"column":13}},"type":"if","locations":[{"start":{"line":200,"column":12},"end":{"line":209,"column":13}},{"start":{"line":203,"column":19},"end":{"line":209,"column":13}}],"line":200},"20":{"loc":{"start":{"line":203,"column":19},"end":{"line":209,"column":13}},"type":"if","locations":[{"start":{"line":203,"column":19},"end":{"line":209,"column":13}},{"start":{"line":206,"column":19},"end":{"line":209,"column":13}}],"line":203},"21":{"loc":{"start":{"line":219,"column":4},"end":{"line":267,"column":5}},"type":"if","locations":[{"start":{"line":219,"column":4},"end":{"line":267,"column":5}},{"start":{"line":222,"column":11},"end":{"line":267,"column":5}}],"line":219},"22":{"loc":{"start":{"line":226,"column":12},"end":{"line":228,"column":13}},"type":"if","locations":[{"start":{"line":226,"column":12},"end":{"line":228,"column":13}},{"start":{},"end":{}}],"line":226},"23":{"loc":{"start":{"line":231,"column":12},"end":{"line":235,"column":13}},"type":"if","locations":[{"start":{"line":231,"column":12},"end":{"line":235,"column":13}},{"start":{},"end":{}}],"line":231},"24":{"loc":{"start":{"line":238,"column":12},"end":{"line":241,"column":13}},"type":"if","locations":[{"start":{"line":238,"column":12},"end":{"line":241,"column":13}},{"start":{},"end":{}}],"line":238},"25":{"loc":{"start":{"line":238,"column":16},"end":{"line":238,"column":59}},"type":"binary-expr","locations":[{"start":{"line":238,"column":16},"end":{"line":238,"column":40}},{"start":{"line":238,"column":44},"end":{"line":238,"column":59}}],"line":238},"26":{"loc":{"start":{"line":244,"column":12},"end":{"line":247,"column":13}},"type":"if","locations":[{"start":{"line":244,"column":12},"end":{"line":247,"column":13}},{"start":{},"end":{}}],"line":244},"27":{"loc":{"start":{"line":253,"column":12},"end":{"line":265,"column":13}},"type":"if","locations":[{"start":{"line":253,"column":12},"end":{"line":265,"column":13}},{"start":{"line":256,"column":19},"end":{"line":265,"column":13}}],"line":253},"28":{"loc":{"start":{"line":256,"column":19},"end":{"line":265,"column":13}},"type":"if","locations":[{"start":{"line":256,"column":19},"end":{"line":265,"column":13}},{"start":{"line":259,"column":19},"end":{"line":265,"column":13}}],"line":256},"29":{"loc":{"start":{"line":259,"column":19},"end":{"line":265,"column":13}},"type":"if","locations":[{"start":{"line":259,"column":19},"end":{"line":265,"column":13}},{"start":{"line":262,"column":19},"end":{"line":265,"column":13}}],"line":259},"30":{"loc":{"start":{"line":275,"column":4},"end":{"line":307,"column":5}},"type":"if","locations":[{"start":{"line":275,"column":4},"end":{"line":307,"column":5}},{"start":{"line":278,"column":11},"end":{"line":307,"column":5}}],"line":275},"31":{"loc":{"start":{"line":282,"column":12},"end":{"line":284,"column":13}},"type":"if","locations":[{"start":{"line":282,"column":12},"end":{"line":284,"column":13}},{"start":{},"end":{}}],"line":282},"32":{"loc":{"start":{"line":293,"column":12},"end":{"line":305,"column":13}},"type":"if","locations":[{"start":{"line":293,"column":12},"end":{"line":305,"column":13}},{"start":{"line":296,"column":19},"end":{"line":305,"column":13}}],"line":293},"33":{"loc":{"start":{"line":296,"column":19},"end":{"line":305,"column":13}},"type":"if","locations":[{"start":{"line":296,"column":19},"end":{"line":305,"column":13}},{"start":{"line":299,"column":19},"end":{"line":305,"column":13}}],"line":296},"34":{"loc":{"start":{"line":299,"column":19},"end":{"line":305,"column":13}},"type":"if","locations":[{"start":{"line":299,"column":19},"end":{"line":305,"column":13}},{"start":{"line":302,"column":19},"end":{"line":305,"column":13}}],"line":299},"35":{"loc":{"start":{"line":315,"column":4},"end":{"line":357,"column":5}},"type":"if","locations":[{"start":{"line":315,"column":4},"end":{"line":357,"column":5}},{"start":{"line":318,"column":11},"end":{"line":357,"column":5}}],"line":315},"36":{"loc":{"start":{"line":322,"column":12},"end":{"line":324,"column":13}},"type":"if","locations":[{"start":{"line":322,"column":12},"end":{"line":324,"column":13}},{"start":{},"end":{}}],"line":322},"37":{"loc":{"start":{"line":343,"column":12},"end":{"line":355,"column":13}},"type":"if","locations":[{"start":{"line":343,"column":12},"end":{"line":355,"column":13}},{"start":{"line":346,"column":19},"end":{"line":355,"column":13}}],"line":343},"38":{"loc":{"start":{"line":346,"column":19},"end":{"line":355,"column":13}},"type":"if","locations":[{"start":{"line":346,"column":19},"end":{"line":355,"column":13}},{"start":{"line":349,"column":19},"end":{"line":355,"column":13}}],"line":346},"39":{"loc":{"start":{"line":349,"column":19},"end":{"line":355,"column":13}},"type":"if","locations":[{"start":{"line":349,"column":19},"end":{"line":355,"column":13}},{"start":{"line":352,"column":19},"end":{"line":355,"column":13}}],"line":349},"40":{"loc":{"start":{"line":367,"column":8},"end":{"line":370,"column":9}},"type":"if","locations":[{"start":{"line":367,"column":8},"end":{"line":370,"column":9}},{"start":{},"end":{}}],"line":367},"41":{"loc":{"start":{"line":395,"column":27},"end":{"line":395,"column":57}},"type":"cond-expr","locations":[{"start":{"line":395,"column":45},"end":{"line":395,"column":50}},{"start":{"line":395,"column":53},"end":{"line":395,"column":57}}],"line":395},"42":{"loc":{"start":{"line":396,"column":22},"end":{"line":396,"column":53}},"type":"cond-expr","locations":[{"start":{"line":396,"column":41},"end":{"line":396,"column":46}},{"start":{"line":396,"column":49},"end":{"line":396,"column":53}}],"line":396},"43":{"loc":{"start":{"line":415,"column":8},"end":{"line":418,"column":9}},"type":"if","locations":[{"start":{"line":415,"column":8},"end":{"line":418,"column":9}},{"start":{},"end":{}}],"line":415},"44":{"loc":{"start":{"line":422,"column":8},"end":{"line":425,"column":9}},"type":"if","locations":[{"start":{"line":422,"column":8},"end":{"line":425,"column":9}},{"start":{},"end":{}}],"line":422},"45":{"loc":{"start":{"line":443,"column":8},"end":{"line":448,"column":9}},"type":"if","locations":[{"start":{"line":443,"column":8},"end":{"line":448,"column":9}},{"start":{},"end":{}}],"line":443},"46":{"loc":{"start":{"line":455,"column":8},"end":{"line":467,"column":9}},"type":"if","locations":[{"start":{"line":455,"column":8},"end":{"line":467,"column":9}},{"start":{"line":464,"column":15},"end":{"line":467,"column":9}}],"line":455},"47":{"loc":{"start":{"line":456,"column":12},"end":{"line":463,"column":13}},"type":"if","locations":[{"start":{"line":456,"column":12},"end":{"line":463,"column":13}},{"start":{"line":459,"column":19},"end":{"line":463,"column":13}}],"line":456}},"s":{"0":1,"1":1,"2":6,"3":6,"4":6,"5":1,"6":1,"7":5,"8":5,"9":4,"10":4,"11":3,"12":2,"13":2,"14":1,"15":1,"16":1,"17":1,"18":6,"19":1,"20":6,"21":6,"22":6,"23":1,"24":1,"25":5,"26":5,"27":5,"28":5,"29":5,"30":1,"31":1,"32":5,"33":2,"34":2,"35":3,"36":3,"37":1,"38":1,"39":2,"40":1,"41":1,"42":1,"43":1,"44":6,"45":1,"46":6,"47":6,"48":6,"49":1,"50":1,"51":5,"52":5,"53":3,"54":3,"55":1,"56":2,"57":1,"58":1,"59":4,"60":4,"61":1,"62":1,"63":3,"64":1,"65":1,"66":2,"67":1,"68":1,"69":1,"70":1,"71":6,"72":1,"73":6,"74":6,"75":6,"76":1,"77":1,"78":5,"79":5,"80":3,"81":3,"82":3,"83":1,"84":2,"85":2,"86":2,"87":1,"88":1,"89":1,"90":1,"91":4,"92":4,"93":1,"94":1,"95":3,"96":1,"97":1,"98":2,"99":1,"100":1,"101":1,"102":1,"103":6,"104":1,"105":5,"106":5,"107":5,"108":1,"109":1,"110":4,"111":4,"112":2,"113":1,"114":3,"115":3,"116":1,"117":1,"118":2,"119":1,"120":1,"121":1,"122":1,"123":5,"124":1,"125":8,"126":8,"127":8,"128":1,"129":1,"130":7,"131":7,"132":5,"133":5,"134":1,"135":4,"136":3,"137":3,"138":2,"139":2,"140":3,"141":3,"142":2,"143":2,"144":3,"145":1,"146":1,"147":3,"148":3,"149":3,"150":4,"151":4,"152":1,"153":1,"154":3,"155":1,"156":1,"157":2,"158":1,"159":1,"160":1,"161":1,"162":8,"163":1,"164":6,"165":6,"166":6,"167":1,"168":1,"169":5,"170":5,"171":3,"172":3,"173":1,"174":2,"175":1,"176":1,"177":1,"178":1,"179":1,"180":4,"181":4,"182":1,"183":1,"184":3,"185":1,"186":1,"187":2,"188":1,"189":1,"190":1,"191":1,"192":6,"193":1,"194":6,"195":6,"196":6,"197":1,"198":1,"199":5,"200":5,"201":3,"202":3,"203":1,"204":2,"205":2,"206":2,"207":2,"208":2,"209":2,"210":2,"211":2,"212":1,"213":1,"214":1,"215":1,"216":1,"217":1,"218":1,"219":1,"220":4,"221":4,"222":1,"223":1,"224":3,"225":1,"226":1,"227":2,"228":1,"229":1,"230":1,"231":1,"232":6,"233":1,"234":4,"235":4,"236":3,"237":3,"238":3,"239":3,"240":1,"241":1,"242":3,"243":2,"244":2,"245":2,"246":2,"247":2,"248":2,"249":2,"250":2,"251":2,"252":2,"253":2,"254":2,"255":1,"256":4,"257":4,"258":4,"259":4,"260":4,"261":1,"262":1,"263":3,"264":3,"265":3,"266":3,"267":1,"268":1,"269":3,"270":2,"271":2,"272":1,"273":1,"274":1,"275":1,"276":5,"277":5,"278":5,"279":5,"280":5,"281":5,"282":4,"283":1,"284":1,"285":1,"286":1,"287":3,"288":3,"289":3,"290":3,"291":3,"292":2,"293":1,"294":1,"295":1,"296":1,"297":1,"298":3,"299":3,"300":3,"301":1,"302":1,"303":1},"f":{"0":6,"1":6,"2":6,"3":6,"4":5,"5":8,"6":6,"7":6,"8":4,"9":2,"10":4,"11":5},"b":{"0":[1,5],"1":[4,3],"2":[1,1],"3":[1,5],"4":[1,4],"5":[1,2],"6":[1,1],"7":[1,5],"8":[1,2],"9":[1,3],"10":[1,2],"11":[1,1],"12":[1,5],"13":[1,2],"14":[2,1],"15":[1,3],"16":[1,2],"17":[1,1],"18":[1,4],"19":[1,2],"20":[1,1],"21":[1,7],"22":[1,4],"23":[2,1],"24":[2,1],"25":[3,2],"26":[1,2],"27":[1,3],"28":[1,2],"29":[1,1],"30":[1,5],"31":[1,2],"32":[1,3],"33":[1,2],"34":[1,1],"35":[1,5],"36":[1,2],"37":[1,3],"38":[1,2],"39":[1,1],"40":[1,2],"41":[1,1],"42":[1,1],"43":[1,3],"44":[1,2],"45":[1,3],"46":[2,1],"47":[1,1]},"_coverageSchema":"1a1c01bbd47fc00a2c39e90264f33305004495a9","hash":"c23a2d24fc7bcf5a7c64667023fe1ee8005b25a9"}
,"/Users/adelimon/github/trackboss/src/api/boardMember.ts": {"path":"/Users/adelimon/github/trackboss/src/api/boardMember.ts","statementMap":{"0":{"start":{"line":21,"column":20},"end":{"line":21,"column":28}},"1":{"start":{"line":23,"column":0},"end":{"line":56,"column":3}},"2":{"start":{"line":24,"column":30},"end":{"line":24,"column":41}},"3":{"start":{"line":26,"column":24},"end":{"line":26,"column":50}},"4":{"start":{"line":27,"column":4},"end":{"line":54,"column":5}},"5":{"start":{"line":28,"column":8},"end":{"line":28,"column":24}},"6":{"start":{"line":29,"column":8},"end":{"line":29,"column":50}},"7":{"start":{"line":31,"column":8},"end":{"line":53,"column":9}},"8":{"start":{"line":32,"column":12},"end":{"line":32,"column":53}},"9":{"start":{"line":33,"column":12},"end":{"line":33,"column":50}},"10":{"start":{"line":34,"column":29},"end":{"line":34,"column":62}},"11":{"start":{"line":35,"column":12},"end":{"line":35,"column":73}},"12":{"start":{"line":36,"column":12},"end":{"line":36,"column":72}},"13":{"start":{"line":37,"column":12},"end":{"line":37,"column":28}},"14":{"start":{"line":39,"column":12},"end":{"line":39,"column":71}},"15":{"start":{"line":40,"column":12},"end":{"line":52,"column":13}},"16":{"start":{"line":41,"column":16},"end":{"line":41,"column":32}},"17":{"start":{"line":42,"column":16},"end":{"line":42,"column":53}},"18":{"start":{"line":43,"column":19},"end":{"line":52,"column":13}},"19":{"start":{"line":44,"column":16},"end":{"line":44,"column":32}},"20":{"start":{"line":45,"column":16},"end":{"line":45,"column":56}},"21":{"start":{"line":46,"column":19},"end":{"line":52,"column":13}},"22":{"start":{"line":47,"column":16},"end":{"line":47,"column":32}},"23":{"start":{"line":48,"column":16},"end":{"line":48,"column":51}},"24":{"start":{"line":50,"column":16},"end":{"line":50,"column":32}},"25":{"start":{"line":51,"column":16},"end":{"line":51,"column":63}},"26":{"start":{"line":55,"column":4},"end":{"line":55,"column":23}},"27":{"start":{"line":58,"column":0},"end":{"line":84,"column":3}},"28":{"start":{"line":59,"column":30},"end":{"line":59,"column":41}},"29":{"start":{"line":61,"column":24},"end":{"line":61,"column":50}},"30":{"start":{"line":62,"column":4},"end":{"line":82,"column":5}},"31":{"start":{"line":63,"column":8},"end":{"line":63,"column":24}},"32":{"start":{"line":64,"column":8},"end":{"line":64,"column":50}},"33":{"start":{"line":66,"column":8},"end":{"line":81,"column":9}},"34":{"start":{"line":67,"column":12},"end":{"line":67,"column":44}},"35":{"start":{"line":69,"column":16},"end":{"line":69,"column":85}},"36":{"start":{"line":70,"column":12},"end":{"line":70,"column":28}},"37":{"start":{"line":71,"column":12},"end":{"line":71,"column":34}},"38":{"start":{"line":73,"column":12},"end":{"line":73,"column":71}},"39":{"start":{"line":74,"column":12},"end":{"line":80,"column":13}},"40":{"start":{"line":75,"column":16},"end":{"line":75,"column":32}},"41":{"start":{"line":76,"column":16},"end":{"line":76,"column":56}},"42":{"start":{"line":78,"column":16},"end":{"line":78,"column":32}},"43":{"start":{"line":79,"column":16},"end":{"line":79,"column":63}},"44":{"start":{"line":83,"column":4},"end":{"line":83,"column":23}},"45":{"start":{"line":86,"column":0},"end":{"line":118,"column":3}},"46":{"start":{"line":87,"column":30},"end":{"line":87,"column":41}},"47":{"start":{"line":89,"column":24},"end":{"line":89,"column":50}},"48":{"start":{"line":90,"column":4},"end":{"line":116,"column":5}},"49":{"start":{"line":91,"column":8},"end":{"line":91,"column":24}},"50":{"start":{"line":92,"column":8},"end":{"line":92,"column":50}},"51":{"start":{"line":94,"column":8},"end":{"line":115,"column":9}},"52":{"start":{"line":95,"column":12},"end":{"line":95,"column":44}},"53":{"start":{"line":96,"column":38},"end":{"line":96,"column":48}},"54":{"start":{"line":97,"column":23},"end":{"line":97,"column":44}},"55":{"start":{"line":98,"column":12},"end":{"line":100,"column":13}},"56":{"start":{"line":99,"column":16},"end":{"line":99,"column":45}},"57":{"start":{"line":101,"column":12},"end":{"line":101,"column":67}},"58":{"start":{"line":102,"column":12},"end":{"line":102,"column":28}},"59":{"start":{"line":104,"column":12},"end":{"line":104,"column":71}},"60":{"start":{"line":105,"column":12},"end":{"line":114,"column":13}},"61":{"start":{"line":106,"column":16},"end":{"line":106,"column":32}},"62":{"start":{"line":107,"column":16},"end":{"line":107,"column":51}},"63":{"start":{"line":108,"column":19},"end":{"line":114,"column":13}},"64":{"start":{"line":109,"column":16},"end":{"line":109,"column":32}},"65":{"start":{"line":110,"column":16},"end":{"line":110,"column":56}},"66":{"start":{"line":112,"column":16},"end":{"line":112,"column":32}},"67":{"start":{"line":113,"column":16},"end":{"line":113,"column":63}},"68":{"start":{"line":117,"column":4},"end":{"line":117,"column":23}},"69":{"start":{"line":120,"column":0},"end":{"line":162,"column":3}},"70":{"start":{"line":121,"column":30},"end":{"line":121,"column":41}},"71":{"start":{"line":123,"column":24},"end":{"line":123,"column":50}},"72":{"start":{"line":124,"column":4},"end":{"line":160,"column":5}},"73":{"start":{"line":125,"column":8},"end":{"line":125,"column":24}},"74":{"start":{"line":126,"column":8},"end":{"line":126,"column":50}},"75":{"start":{"line":128,"column":8},"end":{"line":159,"column":9}},"76":{"start":{"line":129,"column":38},"end":{"line":129,"column":48}},"77":{"start":{"line":130,"column":23},"end":{"line":130,"column":44}},"78":{"start":{"line":131,"column":12},"end":{"line":133,"column":13}},"79":{"start":{"line":132,"column":16},"end":{"line":132,"column":45}},"80":{"start":{"line":134,"column":12},"end":{"line":134,"column":53}},"81":{"start":{"line":135,"column":12},"end":{"line":135,"column":50}},"82":{"start":{"line":136,"column":27},"end":{"line":136,"column":70}},"83":{"start":{"line":137,"column":12},"end":{"line":137,"column":49}},"84":{"start":{"line":138,"column":12},"end":{"line":138,"column":67}},"85":{"start":{"line":139,"column":12},"end":{"line":139,"column":68}},"86":{"start":{"line":140,"column":12},"end":{"line":140,"column":28}},"87":{"start":{"line":142,"column":12},"end":{"line":142,"column":71}},"88":{"start":{"line":143,"column":12},"end":{"line":158,"column":13}},"89":{"start":{"line":144,"column":16},"end":{"line":144,"column":32}},"90":{"start":{"line":145,"column":16},"end":{"line":145,"column":53}},"91":{"start":{"line":146,"column":19},"end":{"line":158,"column":13}},"92":{"start":{"line":147,"column":16},"end":{"line":147,"column":32}},"93":{"start":{"line":148,"column":16},"end":{"line":148,"column":51}},"94":{"start":{"line":149,"column":19},"end":{"line":158,"column":13}},"95":{"start":{"line":150,"column":16},"end":{"line":150,"column":32}},"96":{"start":{"line":151,"column":16},"end":{"line":151,"column":56}},"97":{"start":{"line":152,"column":19},"end":{"line":158,"column":13}},"98":{"start":{"line":153,"column":16},"end":{"line":153,"column":32}},"99":{"start":{"line":154,"column":16},"end":{"line":154,"column":51}},"100":{"start":{"line":156,"column":16},"end":{"line":156,"column":32}},"101":{"start":{"line":157,"column":16},"end":{"line":157,"column":63}},"102":{"start":{"line":161,"column":4},"end":{"line":161,"column":23}},"103":{"start":{"line":164,"column":0},"end":{"line":202,"column":3}},"104":{"start":{"line":165,"column":30},"end":{"line":165,"column":41}},"105":{"start":{"line":167,"column":24},"end":{"line":167,"column":50}},"106":{"start":{"line":168,"column":4},"end":{"line":200,"column":5}},"107":{"start":{"line":169,"column":8},"end":{"line":169,"column":24}},"108":{"start":{"line":170,"column":8},"end":{"line":170,"column":50}},"109":{"start":{"line":172,"column":8},"end":{"line":199,"column":9}},"110":{"start":{"line":173,"column":38},"end":{"line":173,"column":48}},"111":{"start":{"line":174,"column":23},"end":{"line":174,"column":44}},"112":{"start":{"line":175,"column":12},"end":{"line":177,"column":13}},"113":{"start":{"line":176,"column":16},"end":{"line":176,"column":45}},"114":{"start":{"line":178,"column":12},"end":{"line":178,"column":53}},"115":{"start":{"line":179,"column":27},"end":{"line":179,"column":70}},"116":{"start":{"line":180,"column":12},"end":{"line":180,"column":59}},"117":{"start":{"line":181,"column":12},"end":{"line":181,"column":64}},"118":{"start":{"line":182,"column":12},"end":{"line":182,"column":45}},"119":{"start":{"line":183,"column":12},"end":{"line":183,"column":28}},"120":{"start":{"line":185,"column":12},"end":{"line":185,"column":71}},"121":{"start":{"line":186,"column":12},"end":{"line":198,"column":13}},"122":{"start":{"line":187,"column":16},"end":{"line":187,"column":32}},"123":{"start":{"line":188,"column":16},"end":{"line":188,"column":51}},"124":{"start":{"line":189,"column":19},"end":{"line":198,"column":13}},"125":{"start":{"line":190,"column":16},"end":{"line":190,"column":32}},"126":{"start":{"line":191,"column":16},"end":{"line":191,"column":56}},"127":{"start":{"line":192,"column":19},"end":{"line":198,"column":13}},"128":{"start":{"line":193,"column":16},"end":{"line":193,"column":32}},"129":{"start":{"line":194,"column":16},"end":{"line":194,"column":51}},"130":{"start":{"line":196,"column":16},"end":{"line":196,"column":32}},"131":{"start":{"line":197,"column":16},"end":{"line":197,"column":63}},"132":{"start":{"line":201,"column":4},"end":{"line":201,"column":23}}},"fnMap":{"0":{"name":"(anonymous_0)","decl":{"start":{"line":23,"column":25},"end":{"line":23,"column":26}},"loc":{"start":{"line":23,"column":64},"end":{"line":56,"column":1}},"line":23},"1":{"name":"(anonymous_1)","decl":{"start":{"line":58,"column":25},"end":{"line":58,"column":26}},"loc":{"start":{"line":58,"column":64},"end":{"line":84,"column":1}},"line":58},"2":{"name":"(anonymous_2)","decl":{"start":{"line":86,"column":35},"end":{"line":86,"column":36}},"loc":{"start":{"line":86,"column":74},"end":{"line":118,"column":1}},"line":86},"3":{"name":"(anonymous_3)","decl":{"start":{"line":120,"column":37},"end":{"line":120,"column":38}},"loc":{"start":{"line":120,"column":76},"end":{"line":162,"column":1}},"line":120},"4":{"name":"(anonymous_4)","decl":{"start":{"line":164,"column":38},"end":{"line":164,"column":39}},"loc":{"start":{"line":164,"column":77},"end":{"line":202,"column":1}},"line":164}},"branchMap":{"0":{"loc":{"start":{"line":27,"column":4},"end":{"line":54,"column":5}},"type":"if","locations":[{"start":{"line":27,"column":4},"end":{"line":54,"column":5}},{"start":{"line":30,"column":11},"end":{"line":54,"column":5}}],"line":27},"1":{"loc":{"start":{"line":40,"column":12},"end":{"line":52,"column":13}},"type":"if","locations":[{"start":{"line":40,"column":12},"end":{"line":52,"column":13}},{"start":{"line":43,"column":19},"end":{"line":52,"column":13}}],"line":40},"2":{"loc":{"start":{"line":43,"column":19},"end":{"line":52,"column":13}},"type":"if","locations":[{"start":{"line":43,"column":19},"end":{"line":52,"column":13}},{"start":{"line":46,"column":19},"end":{"line":52,"column":13}}],"line":43},"3":{"loc":{"start":{"line":46,"column":19},"end":{"line":52,"column":13}},"type":"if","locations":[{"start":{"line":46,"column":19},"end":{"line":52,"column":13}},{"start":{"line":49,"column":19},"end":{"line":52,"column":13}}],"line":46},"4":{"loc":{"start":{"line":62,"column":4},"end":{"line":82,"column":5}},"type":"if","locations":[{"start":{"line":62,"column":4},"end":{"line":82,"column":5}},{"start":{"line":65,"column":11},"end":{"line":82,"column":5}}],"line":62},"5":{"loc":{"start":{"line":74,"column":12},"end":{"line":80,"column":13}},"type":"if","locations":[{"start":{"line":74,"column":12},"end":{"line":80,"column":13}},{"start":{"line":77,"column":19},"end":{"line":80,"column":13}}],"line":74},"6":{"loc":{"start":{"line":90,"column":4},"end":{"line":116,"column":5}},"type":"if","locations":[{"start":{"line":90,"column":4},"end":{"line":116,"column":5}},{"start":{"line":93,"column":11},"end":{"line":116,"column":5}}],"line":90},"7":{"loc":{"start":{"line":98,"column":12},"end":{"line":100,"column":13}},"type":"if","locations":[{"start":{"line":98,"column":12},"end":{"line":100,"column":13}},{"start":{},"end":{}}],"line":98},"8":{"loc":{"start":{"line":105,"column":12},"end":{"line":114,"column":13}},"type":"if","locations":[{"start":{"line":105,"column":12},"end":{"line":114,"column":13}},{"start":{"line":108,"column":19},"end":{"line":114,"column":13}}],"line":105},"9":{"loc":{"start":{"line":108,"column":19},"end":{"line":114,"column":13}},"type":"if","locations":[{"start":{"line":108,"column":19},"end":{"line":114,"column":13}},{"start":{"line":111,"column":19},"end":{"line":114,"column":13}}],"line":108},"10":{"loc":{"start":{"line":124,"column":4},"end":{"line":160,"column":5}},"type":"if","locations":[{"start":{"line":124,"column":4},"end":{"line":160,"column":5}},{"start":{"line":127,"column":11},"end":{"line":160,"column":5}}],"line":124},"11":{"loc":{"start":{"line":131,"column":12},"end":{"line":133,"column":13}},"type":"if","locations":[{"start":{"line":131,"column":12},"end":{"line":133,"column":13}},{"start":{},"end":{}}],"line":131},"12":{"loc":{"start":{"line":143,"column":12},"end":{"line":158,"column":13}},"type":"if","locations":[{"start":{"line":143,"column":12},"end":{"line":158,"column":13}},{"start":{"line":146,"column":19},"end":{"line":158,"column":13}}],"line":143},"13":{"loc":{"start":{"line":146,"column":19},"end":{"line":158,"column":13}},"type":"if","locations":[{"start":{"line":146,"column":19},"end":{"line":158,"column":13}},{"start":{"line":149,"column":19},"end":{"line":158,"column":13}}],"line":146},"14":{"loc":{"start":{"line":149,"column":19},"end":{"line":158,"column":13}},"type":"if","locations":[{"start":{"line":149,"column":19},"end":{"line":158,"column":13}},{"start":{"line":152,"column":19},"end":{"line":158,"column":13}}],"line":149},"15":{"loc":{"start":{"line":152,"column":19},"end":{"line":158,"column":13}},"type":"if","locations":[{"start":{"line":152,"column":19},"end":{"line":158,"column":13}},{"start":{"line":155,"column":19},"end":{"line":158,"column":13}}],"line":152},"16":{"loc":{"start":{"line":168,"column":4},"end":{"line":200,"column":5}},"type":"if","locations":[{"start":{"line":168,"column":4},"end":{"line":200,"column":5}},{"start":{"line":171,"column":11},"end":{"line":200,"column":5}}],"line":168},"17":{"loc":{"start":{"line":175,"column":12},"end":{"line":177,"column":13}},"type":"if","locations":[{"start":{"line":175,"column":12},"end":{"line":177,"column":13}},{"start":{},"end":{}}],"line":175},"18":{"loc":{"start":{"line":186,"column":12},"end":{"line":198,"column":13}},"type":"if","locations":[{"start":{"line":186,"column":12},"end":{"line":198,"column":13}},{"start":{"line":189,"column":19},"end":{"line":198,"column":13}}],"line":186},"19":{"loc":{"start":{"line":189,"column":19},"end":{"line":198,"column":13}},"type":"if","locations":[{"start":{"line":189,"column":19},"end":{"line":198,"column":13}},{"start":{"line":192,"column":19},"end":{"line":198,"column":13}}],"line":189},"20":{"loc":{"start":{"line":192,"column":19},"end":{"line":198,"column":13}},"type":"if","locations":[{"start":{"line":192,"column":19},"end":{"line":198,"column":13}},{"start":{"line":195,"column":19},"end":{"line":198,"column":13}}],"line":192}},"s":{"0":1,"1":1,"2":3,"3":3,"4":3,"5":1,"6":1,"7":2,"8":2,"9":2,"10":2,"11":1,"12":1,"13":1,"14":1,"15":1,"16":1,"17":1,"18":0,"19":0,"20":0,"21":0,"22":0,"23":0,"24":0,"25":0,"26":3,"27":1,"28":3,"29":3,"30":3,"31":1,"32":1,"33":2,"34":2,"35":1,"36":1,"37":1,"38":1,"39":1,"40":1,"41":1,"42":0,"43":0,"44":3,"45":1,"46":2,"47":2,"48":2,"49":0,"50":0,"51":2,"52":2,"53":2,"54":2,"55":2,"56":1,"57":1,"58":1,"59":1,"60":1,"61":1,"62":1,"63":0,"64":0,"65":0,"66":0,"67":0,"68":2,"69":1,"70":3,"71":3,"72":3,"73":0,"74":0,"75":3,"76":3,"77":3,"78":3,"79":1,"80":2,"81":1,"82":1,"83":1,"84":1,"85":1,"86":1,"87":2,"88":2,"89":0,"90":0,"91":2,"92":1,"93":1,"94":1,"95":0,"96":0,"97":1,"98":1,"99":1,"100":0,"101":0,"102":3,"103":1,"104":2,"105":2,"106":2,"107":0,"108":0,"109":2,"110":2,"111":2,"112":2,"113":0,"114":2,"115":1,"116":1,"117":1,"118":1,"119":1,"120":1,"121":1,"122":0,"123":0,"124":1,"125":1,"126":1,"127":0,"128":0,"129":0,"130":0,"131":0,"132":2},"f":{"0":3,"1":3,"2":2,"3":3,"4":2},"b":{"0":[1,2],"1":[1,0],"2":[0,0],"3":[0,0],"4":[1,2],"5":[1,0],"6":[0,2],"7":[1,1],"8":[1,0],"9":[0,0],"10":[0,3],"11":[1,2],"12":[0,2],"13":[1,1],"14":[0,1],"15":[1,0],"16":[0,2],"17":[0,2],"18":[0,1],"19":[1,0],"20":[0,0]},"_coverageSchema":"1a1c01bbd47fc00a
[...]
:22},"end":{"line":68,"column":39}},"loc":{"start":{"line":68,"column":54},"end":{"line":78,"column":1}},"line":68},"2":{"name":"updateCognitoUserEmail","decl":{"start":{"line":80,"column":22},"end":{"line":80,"column":44}},"loc":{"start":{"line":80,"column":61},"end":{"line":100,"column":1}},"line":80},"3":{"name":"resetCognitoPassword","decl":{"start":{"line":102,"column":22},"end":{"line":102,"column":42}},"loc":{"start":{"line":102,"column":81},"end":{"line":123,"column":1}},"line":102}},"branchMap":{"0":{"loc":{"start":{"line":16,"column":19},"end":{"line":16,"column":49}},"type":"binary-expr","locations":[{"start":{"line":16,"column":19},"end":{"line":16,"column":43}},{"start":{"line":16,"column":47},"end":{"line":16,"column":49}}],"line":16},"1":{"loc":{"start":{"line":40,"column":4},"end":{"line":64,"column":5}},"type":"if","locations":[{"start":{"line":40,"column":4},"end":{"line":64,"column":5}},{"start":{},"end":{}}],"line":40},"2":{"loc":{"start":{"line":49,"column":12},"end":{"line":57,"column":13}},"type":"if","locations":[{"start":{"line":49,"column":12},"end":{"line":57,"column":13}},{"start":{},"end":{}}],"line":49},"3":{"loc":{"start":{"line":70,"column":19},"end":{"line":70,"column":49}},"type":"binary-expr","locations":[{"start":{"line":70,"column":19},"end":{"line":70,"column":43}},{"start":{"line":70,"column":47},"end":{"line":70,"column":49}}],"line":70},"4":{"loc":{"start":{"line":82,"column":19},"end":{"line":82,"column":49}},"type":"binary-expr","locations":[{"start":{"line":82,"column":19},"end":{"line":82,"column":43}},{"start":{"line":82,"column":47},"end":{"line":82,"column":49}}],"line":82},"5":{"loc":{"start":{"line":104,"column":19},"end":{"line":104,"column":49}},"type":"binary-expr","locations":[{"start":{"line":104,"column":19},"end":{"line":104,"column":43}},{"start":{"line":104,"column":47},"end":{"line":104,"column":49}}],"line":104},"6":{"loc":{"start":{"line":107,"column":4},"end":{"line":119,"column":5}},"type":"if","locations":[{"start":{"line":107,"column":4},"end":{"line":119,"column":5}},{"start":{"line":112,"column":11},"end":{"line":119,"column":5}}],"line":107}},"s":{"0":3,"1":3,"2":3,"3":3,"4":3,"5":3,"6":3,"7":3,"8":3,"9":3,"10":2,"11":2,"12":2,"13":1,"14":1,"15":1,"16":1,"17":1,"18":1,"19":2,"20":1,"21":1,"22":1,"23":1,"24":1,"25":1,"26":1,"27":1,"28":1,"29":1,"30":1,"31":1,"32":2,"33":2,"34":2,"35":2,"36":1,"37":1,"38":2,"39":2,"40":2},"f":{"0":3,"1":1,"2":1,"3":2},"b":{"0":[3,0],"1":[3,0],"2":[1,1],"3":[1,0],"4":[1,0],"5":[2,0],"6":[1,1]},"_coverageSchema":"1a1c01bbd47fc00a2c39e90264f33305004495a9","hash":"83ff994bbee54b4ffb00b758d9d5560f847434ab"}
,"/Users/adelimon/github/trackboss/src/util/dateHelper.ts": {"path":"/Users/adelimon/github/trackboss/src/util/dateHelper.ts","statementMap":{"0":{"start":{"line":10,"column":23},"end":{"line":10,"column":55}},"1":{"start":{"line":11,"column":4},"end":{"line":14,"column":5}},"2":{"start":{"line":13,"column":8},"end":{"line":13,"column":25}},"3":{"start":{"line":15,"column":20},"end":{"line":15,"column":81}},"4":{"start":{"line":16,"column":4},"end":{"line":16,"column":19}},"5":{"start":{"line":28,"column":21},"end":{"line":28,"column":31}},"6":{"start":{"line":29,"column":25},"end":{"line":29,"column":47}},"7":{"start":{"line":30,"column":22},"end":{"line":30,"column":34}},"8":{"start":{"line":31,"column":4},"end":{"line":33,"column":5}},"9":{"start":{"line":32,"column":8},"end":{"line":32,"column":25}},"10":{"start":{"line":34,"column":4},"end":{"line":34,"column":23}},"11":{"start":{"line":47,"column":21},"end":{"line":47,"column":31}},"12":{"start":{"line":48,"column":25},"end":{"line":48,"column":47}},"13":{"start":{"line":49,"column":26},"end":{"line":49,"column":38}},"14":{"start":{"line":50,"column":4},"end":{"line":52,"column":5}},"15":{"start":{"line":51,"column":8},"end":{"line":51,"column":29}},"16":{"start":{"line":53,"column":4},"end":{"line":53,"column":27}}},"fnMap":{"0":{"name":"calculateStartDate","decl":{"start":{"line":9,"column":16},"end":{"line":9,"column":34}},"loc":{"start":{"line":9,"column":86},"end":{"line":17,"column":1}},"line":9},"1":{"name":"calculateBillingYear","decl":{"start":{"line":27,"column":16},"end":{"line":27,"column":36}},"loc":{"start":{"line":27,"column":48},"end":{"line":35,"column":1}},"line":27},"2":{"name":"calculateApplicationYear","decl":{"start":{"line":46,"column":16},"end":{"line":46,"column":40}},"loc":{"start":{"line":46,"column":52},"end":{"line":54,"column":1}},"line":46}},"branchMap":{"0":{"loc":{"start":{"line":11,"column":4},"end":{"line":14,"column":5}},"type":"if","locations":[{"start":{"line":11,"column":4},"end":{"line":14,"column":5}},{"start":{},"end":{}}],"line":11},"1":{"loc":{"start":{"line":31,"column":4},"end":{"line":33,"column":5}},"type":"if","locations":[{"start":{"line":31,"column":4},"end":{"line":33,"column":5}},{"start":{},"end":{}}],"line":31},"2":{"loc":{"start":{"line":50,"column":4},"end":{"line":52,"column":5}},"type":"if","locations":[{"start":{"line":50,"column":4},"end":{"line":52,"column":5}},{"start":{},"end":{}}],"line":50}},"s":{"0":8,"1":8,"2":1,"3":8,"4":8,"5":2,"6":2,"7":2,"8":2,"9":1,"10":2,"11":3,"12":3,"13":3,"14":3,"15":1,"16":3},"f":{"0":8,"1":2,"2":3},"b":{"0":[1,7],"1":[1,1],"2":[1,2]},"_coverageSchema":"1a1c01bbd47fc00a2c39e90264f33305004495a9","hash":"04e196b9afd435d882ab42cf7e9265fb4b02f215"}
,"/Users/adelimon/github/trackboss/src/util/email.ts": {"path":"/Users/adelimon/github/trackboss/src/util/email.ts","statementMap":{"0":{"start":{"line":12,"column":19},"end":{"line":12,"column":38}},"1":{"start":{"line":14,"column":4},"end":{"line":19,"column":5}},"2":{"start":{"line":16,"column":8},"end":{"line":16,"column":127}},"3":{"start":{"line":18,"column":8},"end":{"line":18,"column":70}},"4":{"start":{"line":20,"column":31},"end":{"line":20,"column":33}},"5":{"start":{"line":21,"column":19},"end":{"line":29,"column":13}},"6":{"start":{"line":21,"column":45},"end":{"line":29,"column":5}},"7":{"start":{"line":30,"column":4},"end":{"line":30,"column":21}},"8":{"start":{"line":34,"column":4},"end":{"line":34,"column":58}},"9":{"start":{"line":35,"column":19},"end":{"line":35,"column":54}},"10":{"start":{"line":36,"column":22},"end":{"line":36,"column":41}},"11":{"start":{"line":37,"column":16},"end":{"line":37,"column":29}},"12":{"start":{"line":38,"column":24},"end":{"line":55,"column":5}},"13":{"start":{"line":56,"column":4},"end":{"line":69,"column":5}},"14":{"start":{"line":61,"column":8},"end":{"line":61,"column":51}},"15":{"start":{"line":63,"column":8},"end":{"line":63,"column":101}},"16":{"start":{"line":64,"column":8},"end":{"line":64,"column":49}},"17":{"start":{"line":67,"column":8},"end":{"line":67,"column":53}},"18":{"start":{"line":68,"column":8},"end":{"line":68,"column":28}},"19":{"start":{"line":73,"column":4},"end":{"line":73,"column":83}},"20":{"start":{"line":77,"column":25},"end":{"line":77,"column":73}},"21":{"start":{"line":78,"column":4},"end":{"line":78,"column":86}},"22":{"start":{"line":79,"column":4},"end":{"line":79,"column":84}},"23":{"start":{"line":80,"column":4},"end":{"line":80,"column":75}},"24":{"start":{"line":82,"column":4},"end":{"line":82,"column":40}},"25":{"start":{"line":83,"column":25},"end":{"line":83,"column":82}},"26":{"start":{"line":84,"column":4},"end":{"line":84,"column":80}},"27":{"start":{"line":84,"column":37},"end":{"line":84,"column":78}},"28":{"start":{"line":85,"column":4},"end":{"line":85,"column":38}},"29":{"start":{"line":86,"column":4},"end":{"line":86,"column":77}},"30":{"start":{"line":90,"column":27},"end":{"line":90,"column":73}},"31":{"start":{"line":91,"column":4},"end":{"line":91,"column":107}},"32":{"start":{"line":92,"column":4},"end":{"line":94,"column":5}},"33":{"start":{"line":93,"column":8},"end":{"line":93,"column":120}},"34":{"start":{"line":95,"column":4},"end":{"line":95,"column":42}},"35":{"start":{"line":96,"column":4},"end":{"line":96,"column":40}},"36":{"start":{"line":97,"column":4},"end":{"line":97,"column":109}},"37":{"start":{"line":101,"column":29},"end":{"line":101,"column":81}},"38":{"start":{"line":102,"column":4},"end":{"line":102,"column":111}},"39":{"start":{"line":103,"column":4},"end":{"line":106,"column":5}},"40":{"start":{"line":104,"column":8},"end":{"line":105,"column":104}},"41":{"start":{"line":107,"column":4},"end":{"line":107,"column":44}},"42":{"start":{"line":108,"column":4},"end":{"line":108,"column":42}},"43":{"start":{"line":109,"column":4},"end":{"line":109,"column":108}},"44":{"start":{"line":113,"column":30},"end":{"line":113,"column":62}},"45":{"start":{"line":114,"column":4},"end":{"line":114,"column":99}},"46":{"start":{"line":115,"column":4},"end":{"line":115,"column":53}},"47":{"start":{"line":116,"column":4},"end":{"line":116,"column":43}},"48":{"start":{"line":117,"column":4},"end":{"line":117,"column":85}},"49":{"start":{"line":121,"column":4},"end":{"line":121,"column":69}},"50":{"start":{"line":125,"column":4},"end":{"line":125,"column":71}},"51":{"start":{"line":129,"column":23},"end":{"line":129,"column":69}},"52":{"start":{"line":130,"column":4},"end":{"line":130,"column":89}},"53":{"start":{"line":131,"column":4},"end":{"line":131,"column":68}},"54":{"start":{"line":132,"column":4},"end":{"line":132,"column":69}},"55":{"start":{"line":133,"column":4},"end":{"line":133,"column":33}},"56":{"start":{"line":134,"column":4},"end":{"line":134,"column":36}},"57":{"start":{"line":135,"column":4},"end":{"line":135,"column":78}}},"fnMap":{"0":{"name":"getEmailById","decl":{"start":{"line":11,"column":15},"end":{"line":11,"column":27}},"loc":{"start":{"line":11,"column":63},"end":{"line":31,"column":1}},"line":11},"1":{"name":"(anonymous_1)","decl":{"start":{"line":21,"column":32},"end":{"line":21,"column":33}},"loc":{"start":{"line":21,"column":45},"end":{"line":29,"column":5}},"line":21},"2":{"name":"sendTextEmail","decl":{"start":{"line":33,"column":22},"end":{"line":33,"column":35}},"loc":{"start":{"line":33,"column":48},"end":{"line":70,"column":1}},"line":33},"3":{"name":"addNameToEmail","decl":{"start":{"line":72,"column":9},"end":{"line":72,"column":23}},"loc":{"start":{"line":72,"column":80},"end":{"line":74,"column":1}},"line":72},"4":{"name":"sendAppConfirmationEmail","decl":{"start":{"line":76,"column":22},"end":{"line":76,"column":46}},"loc":{"start":{"line":76,"column":83},"end":{"line":87,"column":1}},"line":76},"5":{"name":"(anonymous_5)","decl":{"start":{"line":84,"column":25},"end":{"line":84,"column":26}},"loc":{"start":{"line":84,"column":37},"end":{"line":84,"column":78}},"line":84},"6":{"name":"sendNewMemberEmail","decl":{"start":{"line":89,"column":22},"end":{"line":89,"column":40}},"loc":{"start":{"line":89,"column":77},"end":{"line":98,"column":1}},"line":89},"7":{"name":"sendAppRejectedEmail","decl":{"start":{"line":100,"column":22},"end":{"line":100,"column":42}},"loc":{"start":{"line":100,"column":79},"end":{"line":110,"column":1}},"line":100},"8":{"name":"sendConfirmationEmail","decl":{"start":{"line":112,"column":15},"end":{"line":112,"column":36}},"loc":{"start":{"line":112,"column":79},"end":{"line":118,"column":1}},"line":112},"9":{"name":"sendPaymentConfirmationEmail","decl":{"start":{"line":120,"column":22},"end":{"line":120,"column":50}},"loc":{"start":{"line":120,"column":81},"end":{"line":122,"column":1}},"line":120},"10":{"name":"sendInsuranceConfirmEmail","decl":{"start":{"line":124,"column":22},"end":{"line":124,"column":47}},"loc":{"start":{"line":124,"column":78},"end":{"line":126,"column":1}},"line":124},"11":{"name":"sendPasswordReset","decl":{"start":{"line":128,"column":22},"end":{"line":128,"column":39}},"loc":{"start":{"line":128,"column":92},"end":{"line":136,"column":1}},"line":128}},"branchMap":{"0":{"loc":{"start":{"line":21,"column":19},"end":{"line":29,"column":13}},"type":"binary-expr","locations":[{"start":{"line":21,"column":19},"end":{"line":29,"column":7}},{"start":{"line":29,"column":11},"end":{"line":29,"column":13}}],"line":21},"1":{"loc":{"start":{"line":84,"column":59},"end":{"line":84,"column":77}},"type":"binary-expr","locations":[{"start":{"line":84,"column":59},"end":{"line":84,"column":71}},{"start":{"line":84,"column":75},"end":{"line":84,"column":77}}],"line":84},"2":{"loc":{"start":{"line":92,"column":4},"end":{"line":94,"column":5}},"type":"if","locations":[{"start":{"line":92,"column":4},"end":{"line":94,"column":5}},{"start":{},"end":{}}],"line":92},"3":{"loc":{"start":{"line":103,"column":4},"end":{"line":106,"column":5}},"type":"if","locations":[{"start":{"line":103,"column":4},"end":{"line":106,"column":5}},{"start":{},"end":{}}],"line":103}},"s":{"0":8,"1":8,"2":8,"3":1,"4":8,"5":8,"6":7,"7":8,"8":9,"9":9,"10":9,"11":9,"12":9,"13":9,"14":9,"15":8,"16":8,"17":1,"18":1,"19":6,"20":1,"21":1,"22":1,"23":1,"24":1,"25":1,"26":1,"27":1,"28":1,"29":1,"30":2,"31":2,"32":1,"33":1,"34":1,"35":1,"36":1,"37":2,"38":2,"39":2,"40":1,"41":2,"42":2,"43":2,"44":2,"45":2,"46":2,"47":2,"48":2,"49":1,"50":1,"51":1,"52":1,"53":1,"54":1,"55":1,"56":1,"57":1},"f":{"0":8,"1":7,"2":9,"3":6,"4":1,"5":1,"6":2,"7":2,"8":2,"9":1,"10":1,"11":1},"b":{"0":[8,1],"1":[1,0],"2":[1,0],"3":[1,1]},"_coverageSchema":"1a1c01bbd47fc00a2c39e90264f33305004495a9","hash":"088389f24ea51976685e239a1fcfef400840e2d4"}
,"/Users/adelimon/github/trackboss/src/util/environmentWrapper.ts": {"path":"/Users/adelimon/github/trackboss/src/util/environmentWrapper.ts","statementMap":{"0":{"start":{"line":8,"column":22},"end":{"line":11,"column":6}},"1":{"start":{"line":12,"column":23},"end":{"line":12,"column":25}},"2":{"start":{"line":13,"column":4},"end":{"line":22,"column":5}},"3":{"start":{"line":14,"column":24},"end":{"line":17,"column":20}},"4":{"start":{"line":18,"column":8},"end":{"line":18,"column":84}},"5":{"start":{"line":19,"column":8},"end":{"line":19,"column":40}},"6":{"start":{"line":21,"column":8},"end":{"line":21,"column":28}},"7":{"start":{"line":23,"column":4},"end":{"line":23,"column":22}},"8":{"start":{"line":27,"column":4},"end":{"line":27,"column":52}},"9":{"start":{"line":31,"column":4},"end":{"line":31,"column":54}},"10":{"start":{"line":35,"column":26},"end":{"line":35,"column":50}},"11":{"start":{"line":36,"column":24},"end":{"line":38,"column":16}},"12":{"start":{"line":39,"column":4},"end":{"line":39,"column":97}},"13":{"start":{"line":40,"column":4},"end":{"line":40,"column":54}}},"fnMap":{"0":{"name":"getEnvironmentParameter","decl":{"start":{"line":7,"column":22},"end":{"line":7,"column":45}},"loc":{"start":{"line":7,"column":60},"end":{"line":24,"column":1}},"line":7},"1":{"name":"getCognitoPoolId","decl":{"start":{"line":26,"column":22},"end":{"line":26,"column":38}},"loc":{"start":{"line":26,"column":41},"end":{"line":28,"column":1}},"line":26},"2":{"name":"getCognitoClientId","decl":{"start":{"line":30,"column":22},"end":{"line":30,"column":40}},"loc":{"start":{"line":30,"column":43},"end":{"line":32,"column":1}},"line":30},"3":{"name":"getConnectionObject","decl":{"start":{"line":34,"column":22},"end":{"line":34,"column":41}},"loc":{"start":{"line":34,"column":44},"end":{"line":41,"column":1}},"line":34}},"branchMap":{"0":{"loc":{"start":{"line":40,"column":22},"end":{"line":40,"column":52}},"type":"binary-expr","locations":[{"start":{"line":40,"column":22},"end":{"line":40,"column":46}},{"start":{"line":40,"column":50},"end":{"line":40,"column":52}}],"line":40}},"s":{"0":4,"1":4,"2":4,"3":4,"4":3,"5":3,"6":1,"7":1,"8":1,"9":1,"10":1,"11":1,"12":1,"13":1},"f":{"0":4,"1":1,"2":1,"3":1},"b":{"0":[1,0]},"_coverageSchema":"1a1c01bbd47fc00a2c39e90264f33305004495a9","hash":"43105f01017c50ebe9d616f1210bf77353a6e553"}
,"/Users/adelimon/github/trackboss/src/util/s3.ts": {"path":"/Users/adelimon/github/trackboss/src/util/s3.ts","statementMap":{"0":{"start":{"line":9,"column":21},"end":{"line":9,"column":58}},"1":{"start":{"line":10,"column":23},"end":{"line":10,"column":46}},"2":{"start":{"line":11,"column":26},"end":{"line":11,"column":62}},"3":{"start":{"line":12,"column":29},"end":{"line":15,"column":6}},"4":{"start":{"line":17,"column":4},"end":{"line":30,"column":5}},"5":{"start":{"line":18,"column":21},"end":{"line":18,"column":58}},"6":{"start":{"line":19,"column":8},"end":{"line":19,"column":65}},"7":{"start":{"line":20,"column":29},"end":{"line":20,"column":74}},"8":{"start":{"line":21,"column":20},"end":{"line":21,"column":45}},"9":{"start":{"line":22,"column":8},"end":{"line":22,"column":19}},"10":{"start":{"line":24,"column":8},"end":{"line":28,"column":9}},"11":{"start":{"line":25,"column":12},"end":{"line":25,"column":57}},"12":{"start":{"line":27,"column":12},"end":{"line":27,"column":66}},"13":{"start":{"line":29,"column":8},"end":{"line":29,"column":20}}},"fnMap":{"0":{"name":"getBackupFile","decl":{"start":{"line":8,"column":30},"end":{"line":8,"column":43}},"loc":{"start":{"line":8,"column":46},"end":{"line":31,"column":1}},"line":8}},"branchMap":{"0":{"loc":{"start":{"line":20,"column":29},"end":{"line":20,"column":74}},"type":"binary-expr","locations":[{"start":{"line":20,"column":29},"end":{"line":20,"column":68}},{"start":{"line":20,"column":72},"end":{"line":20,"column":74}}],"line":20},"1":{"loc":{"start":{"line":24,"column":8},"end":{"line":28,"column":9}},"type":"if","locations":[{"start":{"line":24,"column":8},"end":{"line":28,"column":9}},{"start":{"line":26,"column":15},"end":{"line":28,"column":9}}],"line":24},"2":{"loc":{"start":{"line":24,"column":12},"end":{"line":24,"column":80}},"type":"binary-expr","locations":[{"start":{"line":24,"column":12},"end":{"line":24,"column":47}},{"start":{"line":24,"column":51},"end":{"line":24,"column":80}}],"line":24}},"s":{"0":3,"1":3,"2":3,"3":3,"4":3,"5":3,"6":1,"7":1,"8":1,"9":1,"10":2,"11":1,"12":1,"13":2},"f":{"0":3},"b":{"0":[1,0],"1":[1,1],"2":[2,1]},"_coverageSchema":"1a1c01bbd47fc00a2c39e90264f33305004495a9","hash":"f7b389c73618a4d8156988af88217b0e80077859"}
,"/Users/adelimon/github/trackboss/src/util/sqspublisher.ts": {"path":"/Users/adelimon/github/trackboss/src/util/sqspublisher.ts","statementMap":{"0":{"start":{"line":8,"column":30},"end":{"line":8,"column":74}},"1":{"start":{"line":9,"column":4},"end":{"line":9,"column":58}},"2":{"start":{"line":10,"column":16},"end":{"line":10,"column":29}},"3":{"start":{"line":12,"column":4},"end":{"line":12,"column":112}},"4":{"start":{"line":13,"column":19},"end":{"line":13,"column":58}},"5":{"start":{"line":14,"column":20},"end":{"line":14,"column":60}},"6":{"start":{"line":15,"column":19},"end":{"line":15,"column":88}},"7":{"start":{"line":16,"column":17},"end":{"line":16,"column":19}},"8":{"start":{"line":17,"column":4},"end":{"line":30,"column":7}},"9":{"start":{"line":21,"column":8},"end":{"line":26,"column":9}},"10":{"start":{"line":23,"column":12},"end":{"line":23,"column":133}},"11":{"start":{"line":24,"column":12},"end":{"line":24,"column":116}},"12":{"start":{"line":25,"column":12},"end":{"line":25,"column":19}},"13":{"start":{"line":27,"column":8},"end":{"line":27,"column":31}},"14":{"start":{"line":29,"column":8},"end":{"line":29,"column":133}},"15":{"start":{"line":31,"column":4},"end":{"line":31,"column":18}}},"fnMap":{"0":{"name":"publishCommunicationSqs","decl":{"start":{"line":6,"column":30},"end":{"line":6,"column":53}},"loc":{"start":{"line":6,"column":91},"end":{"line":32,"column":1}},"line":6},"1":{"name":"(anonymous_1)","decl":{"start":{"line":20,"column":7},"end":{"line":20,"column":8}},"loc":{"start":{"line":20,"column":33},"end":{"line":30,"column":5}},"line":20}},"branchMap":{"0":{"loc":{"start":{"line":21,"column":8},"end":{"line":26,"column":9}},"type":"if","locations":[{"start":{"line":21,"column":8},"end":{"line":26,"column":9}},{"start":{},"end":{}}],"line":21}},"s":{"0":2,"1":2,"2":2,"3":2,"4":2,"5":2,"6":2,"7":2,"8":2,"9":2,"10":1,"11":1,"12":1,"13":1,"14":1,"15":2},"f":{"0":2,"1":2},"b":{"0":[1,1]},"_coverageSchema":"1a1c01bbd47fc00a2c39e90264f33305004495a9","hash":"9b6f61027ef9555c60bee98b4dfb1a8631ba3200"}
}
