TN:
SF:src/api/api.ts
FN:33,(anonymous_0)
FN:42,(anonymous_1)
FN:46,(anonymous_2)
FNF:3
FNH:2
FNDA:5,(anonymous_0)
FNDA:0,(anonymous_1)
FNDA:5,(anonymous_2)
DA:31,1
DA:33,1
DA:34,5
DA:35,5
DA:36,5
DA:37,5
DA:39,1
DA:42,1
DA:43,0
DA:46,1
DA:47,5
DA:49,5
DA:50,5
DA:51,1
DA:52,1
DA:54,4
DA:55,4
DA:56,3
DA:57,3
DA:58,3
DA:60,3
DA:61,1
DA:62,1
DA:64,2
DA:65,2
DA:66,1
DA:67,1
DA:69,1
DA:70,1
DA:74,1
DA:75,1
DA:78,5
DA:81,1
DA:82,1
DA:83,1
DA:84,1
DA:85,1
DA:86,1
DA:87,1
DA:88,1
DA:89,1
DA:90,1
DA:91,1
DA:92,1
DA:93,1
DA:94,1
DA:95,1
DA:96,1
DA:97,1
DA:98,1
DA:99,1
DA:100,1
DA:101,1
DA:102,1
DA:103,1
DA:104,1
LF:56
LH:55
BRDA:50,0,0,1
BRDA:50,0,1,4
BRDA:65,1,0,1
BRDA:65,1,1,1
BRF:4
BRH:4
end_of_record
TN:
SF:src/api/auditLog.ts
FN:9,(anonymous_0)
FN:25,(anonymous_1)
FNF:2
FNH:2
FNDA:3,(anonymous_0)
FNDA:3,(anonymous_1)
DA:7,1
DA:9,1
DA:10,3
DA:11,3
DA:12,2
DA:13,2
DA:14,1
DA:16,2
DA:17,2
DA:18,1
DA:20,1
DA:25,1
DA:26,3
DA:27,3
DA:28,2
DA:29,1
DA:31,2
DA:32,2
DA:33,1
DA:35,1
LF:20
LH:20
BRDA:17,0,0,1
BRDA:17,0,1,1
BRDA:32,1,0,1
BRDA:32,1,1,1
BRF:4
BRH:4
end_of_record
TN:
SF:src/api/bike.ts
FN:17,(anonymous_0)
FN:54,(anonymous_1)
FN:86,(anonymous_2)
FN:117,(anonymous_3)
FN:163,(anonymous_4)
FNF:5
FNH:5
FNDA:6,(anonymous_0)
FNDA:5,(anonymous_1)
FNDA:5,(anonymous_2)
FNDA:8,(anonymous_3)
FNDA:7,(anonymous_4)
DA:15,1
DA:17,1
DA:18,6
DA:20,6
DA:21,6
DA:22,1
DA:23,1
DA:25,5
DA:26,5
DA:27,3
DA:28,3
DA:29,3
DA:30,3
DA:31,1
DA:32,1
DA:33,1
DA:35,4
DA:36,4
DA:37,1
DA:38,1
DA:39,3
DA:40,1
DA:41,1
DA:42,2
DA:43,1
DA:44,1
DA:46,1
DA:47,1
DA:51,6
DA:54,1
DA:55,5
DA:57,5
DA:58,5
DA:59,1
DA:60,1
DA:62,4
DA:63,4
DA:64,2
DA:65,2
DA:66,2
DA:67,1
DA:68,1
DA:70,3
DA:71,3
DA:72,1
DA:73,1
DA:74,2
DA:75,1
DA:76,1
DA:78,1
DA:79,1
DA:83,5
DA:86,1
DA:87,5
DA:89,5
DA:90,5
DA:91,1
DA:92,1
DA:94,4
DA:95,4
DA:96,3
DA:97,3
DA:98,3
DA:99,1
DA:101,3
DA:102,3
DA:103,1
DA:104,1
DA:105,2
DA:106,1
DA:107,1
DA:109,1
DA:110,1
DA:114,5
DA:117,1
DA:118,8
DA:120,8
DA:121,8
DA:122,1
DA:123,1
DA:125,7
DA:126,7
DA:127,7
DA:128,7
DA:129,1
DA:131,6
DA:132,6
DA:133,6
DA:134,6
DA:135,6
DA:136,6
DA:137,1
DA:138,1
DA:139,1
DA:141,6
DA:142,6
DA:143,1
DA:144,1
DA:145,5
DA:146,2
DA:147,2
DA:148,3
DA:149,1
DA:150,1
DA:151,2
DA:152,1
DA:153,1
DA:155,1
DA:156,1
DA:160,8
DA:163,1
DA:164,7
DA:166,7
DA:167,7
DA:168,1
DA:169,1
DA:171,6
DA:172,6
DA:173,6
DA:174,6
DA:175,1
DA:177,5
DA:178,5
DA:179,5
DA:180,5
DA:181,1
DA:182,1
DA:183,1
DA:185,5
DA:186,5
DA:187,2
DA:188,2
DA:189,3
DA:190,1
DA:191,1
DA:192,2
DA:193,1
DA:194,1
DA:196,1
DA:197,1
DA:201,7
LF:141
LH:141
BRDA:21,0,0,1
BRDA:21,0,1,5
BRDA:36,1,0,1
BRDA:36,1,1,3
BRDA:39,2,0,1
BRDA:39,2,1,2
BRDA:42,3,0,1
BRDA:42,3,1,1
BRDA:58,4,0,1
BRDA:58,4,1,4
BRDA:71,5,0,1
BRDA:71,5,1,2
BRDA:74,6,0,1
BRDA:74,6,1,1
BRDA:90,7,0,1
BRDA:90,7,1,4
BRDA:102,8,0,1
BRDA:102,8,1,2
BRDA:105,9,0,1
BRDA:105,9,1,1
BRDA:121,10,0,1
BRDA:121,10,1,7
BRDA:128,11,0,1
BRDA:128,11,1,6
BRDA:142,12,0,1
BRDA:142,12,1,5
BRDA:145,13,0,2
BRDA:145,13,1,3
BRDA:148,14,0,1
BRDA:148,14,1,2
BRDA:151,15,0,1
BRDA:151,15,1,1
BRDA:167,16,0,1
BRDA:167,16,1,6
BRDA:174,17,0,1
BRDA:174,17,1,5
BRDA:186,18,0,2
BRDA:186,18,1,3
BRDA:189,19,0,1
BRDA:189,19,1,2
BRDA:192,20,0,1
BRDA:192,20,1,1
BRF:42
BRH:42
end_of_record
TN:
SF:src/api/billing.ts
FN:38,(anonymous_0)
FN:66,(anonymous_1)
FN:106,(anonymous_2)
FN:144,(anonymous_3)
FN:186,(anonymous_4)
FN:215,(anonymous_5)
FN:271,(anonymous_6)
FN:311,(anonymous_7)
FN:361,(anonymous_8)
FN:388,(anonymous_9)
FN:410,(anonymous_10)
FN:436,(anonymous_11)
FNF:12
FNH:12
FNDA:6,(anonymous_0)
FNDA:6,(anonymous_1)
FNDA:6,(anonymous_2)
FNDA:6,(anonymous_3)
FNDA:5,(anonymous_4)
FNDA:8,(anonymous_5)
FNDA:6,(anonymous_6)
FNDA:6,(anonymous_7)
FNDA:4,(anonymous_8)
FNDA:2,(anonymous_9)
FNDA:4,(anonymous_10)
FNDA:5,(anonymous_11)
DA:36,1
DA:38,1
DA:39,6
DA:41,6
DA:42,6
DA:43,1
DA:44,1
DA:46,5
DA:47,5
DA:49,4
DA:50,4
DA:51,3
DA:53,2
DA:54,2
DA:55,1
DA:56,1
DA:58,1
DA:59,1
DA:63,6
DA:66,1
DA:67,6
DA:69,6
DA:70,6
DA:71,1
DA:72,1
DA:74,5
DA:75,5
DA:76,5
DA:77,5
DA:78,5
DA:79,1
DA:80,1
DA:82,5
DA:87,2
DA:88,2
DA:90,3
DA:91,3
DA:92,1
DA:93,1
DA:94,2
DA:95,1
DA:96,1
DA:98,1
DA:99,1
DA:103,6
DA:106,1
DA:107,6
DA:109,6
DA:110,6
DA:111,1
DA:112,1
DA:114,5
DA:115,5
DA:116,3
DA:117,3
DA:118,1
DA:121,2
DA:122,1
DA:123,1
DA:125,4
DA:126,4
DA:127,1
DA:128,1
DA:129,3
DA:130,1
DA:131,1
DA:132,2
DA:133,1
DA:134,1
DA:136,1
DA:137,1
DA:141,6
DA:144,1
DA:145,6
DA:147,6
DA:148,6
DA:149,1
DA:150,1
DA:152,5
DA:153,5
DA:154,3
DA:155,3
DA:156,3
DA:157,1
DA:159,2
DA:160,2
DA:161,2
DA:162,1
DA:163,1
DA:164,1
DA:165,1
DA:167,4
DA:168,4
DA:169,1
DA:170,1
DA:171,3
DA:172,1
DA:173,1
DA:174,2
DA:175,1
DA:176,1
DA:178,1
DA:179,1
DA:183,6
DA:186,1
DA:187,5
DA:189,5
DA:190,5
DA:191,1
DA:192,1
DA:194,4
DA:195,4
DA:196,2
DA:197,1
DA:199,3
DA:200,3
DA:201,1
DA:202,1
DA:203,2
DA:204,1
DA:205,1
DA:207,1
DA:208,1
DA:212,5
DA:215,1
DA:216,8
DA:218,8
DA:219,8
DA:220,1
DA:221,1
DA:223,7
DA:224,7
DA:225,5
DA:226,5
DA:227,1
DA:229,4
DA:230,3
DA:231,3
DA:233,2
DA:234,2
DA:236,3
DA:238,3
DA:239,2
DA:240,2
DA:244,3
DA:245,1
DA:246,1
DA:248,3
DA:249,3
DA:250,3
DA:252,4
DA:253,4
DA:254,1
DA:255,1
DA:256,3
DA:257,1
DA:258,1
DA:259,2
DA:260,1
DA:261,1
DA:263,1
DA:264,1
DA:268,8
DA:271,1
DA:272,6
DA:274,6
DA:275,6
DA:276,1
DA:277,1
DA:279,5
DA:280,5
DA:281,3
DA:282,3
DA:283,1
DA:285,2
DA:286,1
DA:287,1
DA:288,1
DA:289,1
DA:290,1
DA:292,4
DA:293,4
DA:294,1
DA:295,1
DA:296,3
DA:297,1
DA:298,1
DA:299,2
DA:300,1
DA:301,1
DA:303,1
DA:304,1
DA:308,6
DA:311,1
DA:312,6
DA:314,6
DA:315,6
DA:316,1
DA:317,1
DA:319,5
DA:320,5
DA:321,3
DA:322,3
DA:323,1
DA:325,2
DA:326,2
DA:327,2
DA:328,2
DA:329,2
DA:330,2
DA:331,2
DA:332,2
DA:333,1
DA:334,1
DA:335,1
DA:336,1
DA:337,1
DA:338,1
DA:339,1
DA:340,1
DA:342,4
DA:343,4
DA:344,1
DA:345,1
DA:346,3
DA:347,1
DA:348,1
DA:349,2
DA:350,1
DA:351,1
DA:353,1
DA:354,1
DA:358,6
DA:361,1
DA:362,4
DA:363,4
DA:364,3
DA:365,3
DA:366,3
DA:367,3
DA:368,1
DA:369,1
DA:371,3
DA:376,2
DA:377,2
DA:378,2
DA:379,2
DA:388,2
DA:389,2
DA:398,2
DA:400,2
DA:402,2
DA:404,2
DA:405,2
DA:406,2
DA:410,1
DA:411,4
DA:412,4
DA:413,4
DA:414,4
DA:415,4
DA:416,1
DA:417,1
DA:419,3
DA:420,3
DA:421,3
DA:422,3
DA:423,1
DA:424,1
DA:426,3
DA:427,2
DA:428,2
DA:430,1
DA:431,1
DA:432,1
DA:436,1
DA:437,5
DA:438,5
DA:439,5
DA:440,5
DA:441,5
DA:442,5
DA:443,4
DA:444,1
DA:445,1
DA:446,1
DA:447,1
DA:449,3
DA:450,3
DA:452,3
DA:453,3
DA:455,3
DA:456,2
DA:457,1
DA:458,1
DA:461,1
DA:462,1
DA:466,1
DA:468,3
DA:469,3
DA:471,3
DA:473,1
DA:474,1
DA:475,1
LF:304
LH:304
BRDA:42,0,0,1
BRDA:42,0,1,5
BRDA:49,1,0,4
BRDA:49,1,1,3
BRDA:54,2,0,1
BRDA:54,2,1,1
BRDA:70,3,0,1
BRDA:70,3,1,5
BRDA:78,4,0,1
BRDA:78,4,1,4
BRDA:91,5,0,1
BRDA:91,5,1,2
BRDA:94,6,0,1
BRDA:94,6,1,1
BRDA:110,7,0,1
BRDA:110,7,1,5
BRDA:117,8,0,1
BRDA:117,8,1,2
BRDA:126,9,0,1
BRDA:126,9,1,3
BRDA:129,10,0,1
BRDA:129,10,1,2
BRDA:132,11,0,1
BRDA:132,11,1,1
BRDA:148,12,0,1
BRDA:148,12,1,5
BRDA:156,13,0,1
BRDA:156,13,1,2
BRDA:161,14,0,2
BRDA:161,14,1,1
BRDA:168,15,0,1
BRDA:168,15,1,3
BRDA:171,16,0,1
BRDA:171,16,1,2
BRDA:174,17,0,1
BRDA:174,17,1,1
BRDA:190,18,0,1
BRDA:190,18,1,4
BRDA:200,19,0,1
BRDA:200,19,1,2
BRDA:203,20,0,1
BRDA:203,20,1,1
BRDA:219,21,0,1
BRDA:219,21,1,7
BRDA:226,22,0,1
BRDA:226,22,1,4
BRDA:231,23,0,2
BRDA:231,23,1,1
BRDA:238,24,0,2
BRDA:238,24,1,1
BRDA:238,25,0,3
BRDA:238,25,1,2
BRDA:244,26,0,1
BRDA:244,26,1,2
BRDA:253,27,0,1
BRDA:253,27,1,3
BRDA:256,28,0,1
BRDA:256,28,1,2
BRDA:259,29,0,1
BRDA:259,29,1,1
BRDA:275,30,0,1
BRDA:275,30,1,5
BRDA:282,31,0,1
BRDA:282,31,1,2
BRDA:293,32,0,1
BRDA:293,32,1,3
BRDA:296,33,0,1
BRDA:296,33,1,2
BRDA:299,34,0,1
BRDA:299,34,1,1
BRDA:315,35,0,1
BRDA:315,35,1,5
BRDA:322,36,0,1
BRDA:322,36,1,2
BRDA:343,37,0,1
BRDA:343,37,1,3
BRDA:346,38,0,1
BRDA:346,38,1,2
BRDA:349,39,0,1
BRDA:349,39,1,1
BRDA:367,40,0,1
BRDA:367,40,1,2
BRDA:395,41,0,1
BRDA:395,41,1,1
BRDA:396,42,0,1
BRDA:396,42,1,1
BRDA:415,43,0,1
BRDA:415,43,1,3
BRDA:422,44,0,1
BRDA:422,44,1,2
BRDA:443,45,0,1
BRDA:443,45,1,3
BRDA:455,46,0,2
BRDA:455,46,1,1
BRDA:456,47,0,1
BRDA:456,47,1,1
BRF:96
BRH:96
end_of_record
TN:
SF:src/api/boardMember.ts
FN:23,(anonymous_0)
FN:58,(anonymous_1)
FN:86,(anonymous_2)
FN:120,(anonymous_3)
FN:164,(anonymous_4)
FNF:5
FNH:5
FNDA:3,(anonymous_0)
FNDA:3,(anonymous_1)
FNDA:2,(anonymous_2)
FNDA:3,(anonymous_3)
FNDA:2,(anonymous_4)
DA:21,1
DA:23,1
DA:24,3
DA:26,3
DA:27,3
DA:28,1
DA:29,1
DA:31,2
DA:32,2
DA:33,2
DA:34,2
DA:35,1
DA:36,1
DA:37,1
DA:39,1
DA:40,1
DA:41,1
DA:42,1
DA:43,0
DA:44,0
DA:45,0
DA:46,0
DA:47,0
DA:48,0
DA:50,0
DA:51,0
DA:55,3
DA:58,1
DA:59,3
DA:61,3
DA:62,3
DA:63,1
DA:64,1
DA:66,2
DA:67,2
DA:69,1
DA:70,1
DA:71,1
DA:73,1
DA:74,1
DA:75,1
DA:76,1
DA:78,0
DA:79,0
DA:83,3
DA:86,1
DA:87,2
DA:89,2
DA:90,2
DA:91,0
DA:92,0
DA:94,2
DA:95,2
DA:96,2
DA:97,2
DA:98,2
DA:99,1
DA:101,1
DA:102,1
DA:104,1
DA:105,1
DA:106,1
DA:107,1
DA:108,0
DA:109,0
DA:110,0
DA:112,0
DA:113,0
DA:117,2
DA:120,1
DA:121,3
DA:123,3
DA:124,3
DA:125,0
DA:126,0
DA:128,3
DA:129,3
DA:130,3
DA:131,3
DA:132,1
DA:134,2
DA:135,1
DA:136,1
DA:137,1
DA:138,1
DA:139,1
DA:140,1
DA:142,2
DA:143,2
DA:144,0
DA:145,0
DA:146,2
DA:147,1
DA:148,1
DA:149,1
DA:150,0
DA:151,0
DA:152,1
DA:153,1
DA:154,1
DA:156,0
DA:157,0
DA:161,3
DA:164,1
DA:165,2
DA:167,2
DA:168,2
DA:169,0
DA:170,0
DA:172,2
DA:173,2
DA:174,2
DA:175,2
DA:176,0
DA:178,2
DA:179,1
DA:180,1
DA:181,1
DA:182,1
DA:183,1
DA:185,1
DA:186,1
DA:187,0
DA:188,0
DA:189,1
DA:190,1
DA:191,1
DA:192,0
DA:193,0
DA:194,0
DA:196,0
DA:197,0
DA:201,2
LF:133
LH:98
BRDA:27,0,0,1
BRDA:27,0,1,2
BRDA:40,1,0,1
BRDA:40,1,1,0
BRDA:43,2,0,0
BRDA:43,2,1,0
BRDA:46,3,0,0
BRDA:46,3,1,0
BRDA:62,4,0,1
BRDA:62,4,1,2
BRDA:74,5,0,1
BRDA:74,5,1,0
BRDA:90,6,0,0
BRDA:90,6,1,2
BRDA:98,7,0,1
BRDA:98,7,1,1
BRDA:105,8,0,1
BRDA:105,8,1,0
BRDA:108,9,0,0
BRDA:108,9,1,0
BRDA:124,10,0,0
BRDA:124,10,1,3
BRDA:131,11,0,1
BRDA:131,11,1,2
BRDA:143,12,0,0
BRDA:143,12,1,2
BRDA:146,13,0,1
BRDA:146,13,1,1
BRDA:149,14,0,0
BRDA:149,14,1,1
BRDA:152,15,0,1
BRDA:152,15,1,0
BRDA:168,16,0,0
BRDA:168,16,1,2
BRDA:175,17,0,0
BRDA:175,17,1,2
BRDA:186,18,0,0
BRDA:186,18,1,1
BRDA:189,19,0,1
BRDA:189,19,1,0
BRDA:192,20,0,0
BRDA:192,20,1,0
BRF:42
BRH:22
end_of_record
TN:
SF:src/api/boardMemberType.ts
FN:22,(anonymous_0)
FN:56,(anonymous_1)
FN:84,(anonymous_2)
FN:119,(anonymous_3)
FN:161,(anonymous_4)
FNF:5
FNH:5
FNDA:6,(anonymous_0)
FNDA:4,(anonymous_1)
FNDA:6,(anonymous_2)
FNDA:8,(anonymous_3)
FNDA:7,(anonymous_4)
DA:20,1
DA:22,1
DA:23,6
DA:25,6
DA:26,6
DA:27,1
DA:28,1
DA:30,5
DA:31,5
DA:32,3
DA:33,1
DA:34,1
DA:36,4
DA:37,4
DA:38,4
DA:39,1
DA:40,1
DA:41,3
DA:42,1
DA:43,1
DA:44,2
DA:45,1
DA:46,1
DA:48,1
DA:49,1
DA:53,6
DA:56,1
DA:57,4
DA:59,4
DA:60,4
DA:61,1
DA:62,1
DA:64,3
DA:65,3
DA:66,2
DA:67,1
DA:68,1
DA:70,2
DA:71,2
DA:72,2
DA:73,1
DA:74,1
DA:76,1
DA:77,1
DA:81,4
DA:84,1
DA:85,6
DA:87,6
DA:88,6
DA:89,1
DA:90,1
DA:92,5
DA:93,5
DA:94,4
DA:95,4
DA:96,4
DA:97,1
DA:99,3
DA:100,1
DA:102,4
DA:103,4
DA:104,4
DA:105,2
DA:106,2
DA:107,2
DA:108,1
DA:109,1
DA:111,1
DA:112,1
DA:116,6
DA:119,1
DA:120,8
DA:122,8
DA:123,8
DA:124,1
DA:125,1
DA:127,7
DA:128,7
DA:129,7
DA:130,7
DA:131,1
DA:133,6
DA:134,6
DA:135,1
DA:136,1
DA:138,6
DA:139,6
DA:140,6
DA:141,1
DA:142,1
DA:143,5
DA:144,2
DA:145,2
DA:146,3
DA:147,1
DA:148,1
DA:149,2
DA:150,1
DA:151,1
DA:153,1
DA:154,1
DA:158,8
DA:161,1
DA:162,7
DA:164,7
DA:165,7
DA:166,1
DA:167,1
DA:169,6
DA:170,6
DA:171,6
DA:172,6
DA:173,1
DA:175,5
DA:176,5
DA:177,1
DA:178,1
DA:180,5
DA:181,5
DA:182,5
DA:183,2
DA:184,2
DA:185,3
DA:186,1
DA:187,1
DA:188,2
DA:189,1
DA:190,1
DA:192,1
DA:193,1
DA:197,7
LF:131
LH:131
BRDA:26,0,0,1
BRDA:26,0,1,5
BRDA:38,1,0,1
BRDA:38,1,1,3
BRDA:41,2,0,1
BRDA:41,2,1,2
BRDA:44,3,0,1
BRDA:44,3,1,1
BRDA:60,4,0,1
BRDA:60,4,1,3
BRDA:72,5,0,1
BRDA:72,5,1,1
BRDA:88,6,0,1
BRDA:88,6,1,5
BRDA:96,7,0,1
BRDA:96,7,1,3
BRDA:104,8,0,2
BRDA:104,8,1,2
BRDA:107,9,0,1
BRDA:107,9,1,1
BRDA:123,10,0,1
BRDA:123,10,1,7
BRDA:130,11,0,1
BRDA:130,11,1,6
BRDA:140,12,0,1
BRDA:140,12,1,5
BRDA:143,13,0,2
BRDA:143,13,1,3
BRDA:146,14,0,1
BRDA:146,14,1,2
BRDA:149,15,0,1
BRDA:149,15,1,1
BRDA:165,16,0,1
BRDA:165,16,1,6
BRDA:172,17,0,1
BRDA:172,17,1,5
BRDA:182,18,0,2
BRDA:182,18,1,3
BRDA:185,19,0,1
BRDA:185,19,1,2
BRDA:188,20,0,1
BRDA:188,20,1,1
BRF:42
BRH:42
end_of_record
TN:
SF:src/api/dashboard.ts
FN:15,(anonymous_0)
FNF:1
FNH:0
FNDA:0,(anonymous_0)
DA:13,1
DA:15,1
DA:16,0
DA:17,0
DA:18,0
DA:19,0
DA:20,0
DA:21,0
DA:23,0
DA:24,0
DA:25,0
DA:26,0
DA:28,0
DA:29,0
DA:30,0
DA:41,0
DA:52,0
DA:53,0
DA:55,0
DA:56,0
DA:57,0
DA:61,0
DA:71,0
DA:72,0
DA:74,0
DA:75,0
DA:76,0
DA:77,0
DA:79,0
DA:80,0
LF:30
LH:2
BRDA:18,0,0,0
BRDA:18,0,1,0
BRDA:53,1,0,0
BRDA:53,1,1,0
BRDA:53,2,0,0
BRDA:53,2,1,0
BRDA:53,2,2,0
BRDA:56,3,0,0
BRDA:56,3,1,0
BRDA:62,4,0,0
BRDA:62,4,1,0
BRDA:63,5,0,0
BRDA:63,5,1,0
BRDA:64,6,0,0
BRDA:64,6,1,0
BRDA:65,7,0,0
BRDA:65,7,1,0
BRDA:66,8,0,0
BRDA:66,8,1,0
BRDA:67,9,0,0
BRDA:67,9,1,0
BRDA:75,10,0,0
BRDA:75,10,1,0
BRF:23
BRH:0
end_of_record
TN:
SF:src/api/defaultSetting.ts
FN:19,(anonymous_0)
FN:40,(anonymous_1)
FN:56,(anonymous_2)
FN:67,(anonymous_3)
FN:81,(anonymous_4)
FN:96,(anonymous_5)
FN:111,(anonymous_6)
FNF:7
FNH:7
FNDA:3,(anonymous_0)
FNDA:2,(anonymous_1)
FNDA:1,(anonymous_2)
FNDA:1,(anonymous_3)
FNDA:1,(anonymous_4)
FNDA:1,(anonymous_5)
FNDA:1,(anonymous_6)
DA:17,1
DA:19,1
DA:21,3
DA:22,3
DA:23,2
DA:24,1
DA:25,1
DA:26,1
DA:28,2
DA:29,2
DA:30,1
DA:31,1
DA:33,1
DA:34,1
DA:36,2
DA:40,1
DA:41,2
DA:42,2
DA:43,2
DA:44,0
DA:46,2
DA:47,2
DA:48,1
DA:50,1
DA:51,1
DA:52,1
DA:56,1
DA:57,1
DA:58,1
DA:59,1
DA:61,0
DA:62,0
DA:63,0
DA:67,1
DA:68,1
DA:69,1
DA:70,1
DA:71,1
DA:72,1
DA:73,1
DA:75,0
DA:76,0
DA:77,0
DA:81,1
DA:82,1
DA:83,1
DA:84,1
DA:85,1
DA:86,1
DA:87,1
DA:88,1
DA:90,0
DA:91,0
DA:92,0
DA:96,1
DA:97,1
DA:98,1
DA:99,1
DA:100,1
DA:101,1
DA:102,1
DA:103,1
DA:105,0
DA:106,0
DA:107,0
DA:111,1
DA:112,1
DA:113,1
DA:114,1
DA:115,1
DA:116,0
DA:119,1
DA:120,1
DA:121,1
DA:122,1
DA:123,1
DA:124,1
DA:127,0
DA:128,0
DA:129,0
LF:80
LH:63
BRDA:29,0,0,1
BRDA:29,0,1,1
BRDA:43,1,0,0
BRDA:43,1,1,2
BRDA:115,2,0,0
BRDA:115,2,1,1
BRF:6
BRH:4
end_of_record
TN:
SF:src/api/event.ts
FN:22,(anonymous_0)
FN:69,(anonymous_1)
FN:73,(anonymous_2)
FN:144,(anonymous_3)
FN:183,(anonymous_4)
FN:227,(anonymous_5)
FNF:6
FNH:6
FNDA:7,(anonymous_0)
FNDA:11,(anonymous_1)
FNDA:10,(anonymous_2)
FNDA:6,(anonymous_3)
FNDA:8,(anonymous_4)
FNDA:6,(anonymous_5)
DA:20,1
DA:22,1
DA:23,7
DA:25,7
DA:26,7
DA:27,1
DA:28,1
DA:30,6
DA:31,6
DA:32,6
DA:33,2
DA:34,2
DA:35,2
DA:36,2
DA:40,2
DA:42,1
DA:44,1
DA:45,1
DA:46,1
DA:48,2
DA:50,4
DA:51,4
DA:52,1
DA:53,1
DA:54,3
DA:55,1
DA:56,1
DA:57,2
DA:58,1
DA:59,1
DA:61,1
DA:62,1
DA:66,7
DA:69,1
DA:70,11
DA:72,11
DA:73,11
DA:74,10
DA:75,10
DA:76,2
DA:78,10
DA:79,10
DA:80,10
DA:81,10
DA:82,1
DA:84,10
DA:86,11
DA:87,1
DA:88,1
DA:90,10
DA:91,10
DA:92,8
DA:93,8
DA:95,8
DA:96,1
DA:97,1
DA:99,7
DA:100,7
DA:101,2
DA:103,5
DA:104,5
DA:105,5
DA:106,1
DA:108,4
DA:109,1
DA:114,3
DA:115,1
DA:117,2
DA:123,4
DA:126,5
DA:128,5
DA:129,5
DA:130,3
DA:131,3
DA:132,2
DA:133,1
DA:134,1
DA:136,1
DA:137,1
DA:141,11
DA:144,1
DA:145,6
DA:147,6
DA:148,6
DA:149,1
DA:150,1
DA:152,5
DA:153,5
DA:154,4
DA:155,4
DA:156,4
DA:157,1
DA:159,3
DA:160,3
DA:161,1
DA:163,2
DA:165,2
DA:167,3
DA:168,3
DA:169,1
DA:170,1
DA:171,2
DA:172,1
DA:173,1
DA:175,1
DA:176,1
DA:180,6
DA:183,1
DA:184,8
DA:186,8
DA:187,8
DA:188,1
DA:189,1
DA:191,7
DA:192,7
DA:193,7
DA:194,7
DA:195,1
DA:197,6
DA:198,5
DA:199,3
DA:200,3
DA:201,1
DA:202,1
DA:203,1
DA:205,6
DA:206,6
DA:207,1
DA:208,1
DA:209,5
DA:210,2
DA:211,2
DA:212,3
DA:213,1
DA:214,1
DA:215,2
DA:216,1
DA:217,1
DA:219,1
DA:220,1
DA:224,8
DA:227,1
DA:228,6
DA:230,6
DA:231,6
DA:232,1
DA:233,1
DA:235,5
DA:236,5
DA:237,5
DA:238,5
DA:239,1
DA:241,4
DA:242,4
DA:243,2
DA:244,2
DA:245,1
DA:246,1
DA:247,1
DA:249,4
DA:250,4
DA:251,1
DA:252,1
DA:253,3
DA:254,1
DA:255,1
DA:256,2
DA:257,1
DA:258,1
DA:260,1
DA:261,1
DA:265,6
LF:172
LH:172
BRDA:26,0,0,1
BRDA:26,0,1,6
BRDA:51,1,0,1
BRDA:51,1,1,3
BRDA:54,2,0,1
BRDA:54,2,1,2
BRDA:57,3,0,1
BRDA:57,3,1,1
BRDA:75,4,0,2
BRDA:75,4,1,8
BRDA:81,5,0,1
BRDA:81,5,1,9
BRDA:81,6,0,10
BRDA:81,6,1,9
BRDA:81,6,2,9
BRDA:86,7,0,1
BRDA:86,7,1,10
BRDA:95,8,0,1
BRDA:95,8,1,7
BRDA:100,9,0,2
BRDA:100,9,1,5
BRDA:100,10,0,7
BRDA:100,10,1,7
BRDA:105,11,0,1
BRDA:105,11,1,4
BRDA:105,12,0,5
BRDA:105,12,1,4
BRDA:108,13,0,1
BRDA:108,13,1,3
BRDA:108,14,0,4
BRDA:108,14,1,1
BRDA:114,15,0,1
BRDA:114,15,1,2
BRDA:114,16,0,3
BRDA:114,16,1,1
BRDA:129,17,0,3
BRDA:129,17,1,2
BRDA:132,18,0,1
BRDA:132,18,1,1
BRDA:148,19,0,1
BRDA:148,19,1,5
BRDA:156,20,0,1
BRDA:156,20,1,3
BRDA:160,21,0,1
BRDA:160,21,1,2
BRDA:168,22,0,1
BRDA:168,22,1,2
BRDA:171,23,0,1
BRDA:171,23,1,1
BRDA:187,24,0,1
BRDA:187,24,1,7
BRDA:194,25,0,1
BRDA:194,25,1,6
BRDA:206,26,0,1
BRDA:206,26,1,5
BRDA:209,27,0,2
BRDA:209,27,1,3
BRDA:212,28,0,1
BRDA:212,28,1,2
BRDA:215,29,0,1
BRDA:215,29,1,1
BRDA:231,30,0,1
BRDA:231,30,1,5
BRDA:238,31,0,1
BRDA:238,31,1,4
BRDA:250,32,0,1
BRDA:250,32,1,3
BRDA:253,33,0,1
BRDA:253,33,1,2
BRDA:256,34,0,1
BRDA:256,34,1,1
BRF:71
BRH:71
end_of_record
TN:
SF:src/api/eventJob.ts
FN:15,(anonymous_0)
FN:50,(anonymous_1)
FN:80,(anonymous_2)
FN:123,(anonymous_3)
FNF:4
FNH:4
FNDA:6,(anonymous_0)
FNDA:5,(anonymous_1)
FNDA:8,(anonymous_2)
FNDA:7,(anonymous_3)
DA:13,1
DA:15,1
DA:16,6
DA:18,6
DA:19,6
DA:20,1
DA:21,1
DA:23,5
DA:24,5
DA:25,3
DA:26,3
DA:27,1
DA:28,1
DA:29,1
DA:31,4
DA:32,4
DA:33,1
DA:34,1
DA:35,3
DA:36,1
DA:37,1
DA:38,2
DA:39,1
DA:40,1
DA:42,1
DA:43,1
DA:47,6
DA:50,1
DA:51,5
DA:53,5
DA:54,5
DA:55,1
DA:56,1
DA:58,4
DA:59,4
DA:60,3
DA:61,3
DA:62,1
DA:64,3
DA:65,3
DA:66,1
DA:67,1
DA:68,2
DA:69,1
DA:70,1
DA:72,1
DA:73,1
DA:77,5
DA:80,1
DA:81,8
DA:83,8
DA:84,8
DA:85,1
DA:86,1
DA:88,7
DA:89,7
DA:90,7
DA:91,7
DA:92,1
DA:94,6
DA:95,6
DA:96,6
DA:97,1
DA:98,1
DA:99,1
DA:101,6
DA:102,6
DA:103,1
DA:104,1
DA:105,5
DA:106,2
DA:107,2
DA:108,3
DA:109,1
DA:110,1
DA:111,2
DA:112,1
DA:113,1
DA:115,1
DA:116,1
DA:120,8
DA:123,1
DA:124,7
DA:126,7
DA:127,7
DA:128,1
DA:129,1
DA:131,6
DA:132,6
DA:133,6
DA:134,6
DA:135,1
DA:137,5
DA:138,5
DA:139,5
DA:140,1
DA:141,1
DA:142,1
DA:144,5
DA:145,5
DA:146,2
DA:147,2
DA:148,3
DA:149,1
DA:150,1
DA:151,2
DA:152,1
DA:153,1
DA:155,1
DA:156,1
DA:160,7
LF:111
LH:111
BRDA:19,0,0,1
BRDA:19,0,1,5
BRDA:32,1,0,1
BRDA:32,1,1,3
BRDA:35,2,0,1
BRDA:35,2,1,2
BRDA:38,3,0,1
BRDA:38,3,1,1
BRDA:54,4,0,1
BRDA:54,4,1,4
BRDA:65,5,0,1
BRDA:65,5,1,2
BRDA:68,6,0,1
BRDA:68,6,1,1
BRDA:84,7,0,1
BRDA:84,7,1,7
BRDA:91,8,0,1
BRDA:91,8,1,6
BRDA:102,9,0,1
BRDA:102,9,1,5
BRDA:105,10,0,2
BRDA:105,10,1,3
BRDA:108,11,0,1
BRDA:108,11,1,2
BRDA:111,12,0,1
BRDA:111,12,1,1
BRDA:127,13,0,1
BRDA:127,13,1,6
BRDA:134,14,0,1
BRDA:134,14,1,5
BRDA:145,15,0,2
BRDA:145,15,1,3
BRDA:148,16,0,1
BRDA:148,16,1,2
BRDA:151,17,0,1
BRDA:151,17,1,1
BRF:36
BRH:36
end_of_record
TN:
SF:src/api/eventType.ts
FN:17,(anonymous_0)
FN:51,(anonymous_1)
FN:78,(anonymous_2)
FN:108,(anonymous_3)
FNF:4
FNH:4
FNDA:6,(anonymous_0)
FNDA:4,(anonymous_1)
FNDA:5,(anonymous_2)
FNDA:7,(anonymous_3)
DA:15,1
DA:17,1
DA:18,6
DA:20,6
DA:21,6
DA:22,1
DA:23,1
DA:25,5
DA:26,5
DA:27,3
DA:28,1
DA:29,1
DA:30,1
DA:32,4
DA:33,4
DA:34,1
DA:35,1
DA:36,3
DA:37,1
DA:38,1
DA:39,2
DA:40,1
DA:41,1
DA:43,1
DA:44,1
DA:48,6
DA:51,1
DA:52,4
DA:54,4
DA:55,4
DA:56,1
DA:57,1
DA:59,3
DA:60,3
DA:61,2
DA:62,1
DA:63,1
DA:65,2
DA:66,2
DA:67,1
DA:68,1
DA:70,1
DA:71,1
DA:75,4
DA:78,1
DA:79,5
DA:81,5
DA:82,5
DA:83,1
DA:84,1
DA:86,4
DA:87,4
DA:88,3
DA:89,3
DA:90,1
DA:92,3
DA:93,3
DA:94,1
DA:95,1
DA:96,2
DA:97,1
DA:98,1
DA:100,1
DA:101,1
DA:105,5
DA:108,1
DA:109,7
DA:111,7
DA:112,7
DA:113,1
DA:114,1
DA:116,6
DA:117,6
DA:118,6
DA:119,6
DA:120,6
DA:121,1
DA:122,1
DA:123,1
DA:125,5
DA:126,5
DA:127,1
DA:128,1
DA:129,4
DA:130,1
DA:131,1
DA:132,3
DA:133,1
DA:134,1
DA:135,2
DA:136,1
DA:137,1
DA:139,1
DA:140,1
DA:144,7
LF:95
LH:95
BRDA:21,0,0,1
BRDA:21,0,1,5
BRDA:33,1,0,1
BRDA:33,1,1,3
BRDA:36,2,0,1
BRDA:36,2,1,2
BRDA:39,3,0,1
BRDA:39,3,1,1
BRDA:55,4,0,1
BRDA:55,4,1,3
BRDA:66,5,0,1
BRDA:66,5,1,1
BRDA:82,6,0,1
BRDA:82,6,1,4
BRDA:93,7,0,1
BRDA:93,7,1,2
BRDA:96,8,0,1
BRDA:96,8,1,1
BRDA:112,9,0,1
BRDA:112,9,1,6
BRDA:126,10,0,1
BRDA:126,10,1,4
BRDA:129,11,0,1
BRDA:129,11,1,3
BRDA:132,12,0,1
BRDA:132,12,1,2
BRDA:135,13,0,1
BRDA:135,13,1,1
BRF:28
BRH:28
end_of_record
TN:
SF:src/api/gateCode.ts
FN:9,(anonymous_0)
FN:20,(anonymous_1)
FN:34,(anonymous_2)
FN:75,(anonymous_3)
FN:108,(anonymous_4)
FN:146,(anonymous_5)
FNF:6
FNH:6
FNDA:7,(anonymous_0)
FNDA:2,(anonymous_1)
FNDA:8,(anonymous_2)
FNDA:5,(anonymous_3)
FNDA:5,(anonymous_4)
FNDA:5,(anonymous_5)
DA:9,1
DA:11,7
DA:12,6
DA:13,3
DA:20,1
DA:23,2
DA:24,2
DA:25,1
DA:32,1
DA:34,1
DA:35,8
DA:37,8
DA:39,8
DA:40,1
DA:41,1
DA:43,7
DA:44,7
DA:45,7
DA:46,4
DA:47,2
DA:49,2
DA:55,3
DA:57,4
DA:58,4
DA:59,4
DA:60,2
DA:61,2
DA:62,2
DA:63,1
DA:64,1
DA:66,1
DA:67,1
DA:68,1
DA:72,8
DA:75,1
DA:76,5
DA:78,5
DA:79,5
DA:81,5
DA:82,1
DA:83,1
DA:85,4
DA:86,4
DA:87,3
DA:88,1
DA:90,3
DA:91,3
DA:92,3
DA:93,1
DA:94,1
DA:95,2
DA:96,1
DA:97,1
DA:99,1
DA:100,1
DA:101,1
DA:105,5
DA:108,1
DA:109,5
DA:111,5
DA:112,5
DA:114,5
DA:115,1
DA:116,1
DA:118,4
DA:119,4
DA:121,3
DA:122,3
DA:124,3
DA:125,2
DA:126,1
DA:128,3
DA:129,3
DA:130,3
DA:131,1
DA:132,1
DA:133,2
DA:134,1
DA:135,1
DA:137,1
DA:138,1
DA:139,1
DA:143,5
DA:146,1
DA:147,5
DA:149,5
DA:150,5
DA:152,5
DA:153,1
DA:154,1
DA:156,4
DA:157,4
DA:159,3
DA:160,3
DA:162,3
DA:163,2
DA:164,1
DA:166,3
DA:167,3
DA:168,3
DA:169,1
DA:170,1
DA:171,2
DA:172,1
DA:173,1
DA:175,1
DA:176,1
DA:177,1
DA:181,5
LF:109
LH:109
BRDA:12,0,0,3
BRDA:12,0,1,3
BRDA:24,1,0,1
BRDA:24,1,1,1
BRDA:39,2,0,1
BRDA:39,2,1,7
BRDA:44,3,0,7
BRDA:44,3,1,1
BRDA:46,4,0,2
BRDA:46,4,1,2
BRDA:46,5,0,4
BRDA:46,5,1,2
BRDA:59,6,0,2
BRDA:59,6,1,2
BRDA:62,7,0,1
BRDA:62,7,1,1
BRDA:81,8,0,1
BRDA:81,8,1,4
BRDA:92,9,0,1
BRDA:92,9,1,2
BRDA:95,10,0,1
BRDA:95,10,1,1
BRDA:114,11,0,1
BRDA:114,11,1,4
BRDA:130,12,0,1
BRDA:130,12,1,2
BRDA:133,13,0,1
BRDA:133,13,1,1
BRDA:152,14,0,1
BRDA:152,14,1,4
BRDA:168,15,0,1
BRDA:168,15,1,2
BRDA:171,16,0,1
BRDA:171,16,1,1
BRF:34
BRH:34
end_of_record
TN:
SF:src/api/health.ts
FN:8,(anonymous_0)
FNF:1
FNH:1
FNDA:2,(anonymous_0)
DA:6,1
DA:8,1
DA:9,2
DA:18,2
DA:19,2
DA:20,1
DA:21,1
DA:23,1
DA:24,1
DA:25,1
DA:26,1
DA:27,1
DA:29,2
DA:30,2
LF:14
LH:14
BRF:0
BRH:0
end_of_record
TN:
SF:src/api/job.ts
FN:35,GetJobList
FN:39,(anonymous_1)
FN:152,(anonymous_2)
FN:193,(anonymous_3)
FN:220,(anonymous_4)
FN:232,(anonymous_5)
FN:249,(anonymous_6)
FN:270,(anonymous_7)
FN:304,(anonymous_8)
FN:349,(anonymous_9)
FN:387,(anonymous_10)
FN:424,(anonymous_11)
FNF:12
FNH:12
FNDA:8,GetJobList
FNDA:4,(anonymous_1)
FNDA:3,(anonymous_2)
FNDA:1,(anonymous_3)
FNDA:7,(anonymous_4)
FNDA:1,(anonymous_5)
FNDA:1,(anonymous_6)
FNDA:2,(anonymous_7)
FNDA:1,(anonymous_8)
FNDA:1,(anonymous_9)
FNDA:1,(anonymous_10)
FNDA:1,(anonymous_11)
DA:36,8
DA:38,8
DA:39,8
DA:40,4
DA:41,4
DA:42,0
DA:44,4
DA:45,4
DA:46,4
DA:47,4
DA:48,1
DA:50,4
DA:52,8
DA:53,1
DA:54,1
DA:56,7
DA:57,7
DA:59,7
DA:62,7
DA:63,3
DA:64,3
DA:65,1
DA:67,2
DA:68,2
DA:69,2
DA:70,1
DA:71,1
DA:72,0
DA:73,1
DA:74,0
DA:76,1
DA:77,1
DA:80,5
DA:81,5
DA:82,5
DA:83,5
DA:84,5
DA:85,5
DA:86,5
DA:88,1
DA:89,1
DA:90,4
DA:92,0
DA:93,0
DA:94,4
DA:95,1
DA:96,1
DA:97,3
DA:98,0
DA:99,0
DA:100,3
DA:101,0
DA:102,0
DA:104,3
DA:105,0
DA:107,3
DA:108,0
DA:110,3
DA:111,0
DA:113,3
DA:114,0
DA:116,3
DA:117,0
DA:119,3
DA:120,1
DA:122,3
DA:123,1
DA:125,3
DA:126,3
DA:127,1
DA:129,2
DA:131,3
DA:134,2
DA:135,2
DA:136,2
DA:137,2
DA:138,0
DA:139,0
DA:140,0
DA:142,0
DA:143,0
DA:147,8
DA:150,1
DA:152,1
DA:153,3
DA:155,3
DA:156,3
DA:157,1
DA:158,1
DA:160,2
DA:161,2
DA:162,2
DA:163,2
DA:164,1
DA:165,1
DA:168,1
DA:169,1
DA:170,1
DA:171,1
DA:172,1
DA:174,1
DA:175,1
DA:176,1
DA:177,1
DA:178,0
DA:179,0
DA:180,0
DA:181,0
DA:182,0
DA:183,0
DA:185,0
DA:186,0
DA:190,3
DA:193,1
DA:194,1
DA:196,1
DA:197,1
DA:198,0
DA:199,0
DA:201,1
DA:202,1
DA:204,1
DA:205,1
DA:206,1
DA:207,1
DA:208,1
DA:209,1
DA:210,1
DA:212,0
DA:213,0
DA:214,0
DA:217,1
DA:220,1
DA:222,7
DA:223,7
DA:225,0
DA:226,0
DA:227,0
DA:229,7
DA:232,1
DA:233,1
DA:235,1
DA:237,1
DA:238,1
DA:239,1
DA:249,1
DA:250,1
DA:260,1
DA:262,1
DA:264,0
DA:265,0
DA:266,0
DA:270,1
DA:271,2
DA:273,2
DA:274,2
DA:275,0
DA:276,0
DA:278,2
DA:279,2
DA:280,2
DA:281,2
DA:282,2
DA:283,1
DA:285,1
DA:286,1
DA:288,1
DA:289,1
DA:290,1
DA:291,1
DA:292,0
DA:293,0
DA:294,0
DA:296,0
DA:297,0
DA:301,2
DA:304,1
DA:305,1
DA:307,1
DA:308,1
DA:309,0
DA:310,0
DA:312,1
DA:313,1
DA:314,1
DA:315,1
DA:316,1
DA:317,0
DA:319,1
DA:320,1
DA:321,1
DA:322,1
DA:323,1
DA:324,1
DA:325,1
DA:327,0
DA:328,0
DA:329,0
DA:330,0
DA:331,0
DA:332,0
DA:333,0
DA:334,0
DA:335,0
DA:336,0
DA:337,0
DA:338,0
DA:339,0
DA:341,0
DA:342,0
DA:346,1
DA:349,1
DA:350,1
DA:352,1
DA:353,1
DA:354,0
DA:355,0
DA:357,1
DA:358,1
DA:359,1
DA:360,1
DA:361,1
DA:362,1
DA:363,0
DA:365,1
DA:366,1
DA:367,1
DA:368,1
DA:369,1
DA:371,0
DA:372,0
DA:373,0
DA:374,0
DA:375,0
DA:376,0
DA:377,0
DA:379,0
DA:380,0
DA:384,1
DA:387,1
DA:388,1
DA:390,1
DA:391,1
DA:392,0
DA:393,0
DA:395,1
DA:396,1
DA:397,1
DA:398,1
DA:399,1
DA:400,0
DA:402,1
DA:403,1
DA:404,1
DA:405,1
DA:406,1
DA:408,0
DA:409,0
DA:410,0
DA:411,0
DA:412,0
DA:413,0
DA:414,0
DA:416,0
DA:417,0
DA:421,1
DA:424,1
DA:425,1
DA:427,1
DA:428,1
DA:429,0
DA:430,0
DA:432,1
DA:433,1
DA:434,1
DA:435,1
DA:436,0
DA:438,1
DA:439,1
DA:440,1
DA:441,1
DA:442,1
DA:443,1
DA:444,1
DA:446,0
DA:447,0
DA:448,0
DA:449,0
DA:450,0
DA:451,0
DA:452,0
DA:453,0
DA:454,0
DA:455,0
DA:457,0
DA:458,0
DA:462,1
LF:297
LH:195
BRDA:41,0,0,0
BRDA:41,0,1,4
BRDA:47,1,0,1
BRDA:47,1,1,3
BRDA:47,2,0,4
BRDA:47,2,1,3
BRDA:47,2,2,3
BRDA:52,3,0,1
BRDA:52,3,1,7
BRDA:62,4,0,3
BRDA:62,4,1,4
BRDA:64,5,0,1
BRDA:64,5,1,2
BRDA:64,6,0,3
BRDA:64,6,1,3
BRDA:69,7,0,1
BRDA:69,7,1,1
BRDA:69,8,0,2
BRDA:69,8,1,1
BRDA:71,9,0,0
BRDA:71,9,1,1
BRDA:71,10,0,1
BRDA:71,10,1,0
BRDA:73,11,0,0
BRDA:73,11,1,1
BRDA:73,12,0,1
BRDA:73,12,1,0
BRDA:86,13,0,1
BRDA:86,13,1,4
BRDA:86,14,0,5
BRDA:86,14,1,1
BRDA:86,14,2,1
BRDA:90,15,0,0
BRDA:90,15,1,4
BRDA:90,16,0,4
BRDA:90,16,1,0
BRDA:90,16,2,0
BRDA:94,17,0,1
BRDA:94,17,1,3
BRDA:94,18,0,4
BRDA:94,18,1,4
BRDA:97,19,0,0
BRDA:97,19,1,3
BRDA:97,20,0,3
BRDA:97,20,1,3
BRDA:100,21,0,0
BRDA:100,21,1,3
BRDA:100,22,0,3
BRDA:100,22,1,3
BRDA:104,23,0,0
BRDA:104,23,1,3
BRDA:107,24,0,0
BRDA:107,24,1,3
BRDA:110,25,0,0
BRDA:110,25,1,3
BRDA:113,26,0,0
BRDA:113,26,1,3
BRDA:116,27,0,0
BRDA:116,27,1,3
BRDA:119,28,0,1
BRDA:119,28,1,2
BRDA:122,29,0,1
BRDA:122,29,1,2
BRDA:126,30,0,1
BRDA:126,30,1,2
BRDA:126,31,0,3
BRDA:126,31,1,2
BRDA:135,32,0,2
BRDA:135,32,1,0
BRDA:138,33,0,0
BRDA:138,33,1,0
BRDA:156,34,0,1
BRDA:156,34,1,2
BRDA:168,35,0,1
BRDA:168,35,1,0
BRDA:170,36,0,1
BRDA:170,36,1,0
BRDA:175,37,0,1
BRDA:175,37,1,0
BRDA:178,38,0,0
BRDA:178,38,1,0
BRDA:181,39,0,0
BRDA:181,39,1,0
BRDA:197,40,0,0
BRDA:197,40,1,1
BRDA:274,41,0,0
BRDA:274,41,1,2
BRDA:282,42,0,1
BRDA:282,42,1,1
BRDA:289,43,0,1
BRDA:289,43,1,0
BRDA:292,44,0,0
BRDA:292,44,1,0
BRDA:308,45,0,0
BRDA:308,45,1,1
BRDA:316,46,0,0
BRDA:316,46,1,1
BRDA:328,47,0,0
BRDA:328,47,1,0
BRDA:331,48,0,0
BRDA:331,48,1,0
BRDA:334,49,0,0
BRDA:334,49,1,0
BRDA:337,50,0,0
BRDA:337,50,1,0
BRDA:353,51,0,0
BRDA:353,51,1,1
BRDA:362,52,0,0
BRDA:362,52,1,1
BRDA:372,53,0,0
BRDA:372,53,1,0
BRDA:375,54,0,0
BRDA:375,54,1,0
BRDA:391,55,0,0
BRDA:391,55,1,1
BRDA:399,56,0,0
BRDA:399,56,1,1
BRDA:409,57,0,0
BRDA:409,57,1,0
BRDA:412,58,0,0
BRDA:412,58,1,0
BRDA:428,59,0,0
BRDA:428,59,1,1
BRDA:435,60,0,0
BRDA:435,60,1,1
BRDA:447,61,0,0
BRDA:447,61,1,0
BRDA:450,62,0,0
BRDA:450,62,1,0
BRDA:453,63,0,0
BRDA:453,63,1,0
BRF:131
BRH:71
end_of_record
TN:
SF:src/api/jobType.ts
FN:16,(anonymous_0)
FN:50,(anonymous_1)
FN:77,(anonymous_2)
FN:104,(anonymous_3)
FN:134,(anonymous_4)
FNF:5
FNH:5
FNDA:6,(anonymous_0)
FNDA:4,(anonymous_1)
FNDA:4,(anonymous_2)
FNDA:5,(anonymous_3)
FNDA:7,(anonymous_4)
DA:14,1
DA:16,1
DA:17,6
DA:19,6
DA:20,6
DA:21,1
DA:22,1
DA:24,5
DA:25,5
DA:26,3
DA:27,1
DA:28,1
DA:29,1
DA:31,4
DA:32,4
DA:33,1
DA:34,1
DA:35,3
DA:36,1
DA:37,1
DA:38,2
DA:39,1
DA:40,1
DA:42,1
DA:43,1
DA:47,6
DA:50,1
DA:51,4
DA:53,4
DA:54,4
DA:55,1
DA:56,1
DA:58,3
DA:59,3
DA:60,2
DA:61,1
DA:62,1
DA:64,2
DA:65,2
DA:66,1
DA:67,1
DA:69,1
DA:70,1
DA:74,4
DA:77,1
DA:78,4
DA:80,4
DA:81,4
DA:82,1
DA:83,1
DA:85,3
DA:86,3
DA:87,2
DA:88,1
DA:89,1
DA:91,2
DA:92,2
DA:93,1
DA:94,1
DA:96,1
DA:97,1
DA:101,4
DA:104,1
DA:105,5
DA:107,5
DA:108,5
DA:109,1
DA:110,1
DA:112,4
DA:113,4
DA:114,3
DA:115,3
DA:116,1
DA:118,3
DA:119,3
DA:120,1
DA:121,1
DA:122,2
DA:123,1
DA:124,1
DA:126,1
DA:127,1
DA:131,5
DA:134,1
DA:135,7
DA:137,7
DA:138,7
DA:139,1
DA:140,1
DA:142,6
DA:143,6
DA:144,6
DA:145,6
DA:146,6
DA:147,1
DA:148,1
DA:149,1
DA:151,5
DA:152,5
DA:153,1
DA:154,1
DA:155,4
DA:156,1
DA:157,1
DA:158,3
DA:159,1
DA:160,1
DA:161,2
DA:162,1
DA:163,1
DA:165,1
DA:166,1
DA:170,7
LF:113
LH:113
BRDA:20,0,0,1
BRDA:20,0,1,5
BRDA:32,1,0,1
BRDA:32,1,1,3
BRDA:35,2,0,1
BRDA:35,2,1,2
BRDA:38,3,0,1
BRDA:38,3,1,1
BRDA:54,4,0,1
BRDA:54,4,1,3
BRDA:65,5,0,1
BRDA:65,5,1,1
BRDA:81,6,0,1
BRDA:81,6,1,3
BRDA:92,7,0,1
BRDA:92,7,1,1
BRDA:108,8,0,1
BRDA:108,8,1,4
BRDA:119,9,0,1
BRDA:119,9,1,2
BRDA:122,10,0,1
BRDA:122,10,1,1
BRDA:138,11,0,1
BRDA:138,11,1,6
BRDA:152,12,0,1
BRDA:152,12,1,4
BRDA:155,13,0,1
BRDA:155,13,1,3
BRDA:158,14,0,1
BRDA:158,14,1,2
BRDA:161,15,0,1
BRDA:161,15,1,1
BRF:32
BRH:32
end_of_record
TN:
SF:src/api/link.ts
FN:13,(anonymous_0)
FNF:1
FNH:1
FNDA:4,(anonymous_0)
DA:11,1
DA:13,1
DA:14,4
DA:16,4
DA:17,4
DA:18,1
DA:19,1
DA:21,3
DA:22,3
DA:23,2
DA:24,1
DA:25,1
DA:27,2
DA:28,2
DA:29,1
DA:30,1
DA:32,1
DA:33,1
DA:37,4
LF:19
LH:19
BRDA:17,0,0,1
BRDA:17,0,1,3
BRDA:28,1,0,1
BRDA:28,1,1,1
BRF:4
BRH:4
end_of_record
TN:
SF:src/api/member.ts
FN:29,(anonymous_0)
FN:62,(anonymous_1)
FN:112,(anonymous_2)
FN:143,(anonymous_3)
FN:174,(anonymous_4)
FN:205,(anonymous_5)
FN:220,(anonymous_6)
FN:248,(anonymous_7)
FN:251,(anonymous_8)
FN:276,(anonymous_9)
FN:279,(anonymous_10)
FN:291,(anonymous_11)
FN:296,(anonymous_12)
FN:327,(anonymous_13)
FN:346,(anonymous_14)
FN:376,(anonymous_15)
FNF:16
FNH:13
FNDA:4,(anonymous_0)
FNDA:6,(anonymous_1)
FNDA:2,(anonymous_2)
FNDA:1,(anonymous_3)
FNDA:1,(anonymous_4)
FNDA:1,(anonymous_5)
FNDA:4,(anonymous_6)
FNDA:1,(anonymous_7)
FNDA:0,(anonymous_8)
FNDA:1,(anonymous_9)
FNDA:0,(anonymous_10)
FNDA:2,(anonymous_11)
FNDA:0,(anonymous_12)
FNDA:1,(anonymous_13)
FNDA:2,(anonymous_14)
FNDA:1,(anonymous_15)
DA:27,1
DA:29,1
DA:30,4
DA:32,4
DA:33,4
DA:34,1
DA:35,1
DA:37,3
DA:38,3
DA:39,1
DA:40,1
DA:41,1
DA:43,2
DA:44,2
DA:45,0
DA:46,0
DA:47,2
DA:48,1
DA:49,1
DA:50,1
DA:51,1
DA:52,1
DA:54,0
DA:55,0
DA:59,4
DA:62,1
DA:63,6
DA:65,6
DA:66,6
DA:67,6
DA:68,1
DA:69,1
DA:71,5
DA:72,5
DA:73,5
DA:74,5
DA:75,5
DA:76,5
DA:77,5
DA:78,1
DA:79,1
DA:80,4
DA:81,1
DA:82,1
DA:83,3
DA:84,1
DA:85,1
DA:86,1
DA:88,2
DA:89,0
DA:91,2
DA:92,0
DA:94,2
DA:95,1
DA:96,1
DA:99,1
DA:100,1
DA:101,0
DA:102,0
DA:104,1
DA:105,1
DA:109,6
DA:112,1
DA:113,2
DA:115,2
DA:116,2
DA:117,0
DA:118,0
DA:120,2
DA:121,2
DA:122,2
DA:123,2
DA:124,1
DA:126,1
DA:128,1
DA:129,1
DA:130,1
DA:131,0
DA:132,0
DA:133,0
DA:135,0
DA:136,0
DA:140,2
DA:143,1
DA:144,1
DA:146,1
DA:147,1
DA:148,0
DA:149,0
DA:151,1
DA:152,1
DA:153,1
DA:154,1
DA:155,1
DA:157,0
DA:159,0
DA:160,0
DA:161,0
DA:162,0
DA:163,0
DA:164,0
DA:166,0
DA:167,0
DA:171,1
DA:174,1
DA:175,1
DA:177,1
DA:178,1
DA:179,0
DA:180,0
DA:182,1
DA:183,1
DA:184,1
DA:185,1
DA:186,1
DA:188,0
DA:190,0
DA:191,0
DA:192,0
DA:193,0
DA:194,0
DA:195,0
DA:197,0
DA:198,0
DA:202,1
DA:205,1
DA:206,1
DA:209,1
DA:210,1
DA:211,1
DA:212,1
DA:213,1
DA:215,0
DA:217,1
DA:220,1
DA:221,4
DA:223,4
DA:224,4
DA:225,0
DA:226,0
DA:228,4
DA:229,4
DA:230,4
DA:231,4
DA:232,4
DA:233,3
DA:234,3
DA:235,3
DA:238,3
DA:239,1
DA:240,1
DA:241,1
DA:242,1
DA:243,1
DA:246,1
DA:249,1
DA:253,0
DA:254,0
DA:259,0
DA:262,3
DA:265,1
DA:271,1
DA:273,1
DA:274,1
DA:277,1
DA:281,0
DA:282,0
DA:286,3
DA:289,2
DA:293,2
DA:298,0
DA:299,0
DA:302,3
DA:304,1
DA:306,1
DA:307,1
DA:308,1
DA:309,0
DA:310,0
DA:311,0
DA:312,0
DA:313,0
DA:314,0
DA:315,0
DA:316,0
DA:317,0
DA:319,0
DA:320,0
DA:324,4
DA:327,1
DA:328,1
DA:329,1
DA:330,1
DA:331,1
DA:332,1
DA:333,1
DA:334,1
DA:335,1
DA:346,1
DA:348,2
DA:349,1
DA:351,1
DA:353,2
DA:364,2
DA:366,1
DA:368,1
DA:370,0
DA:371,0
DA:372,0
DA:376,1
DA:377,1
DA:378,1
DA:379,1
DA:380,1
DA:381,1
DA:382,1
DA:384,1
DA:385,1
DA:390,0
DA:391,0
DA:392,0
LF:221
LH:157
BRDA:33,0,0,1
BRDA:33,0,1,3
BRDA:44,1,0,0
BRDA:44,1,1,2
BRDA:47,2,0,1
BRDA:47,2,1,1
BRDA:50,3,0,1
BRDA:50,3,1,0
BRDA:67,4,0,1
BRDA:67,4,1,5
BRDA:77,5,0,1
BRDA:77,5,1,4
BRDA:77,6,0,5
BRDA:77,6,1,5
BRDA:80,7,0,1
BRDA:80,7,1,3
BRDA:80,8,0,4
BRDA:80,8,1,4
BRDA:83,9,0,1
BRDA:83,9,1,2
BRDA:88,10,0,0
BRDA:88,10,1,2
BRDA:91,11,0,0
BRDA:91,11,1,2
BRDA:100,12,0,0
BRDA:100,12,1,1
BRDA:116,13,0,0
BRDA:116,13,1,2
BRDA:128,14,0,1
BRDA:128,14,1,0
BRDA:131,15,0,0
BRDA:131,15,1,0
BRDA:147,16,0,0
BRDA:147,16,1,1
BRDA:159,17,0,0
BRDA:159,17,1,0
BRDA:162,18,0,0
BRDA:162,18,1,0
BRDA:178,19,0,0
BRDA:178,19,1,1
BRDA:190,20,0,0
BRDA:190,20,1,0
BRDA:193,21,0,0
BRDA:193,21,1,0
BRDA:224,22,0,0
BRDA:224,22,1,4
BRDA:238,23,0,1
BRDA:238,23,1,2
BRDA:238,24,0,3
BRDA:238,24,1,2
BRDA:243,25,0,1
BRDA:243,25,1,0
BRDA:262,26,0,1
BRDA:262,26,1,2
BRDA:262,27,0,3
BRDA:262,27,1,2
BRDA:267,28,0,1
BRDA:267,28,1,0
BRDA:273,29,0,1
BRDA:273,29,1,0
BRDA:286,30,0,2
BRDA:286,30,1,1
BRDA:306,31,0,1
BRDA:306,31,1,0
BRDA:309,32,0,0
BRDA:309,32,1,0
BRDA:312,33,0,0
BRDA:312,33,1,0
BRDA:315,34,0,0
BRDA:315,34,1,0
BRDA:348,35,0,1
BRDA:348,35,1,1
BRDA:349,36,0,1
BRDA:349,36,1,1
BRDA:351,37,0,1
BRDA:351,37,1,0
BRDA:360,38,0,2
BRDA:360,38,1,0
BRF:78
BRH:46
end_of_record
TN:
SF:src/api/memberCommunication.ts
FN:19,(anonymous_0)
FN:30,(anonymous_1)
FN:42,(anonymous_2)
FN:67,(anonymous_3)
FN:72,(anonymous_4)
FN:84,(anonymous_5)
FN:88,(anonymous_6)
FN:100,(anonymous_7)
FN:128,(anonymous_8)
FNF:9
FNH:8
FNDA:1,(anonymous_0)
FNDA:1,(anonymous_1)
FNDA:3,(anonymous_2)
FNDA:1,(anonymous_3)
FNDA:1,(anonymous_4)
FNDA:2,(anonymous_5)
FNDA:2,(anonymous_6)
FNDA:0,(anonymous_7)
FNDA:3,(anonymous_8)
DA:17,1
DA:19,1
DA:20,1
DA:21,1
DA:22,1
DA:23,1
DA:25,0
DA:26,0
DA:30,1
DA:31,1
DA:32,1
DA:33,1
DA:34,1
DA:35,1
DA:37,0
DA:38,0
DA:42,1
DA:43,3
DA:44,3
DA:45,3
DA:46,3
DA:47,3
DA:49,3
DA:51,3
DA:52,1
DA:59,3
DA:60,3
DA:63,1
DA:66,1
DA:67,1
DA:68,1
DA:71,1
DA:72,1
DA:73,1
DA:74,1
DA:80,1
DA:83,2
DA:84,2
DA:87,2
DA:88,2
DA:89,2
DA:96,2
DA:99,2
DA:100,2
DA:103,0
DA:104,0
DA:113,3
DA:114,3
DA:116,3
DA:117,3
DA:118,3
DA:121,3
DA:122,3
DA:123,3
DA:124,3
DA:125,3
DA:129,3
DA:130,1
DA:131,1
DA:132,1
DA:134,2
DA:137,3
DA:139,0
DA:140,0
LF:64
LH:56
BRDA:51,0,0,1
BRDA:51,0,1,2
BRDA:60,1,0,1
BRDA:60,1,1,2
BRDA:60,2,0,3
BRDA:60,2,1,3
BRDA:84,3,0,2
BRDA:84,3,1,2
BRDA:103,4,0,0
BRDA:103,4,1,0
BRDA:129,5,0,1
BRDA:129,5,1,2
BRF:12
BRH:10
end_of_record
TN:
SF:src/api/memberType.ts
FN:15,(anonymous_0)
FN:42,(anonymous_1)
FN:69,(anonymous_2)
FN:99,(anonymous_3)
FNF:4
FNH:4
FNDA:3,(anonymous_0)
FNDA:2,(anonymous_1)
FNDA:2,(anonymous_2)
FNDA:2,(anonymous_3)
DA:13,1
DA:15,1
DA:16,3
DA:18,3
DA:19,3
DA:20,1
DA:21,1
DA:23,2
DA:24,2
DA:25,2
DA:26,1
DA:27,1
DA:29,1
DA:30,1
DA:31,0
DA:32,0
DA:34,1
DA:35,1
DA:39,3
DA:42,1
DA:43,2
DA:45,2
DA:46,2
DA:47,0
DA:48,0
DA:50,2
DA:51,2
DA:52,1
DA:53,1
DA:54,1
DA:56,1
DA:57,1
DA:58,1
DA:59,1
DA:61,0
DA:62,0
DA:66,2
DA:69,1
DA:70,2
DA:72,2
DA:73,2
DA:74,0
DA:75,0
DA:77,2
DA:78,2
DA:79,2
DA:80,2
DA:81,1
DA:83,1
DA:84,1
DA:85,1
DA:86,1
DA:87,0
DA:88,0
DA:89,0
DA:91,0
DA:92,0
DA:96,2
DA:99,1
DA:100,2
DA:102,2
DA:103,2
DA:104,0
DA:105,0
DA:107,2
DA:108,2
DA:109,2
DA:110,2
DA:111,2
DA:112,1
DA:113,1
DA:114,1
DA:116,1
DA:117,1
DA:118,1
DA:119,1
DA:120,0
DA:121,0
DA:122,0
DA:123,0
DA:124,0
DA:125,0
DA:126,0
DA:127,0
DA:128,0
DA:130,0
DA:131,0
DA:135,2
LF:88
LH:62
BRDA:19,0,0,1
BRDA:19,0,1,2
BRDA:30,1,0,0
BRDA:30,1,1,1
BRDA:46,2,0,0
BRDA:46,2,1,2
BRDA:57,3,0,1
BRDA:57,3,1,0
BRDA:73,4,0,0
BRDA:73,4,1,2
BRDA:84,5,0,1
BRDA:84,5,1,0
BRDA:87,6,0,0
BRDA:87,6,1,0
BRDA:103,7,0,0
BRDA:103,7,1,2
BRDA:117,8,0,1
BRDA:117,8,1,0
BRDA:120,9,0,0
BRDA:120,9,1,0
BRDA:123,10,0,0
BRDA:123,10,1,0
BRDA:126,11,0,0
BRDA:126,11,1,0
BRF:24
BRH:9
end_of_record
TN:
SF:src/api/membership.ts
FN:30,(anonymous_0)
FN:63,(anonymous_1)
FN:91,(anonymous_2)
FN:121,(anonymous_3)
FN:168,(anonymous_4)
FN:200,(anonymous_5)
FN:230,(anonymous_6)
FNF:7
FNH:7
FNDA:2,(anonymous_0)
FNDA:3,(anonymous_1)
FNDA:2,(anonymous_2)
FNDA:2,(anonymous_3)
FNDA:2,(anonymous_4)
FNDA:1,(anonymous_5)
FNDA:1,(anonymous_6)
DA:28,1
DA:30,1
DA:31,2
DA:33,2
DA:34,2
DA:35,1
DA:36,1
DA:38,1
DA:39,1
DA:40,1
DA:41,1
DA:42,1
DA:44,0
DA:45,0
DA:46,0
DA:47,0
DA:48,0
DA:49,0
DA:50,0
DA:51,0
DA:52,0
DA:53,0
DA:55,0
DA:56,0
DA:60,2
DA:63,1
DA:64,3
DA:66,3
DA:67,3
DA:68,1
DA:69,1
DA:71,2
DA:72,2
DA:73,1
DA:74,1
DA:75,1
DA:76,1
DA:78,1
DA:79,1
DA:80,1
DA:81,1
DA:83,0
DA:84,0
DA:88,3
DA:91,1
DA:92,2
DA:94,2
DA:95,2
DA:96,0
DA:97,0
DA:99,2
DA:100,2
DA:101,2
DA:102,2
DA:103,1
DA:105,1
DA:106,1
DA:107,0
DA:108,0
DA:109,1
DA:110,1
DA:111,1
DA:113,0
DA:114,0
DA:118,2
DA:121,1
DA:122,2
DA:124,2
DA:125,2
DA:126,0
DA:127,0
DA:129,2
DA:130,2
DA:131,2
DA:132,2
DA:133,2
DA:134,0
DA:136,2
DA:137,2
DA:138,1
DA:139,1
DA:140,1
DA:141,1
DA:143,1
DA:144,1
DA:146,1
DA:147,1
DA:148,1
DA:149,1
DA:150,0
DA:151,0
DA:152,0
DA:153,0
DA:154,0
DA:155,0
DA:156,0
DA:157,0
DA:158,0
DA:160,0
DA:161,0
DA:165,2
DA:168,1
DA:169,2
DA:171,2
DA:172,2
DA:173,0
DA:174,0
DA:176,2
DA:177,2
DA:178,2
DA:179,2
DA:180,2
DA:182,1
DA:184,1
DA:185,1
DA:186,0
DA:187,0
DA:188,1
DA:189,1
DA:190,1
DA:192,0
DA:193,0
DA:197,2
DA:200,1
DA:201,1
DA:203,1
DA:204,1
DA:205,0
DA:206,0
DA:208,1
DA:209,1
DA:210,1
DA:211,1
DA:212,1
DA:214,0
DA:215,0
DA:216,0
DA:217,0
DA:218,0
DA:219,0
DA:220,0
DA:222,0
DA:223,0
DA:227,1
DA:230,1
DA:231,1
DA:233,1
DA:234,1
DA:235,0
DA:236,0
DA:238,1
DA:239,1
DA:240,1
DA:241,1
DA:242,1
DA:243,1
DA:245,1
DA:247,0
DA:248,0
DA:249,0
DA:250,0
DA:251,0
DA:252,0
DA:253,0
DA:255,0
DA:256,0
DA:260,1
LF:167
LH:105
BRDA:34,0,0,1
BRDA:34,0,1,1
BRDA:45,1,0,0
BRDA:45,1,1,0
BRDA:48,2,0,0
BRDA:48,2,1,0
BRDA:51,3,0,0
BRDA:51,3,1,0
BRDA:67,4,0,1
BRDA:67,4,1,2
BRDA:79,5,0,1
BRDA:79,5,1,0
BRDA:95,6,0,0
BRDA:95,6,1,2
BRDA:106,7,0,0
BRDA:106,7,1,1
BRDA:109,8,0,1
BRDA:109,8,1,0
BRDA:125,9,0,0
BRDA:125,9,1,2
BRDA:133,10,0,0
BRDA:133,10,1,2
BRDA:139,11,0,1
BRDA:139,11,1,0
BRDA:147,12,0,1
BRDA:147,12,1,0
BRDA:150,13,0,0
BRDA:150,13,1,0
BRDA:153,14,0,0
BRDA:153,14,1,0
BRDA:156,15,0,0
BRDA:156,15,1,0
BRDA:172,16,0,0
BRDA:172,16,1,2
BRDA:185,17,0,0
BRDA:185,17,1,1
BRDA:188,18,0,1
BRDA:188,18,1,0
BRDA:204,19,0,0
BRDA:204,19,1,1
BRDA:215,20,0,0
BRDA:215,20,1,0
BRDA:218,21,0,0
BRDA:218,21,1,0
BRDA:234,22,0,0
BRDA:234,22,1,1
BRDA:248,23,0,0
BRDA:248,23,1,0
BRDA:251,24,0,0
BRDA:251,24,1,0
BRF:50
BRH:17
end_of_record
TN:
SF:src/api/membershipApplication.ts
FN:36,validateAdminAccess
FN:59,(anonymous_1)
FN:75,(anonymous_2)
FN:99,(anonymous_3)
FN:115,(anonymous_4)
FN:128,(anonymous_5)
FN:214,(anonymous_6)
FN:240,(anonymous_7)
FN:258,(anonymous_8)
FN:268,(anonymous_9)
FN:275,(anonymous_10)
FN:288,(anonymous_11)
FNF:12
FNH:11
FNDA:9,validateAdminAccess
FNDA:4,(anonymous_1)
FNDA:2,(anonymous_2)
FNDA:1,(anonymous_3)
FNDA:1,(anonymous_4)
FNDA:3,(anonymous_5)
FNDA:1,(anonymous_6)
FNDA:0,(anonymous_7)
FNDA:1,(anonymous_8)
FNDA:1,(anonymous_9)
FNDA:1,(anonymous_10)
FNDA:1,(anonymous_11)
DA:28,1
DA:37,9
DA:38,9
DA:39,9
DA:40,9
DA:41,0
DA:43,9
DA:44,9
DA:46,0
DA:47,0
DA:50,9
DA:59,1
DA:60,4
DA:61,4
DA:63,0
DA:64,0
DA:65,0
DA:67,4
DA:68,4
DA:70,4
DA:71,4
DA:72,4
DA:75,1
DA:76,2
DA:77,2
DA:78,2
DA:79,2
DA:81,2
DA:82,2
DA:83,1
DA:84,1
DA:85,1
DA:90,1
DA:91,1
DA:93,1
DA:94,1
DA:95,1
DA:99,1
DA:100,1
DA:103,1
DA:104,1
DA:105,1
DA:106,1
DA:108,0
DA:109,0
DA:110,0
DA:112,1
DA:115,1
DA:116,1
DA:117,1
DA:118,1
DA:119,1
DA:120,1
DA:122,0
DA:123,0
DA:124,0
DA:128,1
DA:130,3
DA:131,3
DA:132,3
DA:133,3
DA:134,3
DA:135,3
DA:136,3
DA:137,3
DA:139,1
DA:140,1
DA:141,1
DA:143,3
DA:144,3
DA:145,3
DA:146,3
DA:150,3
DA:152,3
DA:153,3
DA:154,3
DA:155,3
DA:172,3
DA:173,3
DA:174,3
DA:175,3
DA:176,3
DA:187,3
DA:188,3
DA:189,3
DA:190,3
DA:195,3
DA:196,3
DA:199,3
DA:200,3
DA:209,3
DA:210,3
DA:211,3
DA:212,3
DA:214,3
DA:216,1
DA:217,1
DA:218,1
DA:219,1
DA:221,1
DA:222,1
DA:223,1
DA:224,1
DA:225,1
DA:227,1
DA:228,1
DA:230,3
DA:231,3
DA:232,3
DA:234,0
DA:235,0
DA:236,0
DA:240,1
DA:241,0
DA:243,0
DA:245,0
DA:248,0
DA:249,0
DA:250,0
DA:252,0
DA:253,0
DA:254,0
DA:258,1
DA:259,1
DA:260,1
DA:262,0
DA:263,0
DA:264,0
DA:268,1
DA:269,1
DA:270,1
DA:271,1
DA:272,1
DA:274,1
DA:275,1
DA:276,1
DA:277,1
DA:278,1
DA:279,1
DA:288,1
DA:289,1
DA:298,1
DA:300,1
DA:302,1
DA:304,0
DA:305,0
DA:306,0
LF:147
LH:117
BRDA:40,0,0,0
BRDA:40,0,1,9
BRDA:137,1,0,1
BRDA:137,1,1,2
BRDA:152,2,0,3
BRDA:152,2,1,1
BRF:6
BRH:5
end_of_record
TN:
SF:src/api/membershipTags.ts
FN:8,(anonymous_0)
FNF:1
FNH:1
FNDA:1,(anonymous_0)
DA:6,1
DA:8,1
DA:9,1
DA:10,1
DA:11,1
DA:12,1
DA:14,0
DA:15,0
LF:8
LH:6
BRF:0
BRH:0
end_of_record
TN:
SF:src/api/paidLabor.ts
FN:19,(anonymous_0)
FN:46,(anonymous_1)
FN:76,(anonymous_2)
FN:117,(anonymous_3)
FN:158,(anonymous_4)
FNF:5
FNH:5
FNDA:4,(anonymous_0)
FNDA:5,(anonymous_1)
FNDA:7,(anonymous_2)
FNDA:7,(anonymous_3)
FNDA:6,(anonymous_4)
DA:17,1
DA:19,1
DA:20,4
DA:22,4
DA:23,4
DA:24,1
DA:25,1
DA:27,3
DA:28,3
DA:29,2
DA:30,1
DA:31,1
DA:33,2
DA:34,2
DA:35,1
DA:36,1
DA:38,1
DA:39,1
DA:43,4
DA:46,1
DA:47,5
DA:49,5
DA:50,5
DA:51,1
DA:52,1
DA:54,4
DA:55,4
DA:56,3
DA:57,3
DA:58,1
DA:60,3
DA:61,3
DA:62,1
DA:63,1
DA:64,2
DA:65,1
DA:66,1
DA:68,1
DA:69,1
DA:73,5
DA:76,1
DA:77,7
DA:78,7
DA:81,7
DA:82,7
DA:83,1
DA:85,6
DA:86,6
DA:87,6
DA:88,6
DA:89,1
DA:91,5
DA:92,5
DA:93,5
DA:94,1
DA:95,1
DA:96,1
DA:98,5
DA:99,5
DA:100,2
DA:101,2
DA:102,3
DA:103,1
DA:104,1
DA:105,2
DA:106,1
DA:107,1
DA:109,1
DA:110,1
DA:114,7
DA:117,1
DA:118,7
DA:119,7
DA:121,7
DA:122,7
DA:123,1
DA:125,6
DA:126,6
DA:127,6
DA:128,6
DA:129,1
DA:131,5
DA:132,5
DA:133,5
DA:134,1
DA:135,1
DA:136,1
DA:137,1
DA:139,5
DA:140,5
DA:141,2
DA:142,2
DA:143,3
DA:144,1
DA:145,1
DA:146,2
DA:147,1
DA:148,1
DA:150,1
DA:151,1
DA:155,7
DA:158,1
DA:159,6
DA:160,6
DA:162,6
DA:163,6
DA:164,1
DA:166,5
DA:167,5
DA:168,3
DA:169,1
DA:170,1
DA:172,4
DA:173,4
DA:174,1
DA:175,1
DA:176,3
DA:177,1
DA:178,1
DA:179,2
DA:180,1
DA:181,1
DA:183,1
DA:184,1
DA:188,6
LF:125
LH:125
BRDA:23,0,0,1
BRDA:23,0,1,3
BRDA:34,1,0,1
BRDA:34,1,1,1
BRDA:50,2,0,1
BRDA:50,2,1,4
BRDA:61,3,0,1
BRDA:61,3,1,2
BRDA:64,4,0,1
BRDA:64,4,1,1
BRDA:82,5,0,1
BRDA:82,5,1,6
BRDA:88,6,0,1
BRDA:88,6,1,5
BRDA:99,7,0,2
BRDA:99,7,1,3
BRDA:102,8,0,1
BRDA:102,8,1,2
BRDA:105,9,0,1
BRDA:105,9,1,1
BRDA:122,10,0,1
BRDA:122,10,1,6
BRDA:128,11,0,1
BRDA:128,11,1,5
BRDA:140,12,0,2
BRDA:140,12,1,3
BRDA:143,13,0,1
BRDA:143,13,1,2
BRDA:146,14,0,1
BRDA:146,14,1,1
BRDA:163,15,0,1
BRDA:163,15,1,5
BRDA:173,16,0,1
BRDA:173,16,1,3
BRDA:176,17,0,1
BRDA:176,17,1,2
BRDA:179,18,0,1
BRDA:179,18,1,1
BRF:38
BRH:38
end_of_record
TN:
SF:src/api/ridingAreaStatus.ts
FN:16,validateAdminAccess
FN:33,(anonymous_1)
FN:64,(anonymous_2)
FNF:3
FNH:3
FNDA:3,validateAdminAccess
FNDA:5,(anonymous_1)
FNDA:3,(anonymous_2)
DA:17,3
DA:18,3
DA:19,3
DA:20,1
DA:22,2
DA:23,2
DA:25,1
DA:26,1
DA:31,1
DA:33,1
DA:34,5
DA:36,5
DA:38,5
DA:39,1
DA:40,1
DA:42,4
DA:43,4
DA:44,3
DA:45,1
DA:47,3
DA:48,3
DA:49,1
DA:50,1
DA:51,2
DA:52,1
DA:53,1
DA:55,1
DA:56,1
DA:57,1
DA:61,5
DA:64,1
DA:65,3
DA:66,3
DA:67,3
DA:68,3
DA:69,1
DA:70,1
DA:71,1
DA:72,1
DA:74,2
DA:75,2
DA:76,2
LF:42
LH:42
BRDA:19,0,0,1
BRDA:19,0,1,2
BRDA:38,1,0,1
BRDA:38,1,1,4
BRDA:48,2,0,1
BRDA:48,2,1,2
BRDA:51,3,0,1
BRDA:51,3,1,1
BRF:8
BRH:8
end_of_record
TN:
SF:src/api/workPoints.ts
FN:12,parseInputs
FN:32,(anonymous_1)
FN:70,(anonymous_2)
FN:108,(anonymous_3)
FN:122,(anonymous_4)
FNF:5
FNH:4
FNDA:5,parseInputs
FNDA:4,(anonymous_1)
FNDA:3,(anonymous_2)
FNDA:2,(anonymous_3)
FNDA:0,(anonymous_4)
DA:8,1
DA:13,5
DA:14,5
DA:15,1
DA:19,4
DA:20,1
DA:21,1
DA:22,1
DA:26,3
DA:29,3
DA:32,1
DA:33,4
DA:35,4
DA:36,4
DA:37,1
DA:38,1
DA:40,3
DA:41,3
DA:42,3
DA:43,2
DA:44,1
DA:46,2
DA:47,2
DA:48,2
DA:50,0
DA:51,0
DA:52,0
DA:54,0
DA:55,0
DA:56,0
DA:58,1
DA:59,1
DA:60,1
DA:62,1
DA:63,1
DA:67,4
DA:70,1
DA:71,3
DA:73,3
DA:74,3
DA:75,0
DA:76,0
DA:78,3
DA:79,3
DA:80,2
DA:81,1
DA:82,1
DA:84,2
DA:85,2
DA:86,2
DA:88,1
DA:89,1
DA:90,1
DA:92,1
DA:93,1
DA:94,1
DA:96,0
DA:97,0
DA:98,0
DA:100,0
DA:101,0
DA:105,3
DA:108,1
DA:109,2
DA:110,2
DA:111,2
DA:112,1
DA:113,1
DA:114,1
DA:115,1
DA:122,1
DA:123,0
DA:131,1
DA:133,1
DA:135,1
DA:136,1
DA:137,1
DA:138,1
LF:78
LH:64
BRDA:14,0,0,1
BRDA:14,0,1,4
BRDA:19,1,0,1
BRDA:19,1,1,3
BRDA:21,2,0,1
BRDA:21,2,1,0
BRDA:36,3,0,1
BRDA:36,3,1,3
BRDA:48,4,0,0
BRDA:48,4,1,0
BRDA:48,4,2,1
BRDA:48,4,3,1
BRDA:74,5,0,0
BRDA:74,5,1,3
BRDA:86,6,0,1
BRDA:86,6,1,1
BRDA:86,6,2,0
BRDA:86,6,3,0
BRF:18
BRH:12
end_of_record
TN:
SF:src/database/auditLog.ts
FN:6,logAuditEvent
FN:50,getAuditLogById
FN:58,getAuditLogByTenant
FNF:3
FNH:3
FNDA:5,logAuditEvent
FNDA:1,getAuditLogById
FNDA:1,getAuditLogByTenant
DA:10,5
DA:11,5
DA:13,1
DA:14,1
DA:17,2
DA:18,2
DA:20,1
DA:21,1
DA:23,1
DA:24,1
DA:26,5
DA:36,5
DA:38,5
DA:40,5
DA:46,5
DA:47,5
DA:51,1
DA:55,1
DA:61,1
DA:64,1
LF:20
LH:20
BRDA:11,0,0,1
BRDA:11,0,1,1
BRDA:11,0,2,2
BRDA:11,0,3,1
BRDA:11,0,4,1
BRF:5
BRH:5
end_of_record
TN:
SF:src/database/bike.ts
FN:13,insertBike
FN:40,getBikeList
FN:52,(anonymous_2)
FN:62,getBike
FN:87,patchBike
FN:120,deleteBike
FNF:6
FNH:6
FNDA:4,insertBike
FNDA:2,getBikeList
FNDA:1,(anonymous_2)
FNDA:3,getBike
FNDA:6,patchBike
FNDA:3,deleteBike
DA:8,2
DA:9,2
DA:10,2
DA:11,2
DA:14,4
DA:17,4
DA:19,4
DA:21,3
DA:22,2
DA:25,1
DA:26,1
DA:28,1
DA:29,1
DA:33,1
DA:37,1
DA:41,2
DA:42,2
DA:45,2
DA:46,2
DA:48,1
DA:49,1
DA:52,1
DA:63,3
DA:66,3
DA:67,3
DA:69,1
DA:70,1
DA:73,2
DA:74,1
DA:77,1
DA:88,6
DA:89,1
DA:92,5
DA:95,5
DA:97,5
DA:99,3
DA:100,2
DA:103,1
DA:104,1
DA:106,1
DA:107,1
DA:111,1
DA:115,2
DA:116,1
DA:121,3
DA:124,3
DA:125,3
DA:127,1
DA:128,1
DA:131,2
DA:132,1
LF:51
LH:51
BRDA:21,0,0,2
BRDA:21,0,1,1
BRDA:22,1,0,0
BRDA:22,1,1,1
BRDA:22,1,2,1
BRDA:73,2,0,1
BRDA:73,2,1,1
BRDA:88,3,0,1
BRDA:88,3,1,5
BRDA:99,4,0,2
BRDA:99,4,1,1
BRDA:100,5,0,1
BRDA:100,5,1,1
BRDA:100,5,2,1
BRDA:115,6,0,1
BRDA:115,6,1,1
BRDA:131,7,0,1
BRDA:131,7,1,1
BRF:18
BRH:17
end_of_record
TN:
SF:src/database/billing.ts
FN:15,generateBill
FN:18,replacer
FN:44,getWorkPointThreshold
FN:65,getBillList
FN:68,(anonymous_4)
FN:105,(anonymous_5)
FN:134,markBillPaid
FN:151,markInsuranceAttestation
FN:167,markContactedAndRenewing
FN:183,discountBill
FN:200,addSquareAttributes
FN:216,cleanBilling
FN:237,getBill
FN:276,getBillByOrderId
FN:318,getLatestBillMembership
FNF:15
FNH:15
FNDA:1,generateBill
FNDA:1,replacer
FNDA:1,getWorkPointThreshold
FNDA:2,getBillList
FNDA:1,(anonymous_4)
FNDA:2,(anonymous_5)
FNDA:1,markBillPaid
FNDA:1,markInsuranceAttestation
FNDA:1,markContactedAndRenewing
FNDA:1,discountBill
FNDA:1,addSquareAttributes
FNDA:1,cleanBilling
FNDA:1,getBill
FNDA:1,getBillByOrderId
FNDA:1,getLatestBillMembership
DA:8,4
DA:9,4
DA:11,4
DA:16,1
DA:19,1
DA:20,0
DA:21,0
DA:23,1
DA:27,1
DA:32,1
DA:33,1
DA:37,0
DA:38,0
DA:41,1
DA:45,1
DA:48,1
DA:49,1
DA:51,0
DA:52,0
DA:55,1
DA:56,0
DA:59,1
DA:67,2
DA:68,2
DA:69,1
DA:70,1
DA:71,1
DA:72,0
DA:73,0
DA:75,1
DA:76,1
DA:77,1
DA:79,1
DA:80,1
DA:81,0
DA:83,1
DA:84,1
DA:87,1
DA:88,1
DA:89,1
DA:91,1
DA:93,1
DA:94,1
DA:96,2
DA:97,2
DA:99,2
DA:100,2
DA:102,0
DA:103,0
DA:105,2
DA:136,1
DA:139,1
DA:140,1
DA:142,0
DA:143,0
DA:146,1
DA:147,0
DA:153,1
DA:155,1
DA:156,1
DA:158,0
DA:159,0
DA:162,1
DA:163,0
DA:169,1
DA:171,1
DA:172,1
DA:174,0
DA:175,0
DA:178,1
DA:179,0
DA:185,1
DA:186,1
DA:188,1
DA:189,1
DA:191,0
DA:192,0
DA:195,1
DA:196,0
DA:202,1
DA:204,1
DA:205,1
DA:207,0
DA:208,0
DA:211,1
DA:212,0
DA:220,1
DA:221,0
DA:222,0
DA:224,1
DA:225,1
DA:227,1
DA:228,1
DA:230,0
DA:231,0
DA:233,1
DA:234,1
DA:239,1
DA:241,1
DA:243,0
DA:244,0
DA:246,1
DA:247,1
DA:273,1
DA:278,1
DA:280,1
DA:282,0
DA:283,0
DA:285,1
DA:286,0
DA:287,0
DA:313,0
DA:315,1
DA:320,1
DA:321,1
DA:326,0
DA:327,0
DA:329,1
DA:330,1
DA:356,1
LF:120
LH:80
BRDA:19,0,0,0
BRDA:19,0,1,1
BRDA:55,1,0,0
BRDA:55,1,1,1
BRDA:68,2,0,1
BRDA:68,2,1,1
BRDA:71,3,0,0
BRDA:71,3,1,1
BRDA:75,4,0,1
BRDA:75,4,1,0
BRDA:79,5,0,1
BRDA:79,5,1,0
BRDA:80,6,0,0
BRDA:80,6,1,1
BRDA:83,7,0,1
BRDA:83,7,1,0
BRDA:87,8,0,1
BRDA:87,8,1,0
BRDA:146,9,0,0
BRDA:146,9,1,1
BRDA:162,10,0,0
BRDA:162,10,1,1
BRDA:178,11,0,0
BRDA:178,11,1,1
BRDA:195,12,0,0
BRDA:195,12,1,1
BRDA:211,13,0,0
BRDA:211,13,1,1
BRDA:220,14,0,0
BRDA:220,14,1,1
BRDA:285,15,0,0
BRDA:285,15,1,1
BRF:32
BRH:17
end_of_record
TN:
SF:src/database/boardMember.ts
FN:8,insertBoardMember
FN:39,getBoardMemberList
FN:58,(anonymous_2)
FN:73,getBoardMember
FN:102,patchBoardMember
FN:137,deleteBoardMember
FNF:6
FNH:6
FNDA:5,insertBoardMember
FNDA:3,getBoardMemberList
FNDA:2,(anonymous_2)
FNDA:3,getBoardMember
FNDA:6,patchBoardMember
FNDA:3,deleteBoardMember
DA:9,5
DA:10,1
DA:12,4
DA:15,4
DA:16,4
DA:21,3
DA:22,2
DA:24,1
DA:25,1
DA:27,1
DA:28,1
DA:32,1
DA:36,1
DA:42,3
DA:43,1
DA:44,1
DA:46,2
DA:47,2
DA:51,3
DA:52,3
DA:54,1
DA:55,1
DA:58,2
DA:74,3
DA:77,3
DA:78,3
DA:83,1
DA:84,1
DA:87,2
DA:88,1
DA:91,1
DA:103,6
DA:104,1
DA:106,5
DA:109,5
DA:110,5
DA:116,3
DA:117,2
DA:120,1
DA:121,1
DA:123,1
DA:124,1
DA:128,1
DA:132,2
DA:133,1
DA:138,3
DA:141,3
DA:142,3
DA:147,1
DA:148,1
DA:151,2
DA:152,1
LF:52
LH:52
BRDA:9,0,0,1
BRDA:9,0,1,4
BRDA:21,1,0,2
BRDA:21,1,1,1
BRDA:22,2,0,1
BRDA:22,2,1,1
BRDA:42,3,0,1
BRDA:42,3,1,2
BRDA:87,4,0,1
BRDA:87,4,1,1
BRDA:103,5,0,1
BRDA:103,5,1,5
BRDA:116,6,0,2
BRDA:116,6,1,1
BRDA:117,7,0,1
BRDA:117,7,1,1
BRDA:117,7,2,1
BRDA:132,8,0,1
BRDA:132,8,1,1
BRDA:151,9,0,1
BRDA:151,9,1,1
BRF:21
BRH:21
end_of_record
TN:
SF:src/database/boardMemberType.ts
FN:18,insertBoardMemberType
FN:45,getBoardMemberTypeList
FN:57,(anonymous_2)
FN:63,getBoardMemberType
FN:84,patchBoardMemberType
FN:115,deleteBoardMemberType
FNF:6
FNH:6
FNDA:5,insertBoardMemberType
FNDA:2,getBoardMemberTypeList
FNDA:1,(anonymous_2)
FNDA:3,getBoardMemberType
FNDA:6,patchBoardMemberType
FNDA:3,deleteBoardMemberType
DA:12,2
DA:13,2
DA:14,2
DA:15,2
DA:16,2
DA:19,5
DA:20,1
DA:22,4
DA:24,4
DA:25,4
DA:27,3
DA:28,2
DA:30,1
DA:31,1
DA:33,1
DA:34,1
DA:38,1
DA:42,1
DA:46,2
DA:47,2
DA:50,2
DA:51,2
DA:53,1
DA:54,1
DA:57,1
DA:64,3
DA:67,3
DA:68,3
DA:70,1
DA:71,1
DA:74,2
DA:75,1
DA:78,1
DA:85,6
DA:86,1
DA:88,5
DA:91,5
DA:92,5
DA:94,3
DA:95,2
DA:98,1
DA:99,1
DA:101,1
DA:102,1
DA:106,1
DA:110,2
DA:111,1
DA:116,3
DA:119,3
DA:120,3
DA:122,1
DA:123,1
DA:126,2
DA:127,1
LF:54
LH:54
BRDA:19,0,0,1
BRDA:19,0,1,4
BRDA:27,1,0,2
BRDA:27,1,1,1
BRDA:28,2,0,1
BRDA:28,2,1,1
BRDA:74,3,0,1
BRDA:74,3,1,1
BRDA:85,4,0,1
BRDA:85,4,1,5
BRDA:94,5,0,2
BRDA:94,5,1,1
BRDA:95,6,0,1
BRDA:95,6,1,1
BRDA:95,6,2,1
BRDA:110,7,0,1
BRDA:110,7,1,1
BRDA:126,8,0,1
BRDA:126,8,1,1
BRF:19
BRH:19
end_of_record
TN:
SF:src/database/defaultSettings.ts
FN:7,getDefaultSettingValue
FN:21,getDefaultSetting
FN:42,getAllDefaultSettings
FN:52,(anonymous_3)
FN:62,deleteDefaultSetting
FN:79,insertDefaultSetting
FN:107,updateDefaultSetting
FNF:7
FNH:7
FNDA:2,getDefaultSettingValue
FNDA:3,getDefaultSetting
FNDA:2,getAllDefaultSettings
FNDA:1,(anonymous_3)
FNDA:3,deleteDefaultSetting
FNDA:4,insertDefaultSetting
FNDA:5,updateDefaultSetting
DA:8,2
DA:9,2
DA:12,2
DA:13,2
DA:15,1
DA:16,1
DA:18,1
DA:22,3
DA:23,3
DA:26,3
DA:27,3
DA:29,1
DA:30,1
DA:32,2
DA:39,2
DA:43,2
DA:46,2
DA:47,2
DA:49,1
DA:50,1
DA:52,1
DA:59,1
DA:63,3
DA:66,3
DA:68,3
DA:70,1
DA:71,1
DA:74,2
DA:75,1
DA:81,4
DA:83,4
DA:86,4
DA:87,4
DA:89,3
DA:90,2
DA:92,1
DA:93,1
DA:95,1
DA:96,1
DA:100,1
DA:104,1
DA:112,5
DA:114,5
DA:117,5
DA:118,5
DA:120,3
DA:121,2
DA:124,1
DA:125,1
DA:127,1
DA:128,1
DA:132,1
DA:136,2
DA:137,1
DA:139,1
DA:140,1
LF:56
LH:56
BRDA:74,0,0,1
BRDA:74,0,1,1
BRDA:89,1,0,2
BRDA:89,1,1,1
BRDA:90,2,0,1
BRDA:90,2,1,1
BRDA:120,3,0,2
BRDA:120,3,1,1
BRDA:121,4,0,1
BRDA:121,4,1,1
BRDA:121,4,2,1
BRDA:136,5,0,1
BRDA:136,5,1,1
BRF:13
BRH:13
end_of_record
TN:
SF:src/database/event.ts
FN:16,insertEvent
FN:59,getEventList
FN:90,(anonymous_2)
FN:103,getEvent
FN:134,getClosestEvent
FN:161,patchEvent
FN:187,deleteEvent
FN:205,getRelatedEvents
FN:224,(anonymous_8)
FNF:9
FNH:8
FNDA:1,insertEvent
FNDA:2,getEventList
FNDA:2,(anonymous_2)
FNDA:1,getEvent
FNDA:1,getClosestEvent
FNDA:1,patchEvent
FNDA:1,deleteEvent
FNDA:1,getRelatedEvents
FNDA:0,(anonymous_8)
DA:9,4
DA:10,4
DA:11,4
DA:12,4
DA:13,4
DA:14,4
DA:17,1
DA:18,1
DA:19,1
DA:24,1
DA:25,1
DA:26,1
DA:27,1
DA:29,0
DA:30,0
DA:33,0
DA:34,0
DA:36,0
DA:37,0
DA:41,0
DA:46,1
DA:47,1
DA:49,0
DA:50,0
DA:53,1
DA:55,1
DA:64,2
DA:65,1
DA:66,1
DA:68,0
DA:70,1
DA:71,1
DA:73,0
DA:75,1
DA:76,1
DA:78,1
DA:79,1
DA:83,2
DA:84,2
DA:86,0
DA:87,0
DA:90,2
DA:104,1
DA:107,1
DA:108,1
DA:113,0
DA:114,0
DA:117,1
DA:118,0
DA:121,1
DA:136,1
DA:138,1
DA:140,0
DA:141,0
DA:144,1
DA:145,0
DA:148,1
DA:162,1
DA:163,0
DA:165,1
DA:166,1
DA:167,1
DA:171,1
DA:174,1
DA:175,1
DA:177,0
DA:178,0
DA:181,1
DA:182,1
DA:183,1
DA:188,1
DA:191,1
DA:192,1
DA:193,1
DA:194,1
DA:196,0
DA:197,0
DA:200,1
DA:201,0
DA:206,1
DA:209,1
DA:218,1
DA:219,1
DA:221,0
DA:223,1
DA:224,1
DA:225,0
DA:226,0
DA:227,0
DA:228,0
DA:229,0
DA:230,0
DA:231,0
DA:232,0
DA:233,0
DA:234,0
DA:235,0
DA:236,0
DA:237,0
DA:246,0
DA:248,1
LF:101
LH:61
BRDA:18,0,0,0
BRDA:18,0,1,1
BRDA:29,1,0,0
BRDA:29,1,1,0
BRDA:30,2,0,0
BRDA:30,2,1,0
BRDA:30,2,2,0
BRDA:64,3,0,1
BRDA:64,3,1,1
BRDA:64,4,0,2
BRDA:64,4,1,1
BRDA:65,5,0,1
BRDA:65,5,1,0
BRDA:70,6,0,1
BRDA:70,6,1,0
BRDA:117,7,0,0
BRDA:117,7,1,1
BRDA:144,8,0,0
BRDA:144,8,1,1
BRDA:162,9,0,0
BRDA:162,9,1,1
BRDA:166,10,0,0
BRDA:166,10,1,1
BRDA:181,11,0,1
BRDA:181,11,1,0
BRDA:200,12,0,0
BRDA:200,12,1,1
BRF:27
BRH:13
end_of_record
TN:
SF:src/database/eventJob.ts
FN:15,insertEventJob
FN:44,(anonymous_1)
FN:45,(anonymous_2)
FN:75,getEventJob
FN:101,addJobTypeEvents
FN:128,removeJobTypeEvents
FN:147,updateJobsOnEventJob
FN:158,(anonymous_7)
FN:175,patchEventJob
FN:210,deleteEventJob
FNF:10
FNH:9
FNDA:6,insertEventJob
FNDA:1,(anonymous_1)
FNDA:1,(anonymous_2)
FNDA:6,getEventJob
FNDA:1,addJobTypeEvents
FNDA:1,removeJobTypeEvents
FNDA:3,updateJobsOnEventJob
FNDA:0,(anonymous_7)
FNDA:6,patchEventJob
FNDA:3,deleteEventJob
DA:13,2
DA:16,6
DA:17,1
DA:19,5
DA:22,5
DA:23,5
DA:28,3
DA:29,2
DA:31,1
DA:32,1
DA:34,1
DA:35,1
DA:39,1
DA:43,2
DA:44,2
DA:45,2
DA:48,1
DA:49,1
DA:50,1
DA:66,1
DA:67,1
DA:68,2
DA:70,1
DA:72,2
DA:76,6
DA:79,6
DA:80,6
DA:82,2
DA:83,2
DA:86,4
DA:87,1
DA:90,3
DA:102,1
DA:103,1
DA:104,2
DA:117,2
DA:119,2
DA:120,2
DA:122,0
DA:123,0
DA:129,1
DA:131,1
DA:132,1
DA:134,2
DA:135,2
DA:137,2
DA:138,2
DA:139,2
DA:141,0
DA:142,0
DA:149,3
DA:150,3
DA:151,3
DA:156,3
DA:157,3
DA:158,2
DA:159,0
DA:160,0
DA:161,0
DA:162,0
DA:163,0
DA:165,0
DA:167,0
DA:170,1
DA:172,3
DA:176,6
DA:177,1
DA:179,5
DA:182,5
DA:184,5
DA:185,5
DA:187,3
DA:188,2
DA:191,1
DA:192,1
DA:194,1
DA:195,1
DA:199,1
DA:203,2
DA:204,1
DA:206,1
DA:207,1
DA:211,3
DA:214,3
DA:217,3
DA:218,2
DA:222,2
DA:225,2
DA:226,2
DA:228,1
DA:229,1
DA:232,2
DA:233,1
LF:93
LH:82
BRDA:16,0,0,1
BRDA:16,0,1,5
BRDA:28,1,0,2
BRDA:28,1,1,1
BRDA:29,2,0,1
BRDA:29,2,1,1
BRDA:86,3,0,1
BRDA:86,3,1,3
BRDA:160,4,0,0
BRDA:160,4,1,0
BRDA:162,5,0,0
BRDA:162,5,1,0
BRDA:176,6,0,1
BRDA:176,6,1,5
BRDA:187,7,0,2
BRDA:187,7,1,1
BRDA:188,8,0,0
BRDA:188,8,1,1
BRDA:188,8,2,1
BRDA:203,9,0,1
BRDA:203,9,1,1
BRDA:232,10,0,1
BRDA:232,10,1,1
BRF:23
BRH:18
end_of_record
TN:
SF:src/database/eventType.ts
FN:8,insertEventType
FN:38,getEventType
FN:68,getEventTypeList
FN:81,(anonymous_3)
FN:93,patchEventType
FNF:5
FNH:5
FNDA:4,insertEventType
FNDA:3,getEventType
FNDA:2,getEventTypeList
FNDA:1,(anonymous_3)
FNDA:6,patchEventType
DA:9,4
DA:12,4
DA:13,4
DA:19,3
DA:20,2
DA:23,1
DA:24,1
DA:26,1
DA:27,1
DA:31,1
DA:35,1
DA:39,3
DA:42,3
DA:43,3
DA:48,1
DA:49,1
DA:52,2
DA:53,1
DA:56,1
DA:71,2
DA:72,2
DA:75,2
DA:76,2
DA:78,1
DA:79,1
DA:81,1
DA:94,6
DA:95,1
DA:97,5
DA:100,5
DA:102,5
DA:103,5
DA:105,3
DA:106,2
DA:109,1
DA:110,1
DA:112,1
DA:113,1
DA:117,1
DA:121,2
DA:122,1
LF:41
LH:41
BRDA:19,0,0,2
BRDA:19,0,1,1
BRDA:20,1,0,0
BRDA:20,1,1,1
BRDA:20,1,2,1
BRDA:52,2,0,1
BRDA:52,2,1,1
BRDA:94,3,0,1
BRDA:94,3,1,5
BRDA:105,4,0,2
BRDA:105,4,1,1
BRDA:106,5,0,1
BRDA:106,5,1,1
BRDA:106,5,2,1
BRDA:121,6,0,1
BRDA:121,6,1,1
BRF:16
BRH:15
end_of_record
TN:
SF:src/database/job.ts
FN:17,insertJob
FN:46,getJobList
FN:110,(anonymous_2)
FN:146,(anonymous_3)
FN:174,(anonymous_4)
FN:192,(anonymous_5)
FN:197,getJob
FN:235,getOpenEventJob
FN:272,patchJob
FN:304,setJobVerifiedState
FN:312,removeSignup
FN:320,deleteJob
FNF:12
FNH:9
FNDA:2,insertJob
FNDA:2,getJobList
FNDA:2,(anonymous_2)
FNDA:0,(anonymous_3)
FNDA:0,(anonymous_4)
FNDA:0,(anonymous_5)
FNDA:1,getJob
FNDA:1,getOpenEventJob
FNDA:1,patchJob
FNDA:1,setJobVerifiedState
FNDA:1,removeSignup
FNDA:1,deleteJob
DA:9,3
DA:10,3
DA:11,3
DA:15,3
DA:18,2
DA:19,1
DA:21,1
DA:25,1
DA:26,1
DA:28,0
DA:29,0
DA:31,0
DA:32,0
DA:34,0
DA:35,0
DA:39,0
DA:43,1
DA:48,2
DA:49,2
DA:50,2
DA:51,2
DA:52,2
DA:53,2
DA:54,1
DA:55,1
DA:56,1
DA:57,1
DA:58,1
DA:59,0
DA:60,0
DA:62,0
DA:65,1
DA:66,0
DA:67,0
DA:69,1
DA:70,0
DA:71,0
DA:72,0
DA:74,1
DA:75,1
DA:76,1
DA:77,1
DA:79,1
DA:80,0
DA:81,0
DA:83,1
DA:84,0
DA:85,0
DA:87,1
DA:88,0
DA:89,0
DA:91,1
DA:93,1
DA:94,1
DA:96,2
DA:97,2
DA:100,2
DA:102,2
DA:103,2
DA:105,0
DA:106,0
DA:108,2
DA:110,2
DA:135,2
DA:136,0
DA:145,0
DA:146,0
DA:163,2
DA:164,1
DA:173,1
DA:174,1
DA:191,2
DA:192,0
DA:194,2
DA:198,1
DA:201,1
DA:202,1
DA:204,0
DA:205,0
DA:208,1
DA:209,0
DA:212,1
DA:236,1
DA:238,1
DA:239,1
DA:241,0
DA:242,0
DA:245,1
DA:246,0
DA:249,1
DA:273,1
DA:274,0
DA:276,1
DA:280,1
DA:281,1
DA:283,0
DA:284,0
DA:287,0
DA:288,0
DA:290,0
DA:291,0
DA:295,0
DA:299,1
DA:300,1
DA:305,1
DA:309,1
DA:313,1
DA:317,1
DA:321,1
DA:324,1
DA:325,1
DA:327,0
DA:328,0
DA:331,1
DA:332,0
LF:115
LH:71
BRDA:18,0,0,1
BRDA:18,0,1,1
BRDA:28,1,0,0
BRDA:28,1,1,0
BRDA:29,2,0,0
BRDA:29,2,1,0
BRDA:53,3,0,1
BRDA:53,3,1,1
BRDA:58,4,0,0
BRDA:58,4,1,1
BRDA:59,5,0,0
BRDA:59,5,1,0
BRDA:65,6,0,0
BRDA:65,6,1,1
BRDA:69,7,0,0
BRDA:69,7,1,1
BRDA:70,8,0,0
BRDA:70,8,1,0
BRDA:74,9,0,1
BRDA:74,9,1,0
BRDA:79,10,0,0
BRDA:79,10,1,1
BRDA:83,11,0,0
BRDA:83,11,1,1
BRDA:87,12,0,0
BRDA:87,12,1,1
BRDA:130,13,0,0
BRDA:130,13,1,2
BRDA:135,14,0,0
BRDA:135,14,1,2
BRDA:135,15,0,2
BRDA:135,15,1,0
BRDA:145,16,0,0
BRDA:145,16,1,0
BRDA:163,17,0,1
BRDA:163,17,1,1
BRDA:163,18,0,2
BRDA:163,18,1,1
BRDA:173,19,0,1
BRDA:173,19,1,0
BRDA:191,20,0,0
BRDA:191,20,1,2
BRDA:208,21,0,0
BRDA:208,21,1,1
BRDA:245,22,0,0
BRDA:245,22,1,1
BRDA:273,23,0,0
BRDA:273,23,1,1
BRDA:283,24,0,0
BRDA:283,24,1,0
BRDA:284,25,0,0
BRDA:284,25,1,0
BRDA:284,25,2,0
BRDA:299,26,0,1
BRDA:299,26,1,0
BRDA:331,27,0,0
BRDA:331,27,1,1
BRF:57
BRH:25
end_of_record
TN:
SF:src/database/jobType.ts
FN:14,insertJobType
FN:51,getJobType
FN:87,getJobTypeList
FN:98,(anonymous_3)
FN:116,getJobTypesEventList
FN:129,(anonymous_5)
FN:130,(anonymous_6)
FN:150,patchJobType
FNF:8
FNH:8
FNDA:4,insertJobType
FNDA:8,getJobType
FNDA:2,getJobTypeList
FNDA:1,(anonymous_3)
FNDA:3,getJobTypesEventList
FNDA:3,(anonymous_5)
FNDA:2,(anonymous_6)
FNDA:6,patchJobType
DA:8,3
DA:12,3
DA:15,4
DA:29,4
DA:30,4
DA:32,3
DA:33,2
DA:36,1
DA:37,1
DA:39,1
DA:40,1
DA:44,1
DA:48,1
DA:52,8
DA:55,8
DA:56,8
DA:61,1
DA:62,1
DA:65,7
DA:66,1
DA:69,6
DA:88,2
DA:89,2
DA:92,2
DA:93,2
DA:95,1
DA:96,1
DA:98,1
DA:117,3
DA:122,3
DA:123,3
DA:125,1
DA:126,1
DA:129,3
DA:130,2
DA:151,6
DA:152,1
DA:155,5
DA:160,5
DA:176,5
DA:177,5
DA:181,5
DA:182,2
DA:183,2
DA:186,2
DA:189,2
DA:190,2
DA:191,2
DA:193,3
DA:194,2
DA:197,1
DA:198,1
DA:200,1
DA:201,1
DA:205,1
DA:209,2
DA:210,1
DA:211,1
DA:212,1
LF:59
LH:59
BRDA:32,0,0,2
BRDA:32,0,1,1
BRDA:33,1,0,0
BRDA:33,1,1,1
BRDA:33,1,2,1
BRDA:65,2,0,1
BRDA:65,2,1,6
BRDA:151,3,0,1
BRDA:151,3,1,5
BRDA:193,4,0,2
BRDA:193,4,1,1
BRDA:194,5,0,1
BRDA:194,5,1,1
BRDA:194,5,2,1
BRDA:209,6,0,1
BRDA:209,6,1,1
BRF:16
BRH:15
end_of_record
TN:
SF:src/database/link.ts
FN:8,getLinks
FN:19,(anonymous_1)
FNF:2
FNH:2
FNDA:2,getLinks
FNDA:1,(anonymous_1)
DA:9,2
DA:10,2
DA:13,2
DA:14,2
DA:16,1
DA:17,1
DA:19,1
LF:7
LH:7
BRF:0
BRH:0
end_of_record
TN:
SF:src/database/member.ts
FN:29,mapMemberFromResult
FN:30,(anonymous_1)
FN:64,insertMember
FN:117,getMemberList
FN:157,getMember
FN:216,getMemberByPhone
FN:258,getMemberByEmail
FN:306,patchMember
FN:366,getValidActors
FN:378,(anonymous_9)
FN:381,deleteFamilyMember
FN:397,getEligibleVoters
FN:406,(anonymous_12)
FN:419,getMembersWithTag
FNF:14
FNH:14
FNDA:3,mapMemberFromResult
FNDA:3,(anonymous_1)
FNDA:1,insertMember
FNDA:2,getMemberList
FNDA:1,getMember
FNDA:1,getMemberByPhone
FNDA:1,getMemberByEmail
FNDA:1,patchMember
FNDA:1,getValidActors
FNDA:1,(anonymous_9)
FNDA:1,deleteFamilyMember
FNDA:1,getEligibleVoters
FNDA:1,(anonymous_12)
FNDA:1,getMembersWithTag
DA:10,6
DA:17,6
DA:18,6
DA:19,6
DA:20,6
DA:24,6
DA:25,6
DA:30,3
DA:61,3
DA:65,1
DA:66,0
DA:67,0
DA:68,0
DA:69,0
DA:70,0
DA:71,0
DA:73,0
DA:74,0
DA:77,1
DA:95,1
DA:96,1
DA:98,0
DA:99,0
DA:102,0
DA:103,0
DA:105,0
DA:106,0
DA:110,0
DA:114,1
DA:119,2
DA:120,2
DA:121,1
DA:122,1
DA:123,1
DA:124,1
DA:127,1
DA:129,1
DA:130,1
DA:131,0
DA:132,0
DA:135,1
DA:136,1
DA:137,1
DA:139,0
DA:142,1
DA:143,1
DA:145,2
DA:147,2
DA:148,2
DA:150,0
DA:151,0
DA:154,2
DA:158,1
DA:162,1
DA:164,0
DA:165,0
DA:167,1
DA:168,1
DA:171,1
DA:172,1
DA:174,0
DA:175,0
DA:178,1
DA:179,0
DA:181,1
DA:218,1
DA:219,1
DA:220,1
DA:222,0
DA:223,0
DA:225,1
DA:260,1
DA:261,1
DA:262,1
DA:263,1
DA:264,1
DA:265,1
DA:267,1
DA:269,0
DA:270,0
DA:272,1
DA:273,1
DA:274,1
DA:303,1
DA:307,1
DA:308,0
DA:310,1
DA:327,1
DA:328,1
DA:329,1
DA:333,1
DA:334,0
DA:339,1
DA:340,1
DA:345,0
DA:346,0
DA:349,0
DA:350,0
DA:352,0
DA:353,0
DA:357,0
DA:361,1
DA:362,0
DA:367,1
DA:369,1
DA:370,1
DA:372,0
DA:373,0
DA:375,1
DA:376,0
DA:378,1
DA:384,1
DA:385,1
DA:388,1
DA:389,1
DA:391,0
DA:392,0
DA:394,1
DA:398,1
DA:400,1
DA:401,1
DA:403,0
DA:404,0
DA:406,1
DA:421,1
DA:429,1
DA:430,1
DA:432,0
DA:433,0
DA:435,1
LF:130
LH:82
BRDA:65,0,0,0
BRDA:65,0,1,1
BRDA:98,1,0,0
BRDA:98,1,1,0
BRDA:99,2,0,0
BRDA:99,2,1,0
BRDA:99,2,2,0
BRDA:120,3,0,1
BRDA:120,3,1,1
BRDA:123,4,0,1
BRDA:123,4,1,0
BRDA:127,5,0,1
BRDA:127,5,1,0
BRDA:130,6,0,0
BRDA:130,6,1,1
BRDA:136,7,0,1
BRDA:136,7,1,0
BRDA:162,8,0,0
BRDA:162,8,1,1
BRDA:178,9,0,0
BRDA:178,9,1,1
BRDA:263,10,0,1
BRDA:263,10,1,0
BRDA:273,11,0,1
BRDA:273,11,1,0
BRDA:307,12,0,0
BRDA:307,12,1,1
BRDA:333,13,0,0
BRDA:333,13,1,1
BRDA:339,14,0,0
BRDA:339,14,1,1
BRDA:345,15,0,0
BRDA:345,15,1,0
BRDA:346,16,0,0
BRDA:346,16,1,0
BRDA:346,16,2,0
BRDA:361,17,0,0
BRDA:361,17,1,1
BRDA:375,18,0,0
BRDA:375,18,1,1
BRF:40
BRH:16
end_of_record
TN:
SF:src/database/memberCommunication.ts
FN:7,getMemberCommunications
FN:25,(anonymous_1)
FN:38,getMemberCommunicationById
FN:70,insertMemberCommunication
FNF:4
FNH:4
FNDA:1,getMemberCommunications
FNDA:1,(anonymous_1)
FNDA:2,getMemberCommunicationById
FNDA:1,insertMemberCommunication
DA:8,1
DA:16,1
DA:19,1
DA:20,1
DA:22,0
DA:23,0
DA:25,1
DA:39,2
DA:47,2
DA:50,2
DA:51,2
DA:53,0
DA:54,0
DA:56,2
DA:74,1
DA:80,1
DA:81,1
DA:82,1
DA:83,1
DA:85,0
DA:86,0
DA:88,1
DA:89,1
LF:23
LH:17
BRF:0
BRH:0
end_of_record
TN:
SF:src/database/memberType.ts
FN:10,getMemberType
FN:36,getMembershipType
FN:60,getMembershipTypes
FN:74,(anonymous_3)
FN:82,getMemberTypeList
FN:93,(anonymous_5)
FN:101,patchMemberType
FN:124,getMembershipTypeCounts
FN:143,(anonymous_8)
FNF:9
FNH:9
FNDA:3,getMemberType
FNDA:3,getMembershipType
FNDA:3,getMembershipTypes
FNDA:1,(anonymous_3)
FNDA:2,getMemberTypeList
FNDA:1,(anonymous_5)
FNDA:4,patchMemberType
FNDA:2,getMembershipTypeCounts
FNDA:1,(anonymous_8)
DA:8,3
DA:11,3
DA:14,3
DA:15,3
DA:20,1
DA:21,1
DA:24,2
DA:25,1
DA:28,1
DA:37,3
DA:40,3
DA:42,3
DA:44,1
DA:45,1
DA:48,2
DA:49,1
DA:52,1
DA:62,3
DA:64,3
DA:66,1
DA:67,1
DA:70,2
DA:71,1
DA:74,1
DA:83,2
DA:84,2
DA:87,2
DA:88,2
DA:90,1
DA:91,1
DA:93,1
DA:102,4
DA:103,1
DA:106,3
DA:109,3
DA:110,3
DA:115,1
DA:116,1
DA:119,2
DA:120,1
DA:125,2
DA:134,2
DA:137,2
DA:138,2
DA:140,1
DA:141,1
DA:143,1
LF:47
LH:47
BRDA:24,0,0,1
BRDA:24,0,1,1
BRDA:48,1,0,1
BRDA:48,1,1,1
BRDA:70,2,0,1
BRDA:70,2,1,1
BRDA:102,3,0,1
BRDA:102,3,1,3
BRDA:119,4,0,1
BRDA:119,4,1,1
BRF:10
BRH:10
end_of_record
TN:
SF:src/database/membership.ts
FN:29,insertMembership
FN:68,getMembershipList
FN:88,(anonymous_2)
FN:106,getMembership
FN:139,patchMembership
FN:188,markMembershipFormer
FN:204,getBaseDues
FN:222,upgradeMembershipSenior
FNF:8
FNH:8
FNDA:1,insertMembership
FNDA:2,getMembershipList
FNDA:2,(anonymous_2)
FNDA:1,getMembership
FNDA:1,patchMembership
FNDA:1,markMembershipFormer
FNDA:1,getBaseDues
FNDA:1,upgradeMembershipSenior
DA:13,6
DA:19,6
DA:20,6
DA:21,6
DA:22,6
DA:23,6
DA:27,6
DA:30,1
DA:31,0
DA:34,1
DA:47,1
DA:48,1
DA:50,0
DA:51,0
DA:53,0
DA:54,0
DA:56,0
DA:57,0
DA:61,0
DA:65,1
DA:70,2
DA:71,2
DA:72,1
DA:75,1
DA:77,1
DA:81,2
DA:82,2
DA:84,0
DA:85,0
DA:88,2
DA:107,1
DA:110,1
DA:111,1
DA:113,0
DA:114,0
DA:117,1
DA:118,0
DA:121,1
DA:140,1
DA:141,0
DA:144,1
DA:160,1
DA:161,1
DA:162,1
DA:163,1
DA:164,1
DA:167,0
DA:168,0
DA:171,0
DA:172,0
DA:174,0
DA:175,0
DA:179,0
DA:183,1
DA:184,0
DA:189,1
DA:192,1
DA:194,1
DA:195,1
DA:197,0
DA:198,0
DA:201,1
DA:205,1
DA:208,1
DA:209,1
DA:211,0
DA:212,0
DA:215,1
DA:216,0
DA:219,1
DA:223,1
DA:224,1
DA:228,1
DA:229,1
DA:231,0
DA:232,0
DA:235,1
LF:77
LH:48
BRDA:30,0,0,0
BRDA:30,0,1,1
BRDA:50,1,0,0
BRDA:50,1,1,0
BRDA:51,2,0,0
BRDA:51,2,1,0
BRDA:71,3,0,1
BRDA:71,3,1,1
BRDA:75,4,0,1
BRDA:75,4,1,0
BRDA:117,5,0,0
BRDA:117,5,1,1
BRDA:140,6,0,0
BRDA:140,6,1,1
BRDA:162,7,0,1
BRDA:162,7,1,0
BRDA:167,8,0,0
BRDA:167,8,1,0
BRDA:168,9,0,0
BRDA:168,9,1,0
BRDA:168,9,2,0
BRDA:183,10,0,0
BRDA:183,10,1,1
BRDA:215,11,0,0
BRDA:215,11,1,1
BRF:25
BRH:9
end_of_record
TN:
SF:src/database/membershipApplication.ts
FN:7,insertMembershipApplication
FN:23,getMembershipApplications
FN:36,(anonymous_2)
FN:48,getMembershipApplication
FN:70,applicationExistsForEmail
FN:84,updateApplicationStatus
FNF:6
FNH:6
FNDA:1,insertMembershipApplication
FNDA:1,getMembershipApplications
FNDA:1,(anonymous_2)
FNDA:2,getMembershipApplication
FNDA:2,applicationExistsForEmail
FNDA:1,updateApplicationStatus
DA:8,1
DA:9,1
DA:12,1
DA:13,1
DA:14,1
DA:15,1
DA:17,0
DA:18,0
DA:20,1
DA:25,1
DA:28,1
DA:29,1
DA:32,0
DA:33,0
DA:35,1
DA:36,1
DA:37,1
DA:38,1
DA:39,1
DA:40,1
DA:41,1
DA:42,1
DA:43,1
DA:45,1
DA:50,2
DA:53,2
DA:55,2
DA:57,0
DA:58,0
DA:60,2
DA:61,2
DA:63,2
DA:64,2
DA:65,2
DA:66,2
DA:67,2
DA:72,2
DA:74,2
DA:76,2
DA:78,0
DA:79,0
DA:81,2
DA:92,1
DA:94,1
DA:97,1
DA:98,1
DA:100,0
DA:101,0
LF:48
LH:38
BRF:0
BRH:0
end_of_record
TN:
SF:src/database/membershipTags.ts
FN:8,mapResultsToTags
FN:10,(anonymous_1)
FN:23,getMembershipTags
FN:38,createMembershipTag
FN:44,(anonymous_4)
FN:55,deleteMembershipTag
FN:59,(anonymous_6)
FN:69,cleanMembershipTags
FN:80,getUniqueTags
FNF:9
FNH:9
FNDA:5,mapResultsToTags
FNDA:2,(anonymous_1)
FNDA:4,getMembershipTags
FNDA:1,createMembershipTag
FNDA:2,(anonymous_4)
FNDA:1,deleteMembershipTag
FNDA:1,(anonymous_6)
FNDA:1,cleanMembershipTags
FNDA:1,getUniqueTags
DA:9,5
DA:10,5
DA:11,2
DA:18,2
DA:20,5
DA:26,4
DA:27,4
DA:33,0
DA:35,4
DA:42,1
DA:43,1
DA:44,1
DA:45,2
DA:48,0
DA:50,1
DA:51,1
DA:56,1
DA:58,1
DA:59,1
DA:60,1
DA:63,0
DA:65,1
DA:66,1
DA:70,1
DA:71,1
DA:72,1
DA:74,0
DA:76,1
DA:77,1
DA:83,1
DA:85,1
DA:87,0
DA:89,1
LF:33
LH:28
BRF:0
BRH:0
end_of_record
TN:
SF:src/database/paidLabor.ts
FN:7,getPaidLabor
FN:17,(anonymous_1)
FN:28,getPaidLaborById
FN:50,deletePaidLaborById
FN:68,createPaidLabor
FN:93,updatePaidLabor
FNF:6
FNH:6
FNDA:2,getPaidLabor
FNDA:1,(anonymous_1)
FNDA:4,getPaidLaborById
FNDA:3,deletePaidLaborById
FNDA:3,createPaidLabor
FNDA:3,updatePaidLabor
DA:8,2
DA:11,2
DA:12,2
DA:14,1
DA:15,1
DA:17,1
DA:29,4
DA:30,4
DA:33,4
DA:34,4
DA:36,1
DA:37,1
DA:39,3
DA:51,3
DA:54,3
DA:56,3
DA:58,1
DA:59,1
DA:62,2
DA:63,1
DA:65,1
DA:69,3
DA:74,3
DA:75,3
DA:82,1
DA:83,1
DA:86,2
DA:87,1
DA:89,1
DA:90,1
DA:94,3
DA:99,3
DA:100,3
DA:107,1
DA:108,1
DA:111,2
DA:112,1
DA:114,1
DA:115,1
LF:39
LH:39
BRDA:62,0,0,1
BRDA:62,0,1,1
BRDA:86,1,0,1
BRDA:86,1,1,1
BRDA:111,2,0,1
BRDA:111,2,1,1
BRF:6
BRH:6
end_of_record
TN:
SF:src/database/pool.ts
FN:18,initConfig
FN:36,getPool
FN:44,(anonymous_2)
FN:72,destroyPool
FNF:4
FNH:4
FNDA:36,initConfig
FNDA:3,getPool
FNDA:8,(anonymous_2)
FNDA:1,destroyPool
DA:5,34
DA:6,34
DA:11,34
DA:19,36
DA:20,36
DA:21,36
DA:22,36
DA:23,4
DA:24,32
DA:25,32
DA:27,36
DA:28,36
DA:29,36
DA:30,36
DA:31,36
DA:34,34
DA:37,3
DA:44,2
DA:45,8
DA:46,0
DA:47,0
DA:53,2
DA:54,2
DA:56,2
DA:67,2
DA:69,3
DA:73,1
DA:74,1
DA:75,1
LF:29
LH:27
BRDA:22,0,0,4
BRDA:22,0,1,32
BRDA:22,1,0,36
BRDA:22,1,1,4
BRDA:24,2,0,32
BRDA:24,2,1,0
BRDA:27,3,0,36
BRDA:27,3,1,32
BRDA:27,3,2,32
BRDA:28,4,0,36
BRDA:28,4,1,32
BRDA:28,4,2,32
BRDA:29,5,0,36
BRDA:29,5,1,32
BRDA:29,5,2,32
BRDA:30,6,0,36
BRDA:30,6,1,32
BRDA:30,6,2,32
BRDA:37,7,0,2
BRDA:37,7,1,1
BRDA:45,8,0,0
BRDA:45,8,1,8
BRDA:53,9,0,2
BRDA:53,9,1,2
BRDA:54,10,0,2
BRDA:54,10,1,2
BRDA:73,11,0,1
BRDA:73,11,1,0
BRF:28
BRH:25
end_of_record
TN:
SF:src/database/ridingAreaStatus.ts
FN:10,getRidingAreaStatuses
FN:24,(anonymous_1)
FN:31,flipRidingAreaStatus
FNF:3
FNH:3
FNDA:2,getRidingAreaStatuses
FNDA:1,(anonymous_1)
FNDA:2,flipRidingAreaStatus
DA:14,2
DA:15,2
DA:18,2
DA:19,2
DA:21,1
DA:22,1
DA:24,1
DA:32,2
DA:34,2
DA:35,2
DA:37,1
DA:38,1
DA:40,2
LF:13
LH:13
BRF:0
BRH:0
end_of_record
TN:
SF:src/database/tenant.ts
FN:7,getTenants
FN:16,(anonymous_1)
FN:27,getTenantById
FNF:3
FNH:3
FNDA:3,getTenants
FNDA:1,(anonymous_1)
FNDA:4,getTenantById
DA:8,3
DA:10,3
DA:11,3
DA:13,1
DA:14,1
DA:16,2
DA:28,4
DA:30,4
DA:31,4
DA:33,1
DA:34,1
DA:36,3
DA:37,1
DA:39,2
DA:40,2
LF:15
LH:15
BRDA:36,0,0,1
BRDA:36,0,1,2
BRF:2
BRH:2
end_of_record
TN:
SF:src/database/workPoints.ts
FN:12,getWorkPointsByMember
FN:32,getWorkPointsByMembership
FN:53,getWorkPointsList
FN:67,(anonymous_3)
FNF:4
FNH:4
FNDA:3,getWorkPointsByMember
FNDA:2,getWorkPointsByMembership
FNDA:2,getWorkPointsList
FNDA:1,(anonymous_3)
DA:8,3
DA:10,3
DA:13,3
DA:16,3
DA:17,3
DA:19,1
DA:20,1
DA:22,2
DA:23,1
DA:26,1
DA:33,2
DA:36,2
DA:37,2
DA:39,1
DA:40,1
DA:43,1
DA:44,1
DA:45,0
DA:48,1
DA:54,2
DA:59,2
DA:60,2
DA:61,2
DA:63,1
DA:64,1
DA:65,1
DA:67,1
LF:27
LH:26
BRDA:22,0,0,1
BRDA:22,0,1,1
BRDA:44,1,0,0
BRDA:44,1,1,1
BRF:4
BRH:3
end_of_record
TN:
SF:src/util/auth.ts
FN:10,(anonymous_0)
FN:28,(anonymous_1)
FN:91,(anonymous_2)
FN:124,validateAdminAccess
FNF:4
FNH:4
FNDA:3,(anonymous_0)
FNDA:14,(anonymous_1)
FNDA:8,(anonymous_2)
FNDA:3,validateAdminAccess
DA:10,1
DA:11,3
DA:12,3
DA:13,1
DA:14,1
DA:16,2
DA:17,1
DA:18,1
DA:20,1
DA:21,1
DA:28,1
DA:29,14
DA:31,0
DA:33,14
DA:34,14
DA:35,12
DA:36,12
DA:37,11
DA:38,11
DA:39,11
DA:40,11
DA:41,5
DA:43,11
DA:44,4
DA:45,1
DA:47,7
DA:48,4
DA:49,4
DA:51,2
DA:52,2
DA:53,1
DA:57,2
DA:60,3
DA:61,3
DA:62,1
DA:64,2
DA:66,2
DA:67,2
DA:68,1
DA:73,6
DA:74,6
DA:76,8
DA:77,8
DA:78,8
DA:79,4
DA:81,4
DA:91,1
DA:93,8
DA:94,8
DA:95,8
DA:96,1
DA:102,7
DA:103,7
DA:104,7
DA:105,3
DA:106,3
DA:107,4
DA:108,1
DA:109,1
DA:111,3
DA:112,3
DA:113,3
DA:115,7
DA:125,3
DA:126,3
DA:127,3
DA:128,3
DA:129,1
DA:131,2
DA:132,2
DA:134,1
DA:135,1
DA:138,1
LF:73
LH:72
BRDA:12,0,0,1
BRDA:12,0,1,2
BRDA:16,1,0,1
BRDA:16,1,1,1
BRDA:29,2,0,0
BRDA:29,2,1,14
BRDA:36,3,0,11
BRDA:36,3,1,1
BRDA:40,4,0,5
BRDA:40,4,1,6
BRDA:43,5,0,4
BRDA:43,5,1,7
BRDA:44,6,0,1
BRDA:44,6,1,3
BRDA:44,7,0,4
BRDA:44,7,1,2
BRDA:47,8,0,4
BRDA:47,8,1,3
BRDA:48,9,0,4
BRDA:48,9,1,0
BRDA:49,10,0,2
BRDA:49,10,1,2
BRDA:52,11,0,1
BRDA:52,11,1,1
BRDA:60,12,0,3
BRDA:60,12,1,0
BRDA:61,13,0,1
BRDA:61,13,1,2
BRDA:64,14,0,2
BRDA:64,14,1,0
BRDA:67,15,0,1
BRDA:67,15,1,1
BRDA:78,16,0,4
BRDA:78,16,1,4
BRDA:95,17,0,1
BRDA:95,17,1,7
BRDA:104,18,0,3
BRDA:104,18,1,4
BRDA:107,19,0,1
BRDA:107,19,1,3
BRDA:128,20,0,1
BRDA:128,20,1,2
BRF:42
BRH:38
end_of_record
TN:
SF:src/util/billing.ts
FN:36,generateNewBills
FN:45,(anonymous_1)
FN:49,(anonymous_2)
FN:62,(anonymous_3)
FN:69,(anonymous_4)
FN:72,(anonymous_5)
FN:102,processBillPayment
FN:117,runBillingComplete
FN:130,runBillingCompleteCurrent
FN:136,generateSquareLinks
FNF:10
FNH:8
FNDA:6,generateNewBills
FNDA:6,(anonymous_1)
FNDA:2,(anonymous_2)
FNDA:1,(anonymous_3)
FNDA:0,(anonymous_4)
FNDA:0,(anonymous_5)
FNDA:2,processBillPayment
FNDA:2,runBillingComplete
FNDA:1,runBillingCompleteCurrent
FNDA:2,generateSquareLinks
DA:44,6
DA:45,6
DA:47,6
DA:49,2
DA:51,5
DA:52,5
DA:53,5
DA:54,5
DA:55,5
DA:58,5
DA:59,5
DA:60,1
DA:62,5
DA:64,5
DA:65,1
DA:66,1
DA:68,5
DA:69,5
DA:72,5
DA:73,5
DA:82,4
DA:84,2
DA:87,4
DA:88,1
DA:90,1
DA:94,1
DA:98,6
DA:99,6
DA:103,2
DA:104,2
DA:105,2
DA:106,2
DA:107,2
DA:109,2
DA:110,1
DA:111,1
DA:112,1
DA:114,2
DA:121,2
DA:122,2
DA:124,2
DA:125,2
DA:126,2
DA:127,2
DA:131,1
DA:132,1
DA:133,1
DA:137,2
DA:140,2
DA:141,1
DA:143,2
DA:144,2
DA:147,2
DA:149,2
DA:151,3
DA:154,1
DA:155,1
DA:156,1
DA:157,1
DA:160,1
DA:161,1
DA:162,1
DA:164,3
DA:166,2
LF:64
LH:64
BRDA:47,0,0,5
BRDA:47,0,1,1
BRDA:59,1,0,1
BRDA:59,1,1,4
BRDA:64,2,0,1
BRDA:64,2,1,4
BRDA:69,3,0,0
BRDA:69,3,1,0
BRDA:82,4,0,2
BRDA:82,4,1,2
BRDA:87,5,0,1
BRDA:87,5,1,3
BRDA:87,6,0,4
BRDA:87,6,1,1
BRDA:109,7,0,1
BRDA:109,7,1,1
BRDA:121,8,0,2
BRDA:121,8,1,0
BRDA:125,9,0,2
BRDA:125,9,1,0
BRDA:126,10,0,2
BRDA:126,10,1,0
BRDA:140,11,0,1
BRDA:140,11,1,1
BRDA:143,12,0,2
BRDA:143,12,1,0
BRDA:151,13,0,1
BRDA:151,13,1,2
BRDA:151,14,0,3
BRDA:151,14,1,2
BRDA:160,15,0,1
BRDA:160,15,1,0
BRF:32
BRH:25
end_of_record
TN:
SF:src/util/cognito.ts
FN:15,createCognitoUser
FN:68,deleteCognitoUser
FN:80,updateCognitoUserEmail
FN:102,resetCognitoPassword
FNF:4
FNH:4
FNDA:3,createCognitoUser
FNDA:1,deleteCognitoUser
FNDA:1,updateCognitoUserEmail
FNDA:2,resetCognitoPassword
DA:16,3
DA:17,3
DA:18,3
DA:19,3
DA:37,3
DA:38,3
DA:39,3
DA:40,3
DA:41,3
DA:42,3
DA:47,2
DA:48,2
DA:49,2
DA:50,1
DA:55,1
DA:56,1
DA:60,1
DA:61,1
DA:62,1
DA:65,2
DA:69,1
DA:70,1
DA:71,1
DA:72,1
DA:76,1
DA:77,1
DA:81,1
DA:82,1
DA:83,1
DA:84,1
DA:98,1
DA:99,1
DA:103,2
DA:104,2
DA:105,2
DA:107,2
DA:108,1
DA:113,1
DA:120,2
DA:121,2
DA:122,2
LF:41
LH:41
BRDA:16,0,0,3
BRDA:16,0,1,0
BRDA:40,1,0,3
BRDA:40,1,1,0
BRDA:49,2,0,1
BRDA:49,2,1,1
BRDA:70,3,0,1
BRDA:70,3,1,0
BRDA:82,4,0,1
BRDA:82,4,1,0
BRDA:104,5,0,2
BRDA:104,5,1,0
BRDA:107,6,0,1
BRDA:107,6,1,1
BRF:14
BRH:9
end_of_record
TN:
SF:src/util/dateHelper.ts
FN:9,calculateStartDate
FN:27,calculateBillingYear
FN:46,calculateApplicationYear
FNF:3
FNH:3
FNDA:8,calculateStartDate
FNDA:2,calculateBillingYear
FNDA:3,calculateApplicationYear
DA:10,8
DA:11,8
DA:13,1
DA:15,8
DA:16,8
DA:28,2
DA:29,2
DA:30,2
DA:31,2
DA:32,1
DA:34,2
DA:47,3
DA:48,3
DA:49,3
DA:50,3
DA:51,1
DA:53,3
LF:17
LH:17
BRDA:11,0,0,1
BRDA:11,0,1,7
BRDA:31,1,0,1
BRDA:31,1,1,1
BRDA:50,2,0,1
BRDA:50,2,1,2
BRF:6
BRH:6
end_of_record
TN:
SF:src/util/email.ts
FN:11,getEmailById
FN:21,(anonymous_1)
FN:33,sendTextEmail
FN:72,addNameToEmail
FN:76,sendAppConfirmationEmail
FN:84,(anonymous_5)
FN:89,sendNewMemberEmail
FN:100,sendAppRejectedEmail
FN:112,sendConfirmationEmail
FN:120,sendPaymentConfirmationEmail
FN:124,sendInsuranceConfirmEmail
FN:128,sendPasswordReset
FNF:12
FNH:12
FNDA:8,getEmailById
FNDA:7,(anonymous_1)
FNDA:9,sendTextEmail
FNDA:6,addNameToEmail
FNDA:1,sendAppConfirmationEmail
FNDA:1,(anonymous_5)
FNDA:2,sendNewMemberEmail
FNDA:2,sendAppRejectedEmail
FNDA:2,sendConfirmationEmail
FNDA:1,sendPaymentConfirmationEmail
FNDA:1,sendInsuranceConfirmEmail
FNDA:1,sendPasswordReset
DA:12,8
DA:14,8
DA:16,8
DA:18,1
DA:20,8
DA:21,8
DA:30,8
DA:34,9
DA:35,9
DA:36,9
DA:37,9
DA:38,9
DA:56,9
DA:61,9
DA:63,8
DA:64,8
DA:67,1
DA:68,1
DA:73,6
DA:77,1
DA:78,1
DA:79,1
DA:80,1
DA:82,1
DA:83,1
DA:84,1
DA:85,1
DA:86,1
DA:90,2
DA:91,2
DA:92,1
DA:93,1
DA:95,1
DA:96,1
DA:97,1
DA:101,2
DA:102,2
DA:103,2
DA:104,1
DA:107,2
DA:108,2
DA:109,2
DA:113,2
DA:114,2
DA:115,2
DA:116,2
DA:117,2
DA:121,1
DA:125,1
DA:129,1
DA:130,1
DA:131,1
DA:132,1
DA:133,1
DA:134,1
DA:135,1
LF:56
LH:56
BRDA:21,0,0,8
BRDA:21,0,1,1
BRDA:84,1,0,1
BRDA:84,1,1,0
BRDA:92,2,0,1
BRDA:92,2,1,0
BRDA:103,3,0,1
BRDA:103,3,1,1
BRF:8
BRH:6
end_of_record
TN:
SF:src/util/environmentWrapper.ts
FN:17,getEnvironmentParameter
FN:38,getCognitoPoolId
FN:42,getCognitoClientId
FN:46,getConnectionObject
FNF:4
FNH:4
FNDA:4,getEnvironmentParameter
FNDA:1,getCognitoPoolId
FNDA:1,getCognitoClientId
FNDA:1,getConnectionObject
DA:8,1
DA:12,1
DA:15,1
DA:18,4
DA:19,4
DA:20,0
DA:22,4
DA:23,4
DA:24,4
DA:28,3
DA:29,3
DA:30,3
DA:31,3
DA:33,1
DA:35,1
DA:39,1
DA:43,1
DA:47,1
DA:50,1
DA:51,1
LF:20
LH:19
BRDA:19,0,0,0
BRDA:19,0,1,4
BRDA:29,1,0,3
BRDA:29,1,1,0
BRDA:51,2,0,1
BRDA:51,2,1,0
BRF:6
BRH:3
end_of_record
TN:
SF:src/util/s3.ts
FN:8,getBackupFile
FNF:1
FNH:1
FNDA:3,getBackupFile
DA:9,3
DA:10,3
DA:11,3
DA:12,3
DA:17,3
DA:18,3
DA:19,1
DA:20,1
DA:21,1
DA:22,1
DA:24,2
DA:25,1
DA:27,1
DA:29,2
LF:14
LH:14
BRDA:20,0,0,1
BRDA:20,0,1,0
BRDA:24,1,0,1
BRDA:24,1,1,1
BRDA:24,2,0,2
BRDA:24,2,1,1
BRF:6
BRH:5
end_of_record
TN:
SF:src/util/sqspublisher.ts
FN:6,publishCommunicationSqs
FN:20,(anonymous_1)
FNF:2
FNH:2
FNDA:2,publishCommunicationSqs
FNDA:2,(anonymous_1)
DA:8,2
DA:9,2
DA:10,2
DA:12,2
DA:13,2
DA:14,2
DA:15,2
DA:16,2
DA:17,2
DA:21,2
DA:23,1
DA:24,1
DA:25,1
DA:27,1
DA:29,1
DA:31,2
LF:16
LH:16
BRDA:21,0,0,1
BRDA:21,0,1,1
BRF:2
BRH:2
end_of_record
